<?xml version="1.0" encoding="UTF-8" ?>
<testsuite errors="0" failures="2" hostname="iono-VirtualBox" name="xss_injection.AA.xss_index_php_19" skipped="0" tests="2" time="33.321" timestamp="2014-05-14T17:34:38">
  <properties>
    <property name="netbeans.autoupdate.country" value="US" />
    <property name="javac.test.classpath" value="/usr/share/netbeans/7.0.1/platform/modules/ext/junit-4.8.2.jar:../jwebunit/jwebunit-core-3.2.jar:../jwebunit/jwebunit-htmlunit-plugin-3.2.jar:../jwebunit/lib/commons-codec-1.9.jar:../jwebunit/lib/commons-collections-3.2.1.jar:../jwebunit/lib/commons-io-2.4.jar:../jwebunit/lib/commons-lang-2.6.jar:../jwebunit/lib/commons-lang3-3.2.1.jar:../jwebunit/lib/cssparser-0.9.13.jar:../jwebunit/lib/htmlunit-2.14.jar:../jwebunit/lib/htmlunit-core-js-2.14.jar:../jwebunit/lib/httpclient-4.3.2.jar:../jwebunit/lib/httpcore-4.3.1.jar:../jwebunit/lib/httpmime-4.3.2.jar:../jwebunit/lib/jcl-over-slf4j-1.6.6.jar:../jwebunit/lib/jetty-http-8.1.14.v20131031.jar:../jwebunit/lib/jetty-io-8.1.14.v20131031.jar:../jwebunit/lib/jetty-util-8.1.14.v20131031.jar:../jwebunit/lib/jetty-websocket-8.1.14.v20131031.jar:../jwebunit/lib/jwebunit-core-3.2.jar:../jwebunit/lib/logback-classic-1.0.6.jar:../jwebunit/lib/logback-core-1.0.6.jar:../jwebunit/lib/nekohtml-1.9.20.jar:../jwebunit/lib/regexp-1.3.jar:../jwebunit/lib/sac-1.3.jar:../jwebunit/lib/serializer-2.7.1.jar:../jwebunit/lib/servlet-api-2.5.jar:../jwebunit/lib/slf4j-api-1.6.6.jar:../jwebunit/lib/xalan-2.7.1.jar:../jwebunit/lib/xercesImpl-2.11.0.jar:../jwebunit/lib/xml-apis-1.4.01.jar:/usr/share/netbeans/7.0.1/ide/modules/ext/mysql-connector-java-5.1.13-bin.jar:build/classes:../jwebunit/lib/commons-codec-1.9.jar:../jwebunit/jwebunit-core-3.2.jar:../jwebunit/jwebunit-htmlunit-plugin-3.2.jar:../jwebunit/lib/commons-collections-3.2.1.jar:../jwebunit/lib/commons-io-2.4.jar:../jwebunit/lib/commons-lang-2.6.jar:../jwebunit/lib/commons-lang3-3.2.1.jar:../jwebunit/lib/cssparser-0.9.13.jar:../jwebunit/lib/htmlunit-2.14.jar:../jwebunit/lib/htmlunit-core-js-2.14.jar:../jwebunit/lib/httpclient-4.3.2.jar:../jwebunit/lib/httpcore-4.3.1.jar:../jwebunit/lib/httpmime-4.3.2.jar:../jwebunit/lib/jcl-over-slf4j-1.6.6.jar:../jwebunit/lib/jetty-http-8.1.14.v20131031.jar:../jwebunit/lib/jetty-io-8.1.14.v20131031.jar:../jwebunit/lib/jetty-util-8.1.14.v20131031.jar:../jwebunit/lib/jetty-websocket-8.1.14.v20131031.jar:../jwebunit/lib/jwebunit-core-3.2.jar:../jwebunit/lib/logback-classic-1.0.6.jar:../jwebunit/lib/logback-core-1.0.6.jar:../jwebunit/lib/nekohtml-1.9.20.jar:../jwebunit/lib/regexp-1.3.jar:../jwebunit/lib/sac-1.3.jar:../jwebunit/lib/serializer-2.7.1.jar:../jwebunit/lib/servlet-api-2.5.jar:../jwebunit/lib/slf4j-api-1.6.6.jar:../jwebunit/lib/xalan-2.7.1.jar:../jwebunit/lib/xercesImpl-2.11.0.jar:../jwebunit/lib/xml-apis-1.4.01.jar:/usr/share/netbeans/7.0.1/platform/modules/ext/junit-4.8.2.jar:/usr/share/netbeans/7.0.1/ide/modules/ext/mysql-connector-java-5.1.13-bin.jar" />
    <property name="file.reference.httpcore-4.3.1.jar" value="../jwebunit/lib/httpcore-4.3.1.jar" />
    <property name="libs.junit.javadoc" value="/usr/share/doc/junit-doc/doc/api" />
    <property name="javac.includes" value="xss_injection/AA/xss_index_php_19.java" />
    <property name="ant.core.lib" value="/usr/share/netbeans/7.0.1/java/ant/lib/ant.jar" />
    <property name="file.reference.serializer-2.7.1.jar" value="../jwebunit/lib/serializer-2.7.1.jar" />
    <property name="libs.swing-app-framework.src" value="" />
    <property name="javadoc.windowtitle" value="" />
    <property name="user.dir" value="/home/iono/Desktop/Security Testing/Testing-SchoolMate" />
    <property name="java.vm.version" value="25.5-b02" />
    <property name="libs.MySQLDriver.classpath" value="/usr/share/netbeans/7.0.1/ide/modules/ext/mysql-connector-java-5.1.13-bin.jar" />
    <property name="javadoc.notree" value="false" />
    <property name="netbeans.autoupdate.version" value="1.23" />
    <property name="ant.file.type.Testing-SchoolMate-impl" value="file" />
    <property name="jdk.home" value="/usr/lib/jvm/java-6-openjdk-i386" />
    <property name="libs.javac-api.src" value="" />
    <property name="javadoc.noindex" value="false" />
    <property name="sun.os.patch.level" value="unknown" />
    <property name="do.archive+manifest.available" value="true" />
    <property name="java.vm.specification.name" value="Java Virtual Machine Specification" />
    <property name="nb.show.statistics.ui" value="usageStatisticsEnabled" />
    <property name="netbeans.autoupdate.variant" value="" />
    <property name="have.tests" value="true" />
    <property name="file.reference.slf4j-api-1.6.6.jar" value="../jwebunit/lib/slf4j-api-1.6.6.jar" />
    <property name="org.xml.sax.driver" value="com.sun.org.apache.xerces.internal.jaxp.SAXParserImpl$JAXPSAXParser" />
    <property name="libs.javac-api.javadoc" value="" />
    <property name="os.name" value="Linux" />
    <property name="file.reference.jwebunit-core-3.2.jar" value="../jwebunit/jwebunit-core-3.2.jar" />
    <property name="libs.beans-binding.classpath" value="/usr/share/netbeans/7.0.1/java/modules/ext/beansbinding-1.2.1.jar" />
    <property name="ant.file.Testing-SchoolMate" value="/home/iono/Desktop/Security Testing/Testing-SchoolMate/build.xml" />
    <property name="ap.proc.none.internal" value="" />
    <property name="libs.JWSAntTasks.maven-pom" value="" />
    <property name="jnlp.signing.keystore" value="" />
    <property name="java.vendor.url.bug" value="http://bugreport.sun.com/bugreport/" />
    <property name="os.arch" value="i386" />
    <property name="user.name" value="iono" />
    <property name="libs.swing-layout.maven-pom" value="" />
    <property name="sun.java.command" value="org.apache.tools.ant.taskdefs.optional.junit.JUnitTestRunner xss_injection.AA.xss_index_php_19 filtertrace=true haltOnError=false haltOnFailure=false showoutput=true outputtoformatters=true logfailedtests=true logtestlistenerevents=true formatter=org.apache.tools.ant.taskdefs.optional.junit.BriefJUnitResultFormatter formatter=org.apache.tools.ant.taskdefs.optional.junit.XMLJUnitResultFormatter,/home/iono/Desktop/Security Testing/Testing-SchoolMate/build/test/results/TEST-xss_injection.AA.xss_index_php_19.xml crashfile=/home/iono/Desktop/Security Testing/Testing-SchoolMate/build/junitvmwatcher102615044733532490.properties propsfile=/home/iono/Desktop/Security Testing/Testing-SchoolMate/build/junit3422147285348181343.properties" />
    <property name="build.classes.dir" value="build/classes" />
    <property name="netbeans.accept_license_class" value="org.netbeans.license.AcceptLicense" />
    <property name="file.reference.commons-collections-3.2.1.jar" value="../jwebunit/lib/commons-collections-3.2.1.jar" />
    <property name="jnlp.descriptor" value="application" />
    <property name="build.sysclasspath" value="ignore" />
    <property name="ap.supported.internal" value="true" />
    <property name="includes" value="**" />
    <property name="file.reference.jwebunit-htmlunit-plugin-3.2.jar" value="../jwebunit/jwebunit-htmlunit-plugin-3.2.jar" />
    <property name="user.country" value="US" />
    <property name="manifest.file" value="manifest.mf" />
    <property name="file.reference.jcl-over-slf4j-1.6.6.jar" value="../jwebunit/lib/jcl-over-slf4j-1.6.6.jar" />
    <property name="javadoc.encoding" value="UTF-8" />
    <property name="platform.home" value="/usr/lib/jvm/jdk1.8.0_05" />
    <property name="javac.classpath" value="/usr/share/netbeans/7.0.1/platform/modules/ext/junit-4.8.2.jar:../jwebunit/jwebunit-core-3.2.jar:../jwebunit/jwebunit-htmlunit-plugin-3.2.jar:../jwebunit/lib/commons-codec-1.9.jar:../jwebunit/lib/commons-collections-3.2.1.jar:../jwebunit/lib/commons-io-2.4.jar:../jwebunit/lib/commons-lang-2.6.jar:../jwebunit/lib/commons-lang3-3.2.1.jar:../jwebunit/lib/cssparser-0.9.13.jar:../jwebunit/lib/htmlunit-2.14.jar:../jwebunit/lib/htmlunit-core-js-2.14.jar:../jwebunit/lib/httpclient-4.3.2.jar:../jwebunit/lib/httpcore-4.3.1.jar:../jwebunit/lib/httpmime-4.3.2.jar:../jwebunit/lib/jcl-over-slf4j-1.6.6.jar:../jwebunit/lib/jetty-http-8.1.14.v20131031.jar:../jwebunit/lib/jetty-io-8.1.14.v20131031.jar:../jwebunit/lib/jetty-util-8.1.14.v20131031.jar:../jwebunit/lib/jetty-websocket-8.1.14.v20131031.jar:../jwebunit/lib/jwebunit-core-3.2.jar:../jwebunit/lib/logback-classic-1.0.6.jar:../jwebunit/lib/logback-core-1.0.6.jar:../jwebunit/lib/nekohtml-1.9.20.jar:../jwebunit/lib/regexp-1.3.jar:../jwebunit/lib/sac-1.3.jar:../jwebunit/lib/serializer-2.7.1.jar:../jwebunit/lib/servlet-api-2.5.jar:../jwebunit/lib/slf4j-api-1.6.6.jar:../jwebunit/lib/xalan-2.7.1.jar:../jwebunit/lib/xercesImpl-2.11.0.jar:../jwebunit/lib/xml-apis-1.4.01.jar:/usr/share/netbeans/7.0.1/ide/modules/ext/mysql-connector-java-5.1.13-bin.jar" />
    <property name="file.reference.htmlunit-2.14.jar" value="../jwebunit/lib/htmlunit-2.14.jar" />
    <property name="platform.bootcp" value="/usr/lib/jvm/jdk1.8.0_05/jre/lib/resources.jar:/usr/lib/jvm/jdk1.8.0_05/jre/lib/rt.jar:/usr/lib/jvm/jdk1.8.0_05/jre/lib/sunrsasign.jar:/usr/lib/jvm/jdk1.8.0_05/jre/lib/jsse.jar:/usr/lib/jvm/jdk1.8.0_05/jre/lib/jce.jar:/usr/lib/jvm/jdk1.8.0_05/jre/lib/charsets.jar:/usr/lib/jvm/jdk1.8.0_05/jre/lib/jfr.jar:/usr/lib/jvm/jdk1.8.0_05/jre/classes:/usr/lib/jvm/jdk1.8.0_05/jre/lib/ext/localedata.jar:/usr/lib/jvm/jdk1.8.0_05/jre/lib/ext/sunjce_provider.jar:/usr/lib/jvm/jdk1.8.0_05/jre/lib/ext/zipfs.jar:/usr/lib/jvm/jdk1.8.0_05/jre/lib/ext/dnsns.jar:/usr/lib/jvm/jdk1.8.0_05/jre/lib/ext/cldrdata.jar:/usr/lib/jvm/jdk1.8.0_05/jre/lib/ext/sunpkcs11.jar:/usr/lib/jvm/jdk1.8.0_05/jre/lib/ext/jfxrt.jar:/usr/lib/jvm/jdk1.8.0_05/jre/lib/ext/sunec.jar:/usr/lib/jvm/jdk1.8.0_05/jre/lib/ext/nashorn.jar" />
    <property name="debug-transport" value="dt_socket" />
    <property name="netbeans.home" value="/usr/share/netbeans/7.0.1/platform" />
    <property name="build.compiler.emacs" value="true" />
    <property name="java.endorsed.dirs" value="/usr/lib/jvm/jdk1.8.0_05/jre/lib/endorsed" />
    <property name="test.includes" value="xss_injection/AA/xss_index_php_19.java" />
    <property name="netbeans.dynamic.classpath" value="/usr/share/netbeans/7.0.1/platform/core/org-openide-filesystems.jar:/usr/share/netbeans/7.0.1/platform/core/core.jar:/usr/share/netbeans/7.0.1/nb/core/org-netbeans-upgrader.jar:/usr/share/netbeans/7.0.1/nb/core/locale/core_nb.jar" />
    <property name="jnlp.enabled" value="false" />
    <property name="ant.file.type.Testing-SchoolMate" value="file" />
    <property name="java.vm.specification.version" value="1.8" />
    <property name="ant.file.jnlp-impl" value="/home/iono/Desktop/Security Testing/Testing-SchoolMate/nbproject/jnlp-impl.xml" />
    <property name="application.title" value="Testing-SchoolMate" />
    <property name="do.archive" value="true" />
    <property name="file.reference.servlet-api-2.5.jar" value="../jwebunit/lib/servlet-api-2.5.jar" />
    <property name="libs.swing-app-framework.classpath" value="/usr/share/netbeans/7.0.1/java/modules/ext/appframework-1.0.3.jar:/usr/share/netbeans/7.0.1/java/modules/ext/swing-worker-1.1.jar" />
    <property name="netbeans.autoupdate.language" value="en" />
    <property name="java.vendor" value="Oracle Corporation" />
    <property name="jar.index.metainf" value="false" />
    <property name="file.reference.cssparser-0.9.13.jar" value="../jwebunit/lib/cssparser-0.9.13.jar" />
    <property name="javac.debug" value="true" />
    <property name="javadoc.splitindex" value="true" />
    <property name="file.separator" value="/" />
    <property name="javac.includesfile.binary" value="/home/iono/Desktop/Security Testing/Testing-SchoolMate/null1143131452" />
    <property name="libs.junit_4.maven-pom" value="" />
    <property name="mkdist.disabled" value="false" />
    <property name="javac.test.processorpath" value="/usr/share/netbeans/7.0.1/platform/modules/ext/junit-4.8.2.jar:../jwebunit/jwebunit-core-3.2.jar:../jwebunit/jwebunit-htmlunit-plugin-3.2.jar:../jwebunit/lib/commons-codec-1.9.jar:../jwebunit/lib/commons-collections-3.2.1.jar:../jwebunit/lib/commons-io-2.4.jar:../jwebunit/lib/commons-lang-2.6.jar:../jwebunit/lib/commons-lang3-3.2.1.jar:../jwebunit/lib/cssparser-0.9.13.jar:../jwebunit/lib/htmlunit-2.14.jar:../jwebunit/lib/htmlunit-core-js-2.14.jar:../jwebunit/lib/httpclient-4.3.2.jar:../jwebunit/lib/httpcore-4.3.1.jar:../jwebunit/lib/httpmime-4.3.2.jar:../jwebunit/lib/jcl-over-slf4j-1.6.6.jar:../jwebunit/lib/jetty-http-8.1.14.v20131031.jar:../jwebunit/lib/jetty-io-8.1.14.v20131031.jar:../jwebunit/lib/jetty-util-8.1.14.v20131031.jar:../jwebunit/lib/jetty-websocket-8.1.14.v20131031.jar:../jwebunit/lib/jwebunit-core-3.2.jar:../jwebunit/lib/logback-classic-1.0.6.jar:../jwebunit/lib/logback-core-1.0.6.jar:../jwebunit/lib/nekohtml-1.9.20.jar:../jwebunit/lib/regexp-1.3.jar:../jwebunit/lib/sac-1.3.jar:../jwebunit/lib/serializer-2.7.1.jar:../jwebunit/lib/servlet-api-2.5.jar:../jwebunit/lib/slf4j-api-1.6.6.jar:../jwebunit/lib/xalan-2.7.1.jar:../jwebunit/lib/xercesImpl-2.11.0.jar:../jwebunit/lib/xml-apis-1.4.01.jar:/usr/share/netbeans/7.0.1/ide/modules/ext/mysql-connector-java-5.1.13-bin.jar:build/classes:../jwebunit/lib/commons-codec-1.9.jar:../jwebunit/jwebunit-core-3.2.jar:../jwebunit/jwebunit-htmlunit-plugin-3.2.jar:../jwebunit/lib/commons-collections-3.2.1.jar:../jwebunit/lib/commons-io-2.4.jar:../jwebunit/lib/commons-lang-2.6.jar:../jwebunit/lib/commons-lang3-3.2.1.jar:../jwebunit/lib/cssparser-0.9.13.jar:../jwebunit/lib/htmlunit-2.14.jar:../jwebunit/lib/htmlunit-core-js-2.14.jar:../jwebunit/lib/httpclient-4.3.2.jar:../jwebunit/lib/httpcore-4.3.1.jar:../jwebunit/lib/httpmime-4.3.2.jar:../jwebunit/lib/jcl-over-slf4j-1.6.6.jar:../jwebunit/lib/jetty-http-8.1.14.v20131031.jar:../jwebunit/lib/jetty-io-8.1.14.v20131031.jar:../jwebunit/lib/jetty-util-8.1.14.v20131031.jar:../jwebunit/lib/jetty-websocket-8.1.14.v20131031.jar:../jwebunit/lib/jwebunit-core-3.2.jar:../jwebunit/lib/logback-classic-1.0.6.jar:../jwebunit/lib/logback-core-1.0.6.jar:../jwebunit/lib/nekohtml-1.9.20.jar:../jwebunit/lib/regexp-1.3.jar:../jwebunit/lib/sac-1.3.jar:../jwebunit/lib/serializer-2.7.1.jar:../jwebunit/lib/servlet-api-2.5.jar:../jwebunit/lib/slf4j-api-1.6.6.jar:../jwebunit/lib/xalan-2.7.1.jar:../jwebunit/lib/xercesImpl-2.11.0.jar:../jwebunit/lib/xml-apis-1.4.01.jar:/usr/share/netbeans/7.0.1/platform/modules/ext/junit-4.8.2.jar:/usr/share/netbeans/7.0.1/ide/modules/ext/mysql-connector-java-5.1.13-bin.jar" />
    <property name="netbeans.buildnumber" value="20121011-unknown-revn" />
    <property name="libs.JWSAntTasks.javadoc" value="" />
    <property name="build.generated.sources.dir" value="build/generated-sources" />
    <property name="sun.java.launcher" value="SUN_STANDARD" />
    <property name="libs.junit.classpath" value="/usr/share/netbeans/7.0.1/java/modules/ext/junit-3.8.2.jar" />
    <property name="file.reference.jetty-websocket-8.1.14.v20131031.jar" value="../jwebunit/lib/jetty-websocket-8.1.14.v20131031.jar" />
    <property name="javac.includes.binary" value="/home/iono/Desktop/Security Testing/Testing-SchoolMate/build/test/classes/xss_injection/AA/xss_index_php_19.class" />
    <property name="ant.home" value="/usr/share/netbeans/7.0.1/java/ant" />
    <property name="libs.junit_4.src" value="" />
    <property name="libs.absolutelayout.maven-pom" value="" />
    <property name="ant.java.version" value="1.6" />
    <property name="java.library.path" value="/usr/lib/jvm/jdk1.8.0_05/jre/lib/i386/server:/usr/lib/jvm/jdk1.8.0_05/jre/lib/i386:/usr/lib/jvm/jdk1.8.0_05/jre/../lib/i386:/usr/lib/jvm/java-6-openjdk-i386/jre/lib/i386/client:/usr/lib/jvm/java-6-openjdk-i386/jre/lib/i386:/usr/lib/jvm/java-6-openjdk-i386/jre/../lib/i386:/usr/java/packages/lib/i386:/lib:/usr/lib" />
    <property name="javadoc.author" value="false" />
    <property name="manifest.available+main.class-mkdist.available" value="true" />
    <property name="java.util.logging.config.class" value="org.netbeans.core.startup.TopLogging" />
    <property name="libs.PostgreSQLDriver.src" value="" />
    <property name="sun.arch.data.model" value="32" />
    <property name="basedir" value="/home/iono/Desktop/Security Testing/Testing-SchoolMate" />
    <property name="jar.compress" value="false" />
    <property name="path.separator" value=":" />
    <property name="ant.junit.enabletestlistenerevents" value="true" />
    <property name="platform.javac" value="/usr/lib/jvm/jdk1.8.0_05/bin/javac" />
    <property name="sun.io.unicode.encoding" value="UnicodeLittle" />
    <property name="compile.on.save" value="true" />
    <property name="apple.awt.graphics.UseQuartz" value="true" />
    <property name="user.language" value="en" />
    <property name="application.vendor" value="iono" />
    <property name="manifest.available" value="true" />
    <property name="run.test.classpath" value="/usr/share/netbeans/7.0.1/platform/modules/ext/junit-4.8.2.jar:../jwebunit/jwebunit-core-3.2.jar:../jwebunit/jwebunit-htmlunit-plugin-3.2.jar:../jwebunit/lib/commons-codec-1.9.jar:../jwebunit/lib/commons-collections-3.2.1.jar:../jwebunit/lib/commons-io-2.4.jar:../jwebunit/lib/commons-lang-2.6.jar:../jwebunit/lib/commons-lang3-3.2.1.jar:../jwebunit/lib/cssparser-0.9.13.jar:../jwebunit/lib/htmlunit-2.14.jar:../jwebunit/lib/htmlunit-core-js-2.14.jar:../jwebunit/lib/httpclient-4.3.2.jar:../jwebunit/lib/httpcore-4.3.1.jar:../jwebunit/lib/httpmime-4.3.2.jar:../jwebunit/lib/jcl-over-slf4j-1.6.6.jar:../jwebunit/lib/jetty-http-8.1.14.v20131031.jar:../jwebunit/lib/jetty-io-8.1.14.v20131031.jar:../jwebunit/lib/jetty-util-8.1.14.v20131031.jar:../jwebunit/lib/jetty-websocket-8.1.14.v20131031.jar:../jwebunit/lib/jwebunit-core-3.2.jar:../jwebunit/lib/logback-classic-1.0.6.jar:../jwebunit/lib/logback-core-1.0.6.jar:../jwebunit/lib/nekohtml-1.9.20.jar:../jwebunit/lib/regexp-1.3.jar:../jwebunit/lib/sac-1.3.jar:../jwebunit/lib/serializer-2.7.1.jar:../jwebunit/lib/servlet-api-2.5.jar:../jwebunit/lib/slf4j-api-1.6.6.jar:../jwebunit/lib/xalan-2.7.1.jar:../jwebunit/lib/xercesImpl-2.11.0.jar:../jwebunit/lib/xml-apis-1.4.01.jar:/usr/share/netbeans/7.0.1/ide/modules/ext/mysql-connector-java-5.1.13-bin.jar:build/classes:../jwebunit/lib/commons-codec-1.9.jar:../jwebunit/jwebunit-core-3.2.jar:../jwebunit/jwebunit-htmlunit-plugin-3.2.jar:../jwebunit/lib/commons-collections-3.2.1.jar:../jwebunit/lib/commons-io-2.4.jar:../jwebunit/lib/commons-lang-2.6.jar:../jwebunit/lib/commons-lang3-3.2.1.jar:../jwebunit/lib/cssparser-0.9.13.jar:../jwebunit/lib/htmlunit-2.14.jar:../jwebunit/lib/htmlunit-core-js-2.14.jar:../jwebunit/lib/httpclient-4.3.2.jar:../jwebunit/lib/httpcore-4.3.1.jar:../jwebunit/lib/httpmime-4.3.2.jar:../jwebunit/lib/jcl-over-slf4j-1.6.6.jar:../jwebunit/lib/jetty-http-8.1.14.v20131031.jar:../jwebunit/lib/jetty-io-8.1.14.v20131031.jar:../jwebunit/lib/jetty-util-8.1.14.v20131031.jar:../jwebunit/lib/jetty-websocket-8.1.14.v20131031.jar:../jwebunit/lib/jwebunit-core-3.2.jar:../jwebunit/lib/logback-classic-1.0.6.jar:../jwebunit/lib/logback-core-1.0.6.jar:../jwebunit/lib/nekohtml-1.9.20.jar:../jwebunit/lib/regexp-1.3.jar:../jwebunit/lib/sac-1.3.jar:../jwebunit/lib/serializer-2.7.1.jar:../jwebunit/lib/servlet-api-2.5.jar:../jwebunit/lib/slf4j-api-1.6.6.jar:../jwebunit/lib/xalan-2.7.1.jar:../jwebunit/lib/xercesImpl-2.11.0.jar:../jwebunit/lib/xml-apis-1.4.01.jar:/usr/share/netbeans/7.0.1/platform/modules/ext/junit-4.8.2.jar:/usr/share/netbeans/7.0.1/ide/modules/ext/mysql-connector-java-5.1.13-bin.jar:build/test/classes" />
    <property name="ant.project.invoked-targets" value="test-single" />
    <property name="libs.swing-layout.javadoc" value="" />
    <property name="file.reference.xml-apis-1.4.01.jar" value="../jwebunit/lib/xml-apis-1.4.01.jar" />
    <property name="libs.swing-app-framework.javadoc" value="" />
    <property name="libs.PostgreSQLDriver.maven-pom" value="" />
    <property name="java.class.version" value="52.0" />
    <property name="file.reference.jetty-http-8.1.14.v20131031.jar" value="../jwebunit/lib/jetty-http-8.1.14.v20131031.jar" />
    <property name="ant.customtasks.libs" value="JWSAntTasks" />
    <property name="platforms.JDK_1.8.compiler" value="modern" />
    <property name="user.properties.file" value="/home/iono/.netbeans/7.0/build.properties" />
    <property name="runtime.encoding" value="UTF-8" />
    <property name="libs.javac-api.maven-pom" value="" />
    <property name="file.encoding.pkg" value="sun.io" />
    <property name="sun.cpu.endian" value="little" />
    <property name="libs.JWSAntTasks.classpath" value="/usr/share/netbeans/7.0.1/java/ant/extra/org-netbeans-modules-javawebstart-anttasks.jar" />
    <property name="file.reference.xalan-2.7.1.jar" value="../jwebunit/lib/xalan-2.7.1.jar" />
    <property name="file.reference.httpclient-4.3.2.jar" value="../jwebunit/lib/httpclient-4.3.2.jar" />
    <property name="empty.dir" value="/home/iono/Desktop/Security Testing/Testing-SchoolMate/build/empty" />
    <property name="ant.file.type.jnlp-impl" value="file" />
    <property name="version-output" value="java version &quot;1.8.0_05&quot;&#xa;Java(TM) SE Runtime Environment (build 1.8.0_05-b13)&#xa;Java HotSpot(TM) Server VM (build 25.5-b02, mixed mode)" />
    <property name="javadoc.preview" value="true" />
    <property name="nbplatform.default.harness.dir" value="/usr/share/netbeans/7.0.1/harness" />
    <property name="java.home" value="/usr/lib/jvm/jdk1.8.0_05/jre" />
    <property name="debug.test.classpath" value="/usr/share/netbeans/7.0.1/platform/modules/ext/junit-4.8.2.jar:../jwebunit/jwebunit-core-3.2.jar:../jwebunit/jwebunit-htmlunit-plugin-3.2.jar:../jwebunit/lib/commons-codec-1.9.jar:../jwebunit/lib/commons-collections-3.2.1.jar:../jwebunit/lib/commons-io-2.4.jar:../jwebunit/lib/commons-lang-2.6.jar:../jwebunit/lib/commons-lang3-3.2.1.jar:../jwebunit/lib/cssparser-0.9.13.jar:../jwebunit/lib/htmlunit-2.14.jar:../jwebunit/lib/htmlunit-core-js-2.14.jar:../jwebunit/lib/httpclient-4.3.2.jar:../jwebunit/lib/httpcore-4.3.1.jar:../jwebunit/lib/httpmime-4.3.2.jar:../jwebunit/lib/jcl-over-slf4j-1.6.6.jar:../jwebunit/lib/jetty-http-8.1.14.v20131031.jar:../jwebunit/lib/jetty-io-8.1.14.v20131031.jar:../jwebunit/lib/jetty-util-8.1.14.v20131031.jar:../jwebunit/lib/jetty-websocket-8.1.14.v20131031.jar:../jwebunit/lib/jwebunit-core-3.2.jar:../jwebunit/lib/logback-classic-1.0.6.jar:../jwebunit/lib/logback-core-1.0.6.jar:../jwebunit/lib/nekohtml-1.9.20.jar:../jwebunit/lib/regexp-1.3.jar:../jwebunit/lib/sac-1.3.jar:../jwebunit/lib/serializer-2.7.1.jar:../jwebunit/lib/servlet-api-2.5.jar:../jwebunit/lib/slf4j-api-1.6.6.jar:../jwebunit/lib/xalan-2.7.1.jar:../jwebunit/lib/xercesImpl-2.11.0.jar:../jwebunit/lib/xml-apis-1.4.01.jar:/usr/share/netbeans/7.0.1/ide/modules/ext/mysql-connector-java-5.1.13-bin.jar:build/classes:../jwebunit/lib/commons-codec-1.9.jar:../jwebunit/jwebunit-core-3.2.jar:../jwebunit/jwebunit-htmlunit-plugin-3.2.jar:../jwebunit/lib/commons-collections-3.2.1.jar:../jwebunit/lib/commons-io-2.4.jar:../jwebunit/lib/commons-lang-2.6.jar:../jwebunit/lib/commons-lang3-3.2.1.jar:../jwebunit/lib/cssparser-0.9.13.jar:../jwebunit/lib/htmlunit-2.14.jar:../jwebunit/lib/htmlunit-core-js-2.14.jar:../jwebunit/lib/httpclient-4.3.2.jar:../jwebunit/lib/httpcore-4.3.1.jar:../jwebunit/lib/httpmime-4.3.2.jar:../jwebunit/lib/jcl-over-slf4j-1.6.6.jar:../jwebunit/lib/jetty-http-8.1.14.v20131031.jar:../jwebunit/lib/jetty-io-8.1.14.v20131031.jar:../jwebunit/lib/jetty-util-8.1.14.v20131031.jar:../jwebunit/lib/jetty-websocket-8.1.14.v20131031.jar:../jwebunit/lib/jwebunit-core-3.2.jar:../jwebunit/lib/logback-classic-1.0.6.jar:../jwebunit/lib/logback-core-1.0.6.jar:../jwebunit/lib/nekohtml-1.9.20.jar:../jwebunit/lib/regexp-1.3.jar:../jwebunit/lib/sac-1.3.jar:../jwebunit/lib/serializer-2.7.1.jar:../jwebunit/lib/servlet-api-2.5.jar:../jwebunit/lib/slf4j-api-1.6.6.jar:../jwebunit/lib/xalan-2.7.1.jar:../jwebunit/lib/xercesImpl-2.11.0.jar:../jwebunit/lib/xml-apis-1.4.01.jar:/usr/share/netbeans/7.0.1/platform/modules/ext/junit-4.8.2.jar:/usr/share/netbeans/7.0.1/ide/modules/ext/mysql-connector-java-5.1.13-bin.jar:build/test/classes" />
    <property name="netbeans.importclass" value="org.netbeans.upgrade.AutoUpgrade" />
    <property name="ant.project.default-target" value="default" />
    <property name="annotation.processing.run.all.processors" value="true" />
    <property name="jnlp.file.name.default" value="launch.jnlp" />
    <property name="jar.archive.disabled" value="false" />
    <property name="jnlp.signing.alias" value="" />
    <property name="libs.PostgreSQLDriver.javadoc" value="" />
    <property name="libs.MySQLDriver.maven-pom" value="" />
    <property name="libs.junit_4.javadoc" value="/usr/share/doc/junit4/api" />
    <property name="platforms.JDK_1.8.bootclasspath" value="/usr/lib/jvm/jdk1.8.0_05/jre/lib/resources.jar:/usr/lib/jvm/jdk1.8.0_05/jre/lib/rt.jar:/usr/lib/jvm/jdk1.8.0_05/jre/lib/sunrsasign.jar:/usr/lib/jvm/jdk1.8.0_05/jre/lib/jsse.jar:/usr/lib/jvm/jdk1.8.0_05/jre/lib/jce.jar:/usr/lib/jvm/jdk1.8.0_05/jre/lib/charsets.jar:/usr/lib/jvm/jdk1.8.0_05/jre/lib/jfr.jar:/usr/lib/jvm/jdk1.8.0_05/jre/classes:/usr/lib/jvm/jdk1.8.0_05/jre/lib/ext/localedata.jar:/usr/lib/jvm/jdk1.8.0_05/jre/lib/ext/sunjce_provider.jar:/usr/lib/jvm/jdk1.8.0_05/jre/lib/ext/zipfs.jar:/usr/lib/jvm/jdk1.8.0_05/jre/lib/ext/dnsns.jar:/usr/lib/jvm/jdk1.8.0_05/jre/lib/ext/cldrdata.jar:/usr/lib/jvm/jdk1.8.0_05/jre/lib/ext/sunpkcs11.jar:/usr/lib/jvm/jdk1.8.0_05/jre/lib/ext/jfxrt.jar:/usr/lib/jvm/jdk1.8.0_05/jre/lib/ext/sunec.jar:/usr/lib/jvm/jdk1.8.0_05/jre/lib/ext/nashorn.jar" />
    <property name="file.reference.jetty-util-8.1.14.v20131031.jar" value="../jwebunit/lib/jetty-util-8.1.14.v20131031.jar" />
    <property name="run.classpath" value="/usr/share/netbeans/7.0.1/platform/modules/ext/junit-4.8.2.jar:../jwebunit/jwebunit-core-3.2.jar:../jwebunit/jwebunit-htmlunit-plugin-3.2.jar:../jwebunit/lib/commons-codec-1.9.jar:../jwebunit/lib/commons-collections-3.2.1.jar:../jwebunit/lib/commons-io-2.4.jar:../jwebunit/lib/commons-lang-2.6.jar:../jwebunit/lib/commons-lang3-3.2.1.jar:../jwebunit/lib/cssparser-0.9.13.jar:../jwebunit/lib/htmlunit-2.14.jar:../jwebunit/lib/htmlunit-core-js-2.14.jar:../jwebunit/lib/httpclient-4.3.2.jar:../jwebunit/lib/httpcore-4.3.1.jar:../jwebunit/lib/httpmime-4.3.2.jar:../jwebunit/lib/jcl-over-slf4j-1.6.6.jar:../jwebunit/lib/jetty-http-8.1.14.v20131031.jar:../jwebunit/lib/jetty-io-8.1.14.v20131031.jar:../jwebunit/lib/jetty-util-8.1.14.v20131031.jar:../jwebunit/lib/jetty-websocket-8.1.14.v20131031.jar:../jwebunit/lib/jwebunit-core-3.2.jar:../jwebunit/lib/logback-classic-1.0.6.jar:../jwebunit/lib/logback-core-1.0.6.jar:../jwebunit/lib/nekohtml-1.9.20.jar:../jwebunit/lib/regexp-1.3.jar:../jwebunit/lib/sac-1.3.jar:../jwebunit/lib/serializer-2.7.1.jar:../jwebunit/lib/servlet-api-2.5.jar:../jwebunit/lib/slf4j-api-1.6.6.jar:../jwebunit/lib/xalan-2.7.1.jar:../jwebunit/lib/xercesImpl-2.11.0.jar:../jwebunit/lib/xml-apis-1.4.01.jar:/usr/share/netbeans/7.0.1/ide/modules/ext/mysql-connector-java-5.1.13-bin.jar:build/classes" />
    <property name="annotation.processing.enabled.in.editor" value="false" />
    <property name="helper.file" value="/home/iono/Desktop/Security Testing/Testing-SchoolMate/helper.txt" />
    <property name="sun.management.compiler" value="HotSpot Tiered Compilers" />
    <property name="javac.deprecation" value="false" />
    <property name="javadoc.use" value="true" />
    <property name="sun.java2d.noddraw" value="true" />
    <property name="javac.processorpath" value="/usr/share/netbeans/7.0.1/platform/modules/ext/junit-4.8.2.jar:../jwebunit/jwebunit-core-3.2.jar:../jwebunit/jwebunit-htmlunit-plugin-3.2.jar:../jwebunit/lib/commons-codec-1.9.jar:../jwebunit/lib/commons-collections-3.2.1.jar:../jwebunit/lib/commons-io-2.4.jar:../jwebunit/lib/commons-lang-2.6.jar:../jwebunit/lib/commons-lang3-3.2.1.jar:../jwebunit/lib/cssparser-0.9.13.jar:../jwebunit/lib/htmlunit-2.14.jar:../jwebunit/lib/htmlunit-core-js-2.14.jar:../jwebunit/lib/httpclient-4.3.2.jar:../jwebunit/lib/httpcore-4.3.1.jar:../jwebunit/lib/httpmime-4.3.2.jar:../jwebunit/lib/jcl-over-slf4j-1.6.6.jar:../jwebunit/lib/jetty-http-8.1.14.v20131031.jar:../jwebunit/lib/jetty-io-8.1.14.v20131031.jar:../jwebunit/lib/jetty-util-8.1.14.v20131031.jar:../jwebunit/lib/jetty-websocket-8.1.14.v20131031.jar:../jwebunit/lib/jwebunit-core-3.2.jar:../jwebunit/lib/logback-classic-1.0.6.jar:../jwebunit/lib/logback-core-1.0.6.jar:../jwebunit/lib/nekohtml-1.9.20.jar:../jwebunit/lib/regexp-1.3.jar:../jwebunit/lib/sac-1.3.jar:../jwebunit/lib/serializer-2.7.1.jar:../jwebunit/lib/servlet-api-2.5.jar:../jwebunit/lib/slf4j-api-1.6.6.jar:../jwebunit/lib/xalan-2.7.1.jar:../jwebunit/lib/xercesImpl-2.11.0.jar:../jwebunit/lib/xml-apis-1.4.01.jar:/usr/share/netbeans/7.0.1/ide/modules/ext/mysql-connector-java-5.1.13-bin.jar" />
    <property name="javac.compilerargs" value="" />
    <property name="ant.file" value="/home/iono/Desktop/Security Testing/Testing-SchoolMate/build.xml" />
    <property name="sun.java2d.pmoffscreen" value="false" />
    <property name="libs.beans-binding.maven-pom" value="" />
    <property name="jnlp.codebase.type" value="local" />
    <property name="sun.awt.exception.handler" value="org.netbeans.core.startup.TopLogging$AWTHandler" />
    <property name="file.reference.jetty-io-8.1.14.v20131031.jar" value="../jwebunit/lib/jetty-io-8.1.14.v20131031.jar" />
    <property name="libs.beans-binding.src" value="" />
    <property name="java.vm.specification.vendor" value="Oracle Corporation" />
    <property name="libs.swing-layout.src" value="" />
    <property name="org.openide.major.version" value="IDE/1" />
    <property name="java.vm.name" value="Java HotSpot(TM) Server VM" />
    <property name="netbeans.user" value="/home/iono/.netbeans/7.0" />
    <property name="javadoc.additionalparam" value="" />
    <property name="jnlp.offline-allowed" value="false" />
    <property name="java.io.tmpdir" value="/tmp" />
    <property name="java.vendor.url" value="http://java.oracle.com/" />
    <property name="endorsed.classpath.cmd.line.arg" value="" />
    <property name="sun.boot.library.path" value="/usr/lib/jvm/jdk1.8.0_05/jre/lib/i386" />
    <property name="have.sources" value="true" />
    <property name="debug.classpath" value="/usr/share/netbeans/7.0.1/platform/modules/ext/junit-4.8.2.jar:../jwebunit/jwebunit-core-3.2.jar:../jwebunit/jwebunit-htmlunit-plugin-3.2.jar:../jwebunit/lib/commons-codec-1.9.jar:../jwebunit/lib/commons-collections-3.2.1.jar:../jwebunit/lib/commons-io-2.4.jar:../jwebunit/lib/commons-lang-2.6.jar:../jwebunit/lib/commons-lang3-3.2.1.jar:../jwebunit/lib/cssparser-0.9.13.jar:../jwebunit/lib/htmlunit-2.14.jar:../jwebunit/lib/htmlunit-core-js-2.14.jar:../jwebunit/lib/httpclient-4.3.2.jar:../jwebunit/lib/httpcore-4.3.1.jar:../jwebunit/lib/httpmime-4.3.2.jar:../jwebunit/lib/jcl-over-slf4j-1.6.6.jar:../jwebunit/lib/jetty-http-8.1.14.v20131031.jar:../jwebunit/lib/jetty-io-8.1.14.v20131031.jar:../jwebunit/lib/jetty-util-8.1.14.v20131031.jar:../jwebunit/lib/jetty-websocket-8.1.14.v20131031.jar:../jwebunit/lib/jwebunit-core-3.2.jar:../jwebunit/lib/logback-classic-1.0.6.jar:../jwebunit/lib/logback-core-1.0.6.jar:../jwebunit/lib/nekohtml-1.9.20.jar:../jwebunit/lib/regexp-1.3.jar:../jwebunit/lib/sac-1.3.jar:../jwebunit/lib/serializer-2.7.1.jar:../jwebunit/lib/servlet-api-2.5.jar:../jwebunit/lib/slf4j-api-1.6.6.jar:../jwebunit/lib/xalan-2.7.1.jar:../jwebunit/lib/xercesImpl-2.11.0.jar:../jwebunit/lib/xml-apis-1.4.01.jar:/usr/share/netbeans/7.0.1/ide/modules/ext/mysql-connector-java-5.1.13-bin.jar:build/classes" />
    <property name="javadoc.private" value="false" />
    <property name="test.src.dir" value="test" />
    <property name="ap.processors.internal" value="" />
    <property name="meta.inf.dir" value="src/META-INF" />
    <property name="javadoc.encoding.used" value="UTF-8" />
    <property name="jnlp.dest.dir" value="/home/iono/Desktop/Security Testing/Testing-SchoolMate/dist" />
    <property name="dist.jar" value="dist/Testing-SchoolMate.jar" />
    <property name="java.runtime.name" value="Java(TM) SE Runtime Environment" />
    <property name="ant.project.name" value="Testing-SchoolMate" />
    <property name="netbeans.hash.code" value="unique=NBUBU0a90fe40f-bf43-4bbf-856b-f54122bba5d4_3887b601-db16-430e-9e91-45d81200e58f" />
    <property name="platform.javadoc" value="/usr/lib/jvm/jdk1.8.0_05/bin/javadoc" />
    <property name="platform.javadoc.tmp" value="${platforms.JDK_1.8.javadoc}" />
    <property name="manifest.available-mkdist.available" value="true" />
    <property name="sun.cpu.isalist" value="" />
    <property name="libs.CopyLibs.javadoc" value="" />
    <property name="file.reference.commons-codec-1.9.jar" value="../jwebunit/lib/commons-codec-1.9.jar" />
    <property name="platform.compiler" value="${platforms.JDK_1.8.compile}" />
    <property name="org.openide.specification.version" value="6.2" />
    <property name="file.reference.commons-lang-2.6.jar" value="../jwebunit/lib/commons-lang-2.6.jar" />
    <property name="user.home" value="/home/iono" />
    <property name="annotation.processing.processors.list" value="" />
    <property name="debug-args-line" value="-Xdebug" />
    <property name="platform.javac.tmp" value="${platforms.JDK_1.8.javac}" />
    <property name="libs.JWSAntTasks.src" value="" />
    <property name="jar.index" value="false" />
    <property name="libs.CopyLibs.maven-pom" value="" />
    <property name="libs.absolutelayout.javadoc" value="" />
    <property name="java.specification.name" value="Java Platform API Specification" />
    <property name="libs.swing-app-framework.maven-pom" value="" />
    <property name="jnlp.mixed.code" value="default" />
    <property name="java.specification.vendor" value="Oracle Corporation" />
    <property name="libs.javac-api.classpath" value="/usr/share/netbeans/7.0.1/java/modules/ext/javac-api-nb-7.0-b07.jar" />
    <property name="java.version" value="1.8.0_05" />
    <property name="javadoc.version" value="false" />
    <property name="libs.MySQLDriver.javadoc" value="" />
    <property name="org.openide.version" value="deprecated" />
    <property name="platform.java" value="/usr/lib/jvm/jdk1.8.0_05/bin/java" />
    <property name="source.encoding" value="UTF-8" />
    <property name="ap.cmd.line.internal" value="" />
    <property name="libs.junit.maven-pom" value="" />
    <property name="netbeans.home+have.tests" value="true" />
    <property name="annotation.processing.processor.options" value="" />
    <property name="work.dir" value="/home/iono/Desktop/Security Testing/Testing-SchoolMate" />
    <property name="do.depend" value="false" />
    <property name="dist.javadoc.dir" value="dist/javadoc" />
    <property name="libs.swing-layout.classpath" value="/usr/share/netbeans/7.0.1/platform/modules/ext/swing-layout-1.0.4.jar" />
    <property name="build.generated.dir" value="build/generated" />
    <property name="javac.source" value="1.8" />
    <property name="line.separator" value="&#xa;" />
    <property name="java.specification.version" value="1.8" />
    <property name="java.vm.info" value="mixed mode" />
    <property name="junit.forkmode" value="perTest" />
    <property name="platform.java.tmp" value="${platforms.JDK_1.8.java}" />
    <property name="sun.boot.class.path" value="/usr/lib/jvm/jdk1.8.0_05/jre/lib/resources.jar:/usr/lib/jvm/jdk1.8.0_05/jre/lib/rt.jar:/usr/lib/jvm/jdk1.8.0_05/jre/lib/sunrsasign.jar:/usr/lib/jvm/jdk1.8.0_05/jre/lib/jsse.jar:/usr/lib/jvm/jdk1.8.0_05/jre/lib/jce.jar:/usr/lib/jvm/jdk1.8.0_05/jre/lib/charsets.jar:/usr/lib/jvm/jdk1.8.0_05/jre/lib/jfr.jar:/usr/lib/jvm/jdk1.8.0_05/jre/classes" />
    <property name="javac.target" value="1.8" />
    <property name="built-jar.properties" value="/home/iono/Desktop/Security Testing/Testing-SchoolMate/build/built-jar.properties" />
    <property name="build.test.classes.dir" value="build/test/classes" />
    <property name="src.dir" value="src" />
    <property name="file.reference.logback-classic-1.0.6.jar" value="../jwebunit/lib/logback-classic-1.0.6.jar" />
    <property name="annotation.processing.enabled" value="true" />
    <property name="nbplatform.default.netbeans.dest.dir" value="/usr/share/netbeans/7.0.1" />
    <property name="dist.dir" value="dist" />
    <property name="java.awt.printerjob" value="sun.print.PSPrinterJob" />
    <property name="file.reference.sac-1.3.jar" value="../jwebunit/lib/sac-1.3.jar" />
    <property name="default.javac.source" value="1.6" />
    <property name="debug-transport-by-os" value="dt_socket" />
    <property name="libs.MySQLDriver.src" value="" />
    <property name="sun.jnu.encoding" value="UTF-8" />
    <property name="java.runtime.version" value="1.8.0_05-b13" />
    <property name="build.test.results.dir" value="build/test/results" />
    <property name="jna.platform.library.path" value="/usr/lib/i386-linux-gnu:/lib/i386-linux-gnu:/usr/lib:/lib" />
    <property name="default.javac.target" value="1.6" />
    <property name="file.reference.commons-lang3-3.2.1.jar" value="../jwebunit/lib/commons-lang3-3.2.1.jar" />
    <property name="libs.junit_4.classpath" value="/usr/share/netbeans/7.0.1/platform/modules/ext/junit-4.8.2.jar" />
    <property name="user.timezone" value="Europe/Rome" />
    <property name="file.reference.commons-io-2.4.jar" value="../jwebunit/lib/commons-io-2.4.jar" />
    <property name="file.reference.xercesImpl-2.11.0.jar" value="../jwebunit/lib/xercesImpl-2.11.0.jar" />
    <property name="do.jar" value="true" />
    <property name="netbeans.dirs" value="/usr/share/netbeans/7.0.1/nb:/usr/share/netbeans/7.0.1/bin/../ergonomics:/usr/share/netbeans/7.0.1/ide:/usr/share/netbeans/7.0.1/java:/usr/share/netbeans/7.0.1/bin/../xml:/usr/share/netbeans/7.0.1/apisupport:/usr/share/netbeans/7.0.1/bin/../webcommon:/usr/share/netbeans/7.0.1/bin/../websvccommon:/usr/share/netbeans/7.0.1/bin/../enterprise:/usr/share/netbeans/7.0.1/bin/../mobility:/usr/share/netbeans/7.0.1/bin/../profiler:/usr/share/netbeans/7.0.1/bin/../ruby:/usr/share/netbeans/7.0.1/bin/../python:/usr/share/netbeans/7.0.1/bin/../php:/usr/share/netbeans/7.0.1/bin/../visualweb:/usr/share/netbeans/7.0.1/bin/../soa:/usr/share/netbeans/7.0.1/bin/../identity:/usr/share/netbeans/7.0.1/bin/../uml:/usr/share/netbeans/7.0.1/harness:/usr/share/netbeans/7.0.1/bin/../cnd:/usr/share/netbeans/7.0.1/bin/../dlight:/usr/share/netbeans/7.0.1/bin/../groovy:/usr/share/netbeans/7.0.1/bin/../extra:/usr/share/netbeans/7.0.1/bin/../javafx:/usr/share/netbeans/7.0.1/bin/../javacard:" />
    <property name="java.ext.dirs" value="/usr/lib/jvm/jdk1.8.0_05/jre/lib/ext:/usr/java/packages/lib/ext" />
    <property name="endorsed.classpath" value="" />
    <property name="libs.absolutelayout.classpath" value="/home/iono/.netbeans/7.0/modules/ext/AbsoluteLayout.jar" />
    <property name="excludes" value="" />
    <property name="java.class.path" value="/usr/share/netbeans/7.0.1/platform/modules/ext/junit-4.8.2.jar:/home/iono/Desktop/Security Testing/jwebunit/jwebunit-core-3.2.jar:/home/iono/Desktop/Security Testing/jwebunit/jwebunit-htmlunit-plugin-3.2.jar:/home/iono/Desktop/Security Testing/jwebunit/lib/commons-codec-1.9.jar:/home/iono/Desktop/Security Testing/jwebunit/lib/commons-collections-3.2.1.jar:/home/iono/Desktop/Security Testing/jwebunit/lib/commons-io-2.4.jar:/home/iono/Desktop/Security Testing/jwebunit/lib/commons-lang-2.6.jar:/home/iono/Desktop/Security Testing/jwebunit/lib/commons-lang3-3.2.1.jar:/home/iono/Desktop/Security Testing/jwebunit/lib/cssparser-0.9.13.jar:/home/iono/Desktop/Security Testing/jwebunit/lib/htmlunit-2.14.jar:/home/iono/Desktop/Security Testing/jwebunit/lib/htmlunit-core-js-2.14.jar:/home/iono/Desktop/Security Testing/jwebunit/lib/httpclient-4.3.2.jar:/home/iono/Desktop/Security Testing/jwebunit/lib/httpcore-4.3.1.jar:/home/iono/Desktop/Security Testing/jwebunit/lib/httpmime-4.3.2.jar:/home/iono/Desktop/Security Testing/jwebunit/lib/jcl-over-slf4j-1.6.6.jar:/home/iono/Desktop/Security Testing/jwebunit/lib/jetty-http-8.1.14.v20131031.jar:/home/iono/Desktop/Security Testing/jwebunit/lib/jetty-io-8.1.14.v20131031.jar:/home/iono/Desktop/Security Testing/jwebunit/lib/jetty-util-8.1.14.v20131031.jar:/home/iono/Desktop/Security Testing/jwebunit/lib/jetty-websocket-8.1.14.v20131031.jar:/home/iono/Desktop/Security Testing/jwebunit/lib/jwebunit-core-3.2.jar:/home/iono/Desktop/Security Testing/jwebunit/lib/logback-classic-1.0.6.jar:/home/iono/Desktop/Security Testing/jwebunit/lib/logback-core-1.0.6.jar:/home/iono/Desktop/Security Testing/jwebunit/lib/nekohtml-1.9.20.jar:/home/iono/Desktop/Security Testing/jwebunit/lib/regexp-1.3.jar:/home/iono/Desktop/Security Testing/jwebunit/lib/sac-1.3.jar:/home/iono/Desktop/Security Testing/jwebunit/lib/serializer-2.7.1.jar:/home/iono/Desktop/Security Testing/jwebunit/lib/servlet-api-2.5.jar:/home/iono/Desktop/Security Testing/jwebunit/lib/slf4j-api-1.6.6.jar:/home/iono/Desktop/Security Testing/jwebunit/lib/xalan-2.7.1.jar:/home/iono/Desktop/Security Testing/jwebunit/lib/xercesImpl-2.11.0.jar:/home/iono/Desktop/Security Testing/jwebunit/lib/xml-apis-1.4.01.jar:/usr/share/netbeans/7.0.1/ide/modules/ext/mysql-connector-java-5.1.13-bin.jar:/home/iono/Desktop/Security Testing/Testing-SchoolMate/build/classes:/home/iono/Desktop/Security Testing/Testing-SchoolMate/build/test/classes:/usr/share/netbeans/7.0.1/java/ant/lib/junit.jar:/usr/share/netbeans/7.0.1/java/ant/lib/ant-launcher.jar:/usr/share/netbeans/7.0.1/java/ant/lib/ant.jar:/usr/share/netbeans/7.0.1/java/ant/lib/ant-junit.jar:/usr/share/netbeans/7.0.1/java/ant/lib/ant-junit4.jar" />
    <property name="apple.laf.useScreenMenuBar" value="true" />
    <property name="file.reference.httpmime-4.3.2.jar" value="../jwebunit/lib/httpmime-4.3.2.jar" />
    <property name="do.mkdist" value="true" />
    <property name="file.reference.jwebunit-core-3.2.jar-1" value="../jwebunit/lib/jwebunit-core-3.2.jar" />
    <property name="libs.absolutelayout.src" value="" />
    <property name="os.version" value="3.11.0-18-generic" />
    <property name="application.args" value="" />
    <property name="file.reference.htmlunit-core-js-2.14.jar" value="../jwebunit/lib/htmlunit-core-js-2.14.jar" />
    <property name="java.awt.graphicsenv" value="sun.awt.X11GraphicsEnvironment" />
    <property name="libs.beans-binding.javadoc" value="" />
    <property name="java.vm.vendor" value="Oracle Corporation" />
    <property name="libs.CopyLibs.classpath" value="/usr/share/netbeans/7.0.1/java/ant/extra/org-netbeans-modules-java-j2seproject-copylibstask.jar" />
    <property name="file.reference.nekohtml-1.9.20.jar" value="../jwebunit/lib/nekohtml-1.9.20.jar" />
    <property name="ant.file.Testing-SchoolMate-impl" value="/home/iono/Desktop/Security Testing/Testing-SchoolMate/nbproject/build-impl.xml" />
    <property name="file.reference.regexp-1.3.jar" value="../jwebunit/lib/regexp-1.3.jar" />
    <property name="file.reference.logback-core-1.0.6.jar" value="../jwebunit/lib/logback-core-1.0.6.jar" />
    <property name="run.jvmargs" value="" />
    <property name="platforms.JDK_1.8.home" value="/usr/lib/jvm/jdk1.8.0_05" />
    <property name="libs.PostgreSQLDriver.classpath" value="/usr/share/netbeans/7.0.1/ide/modules/ext/postgresql-8.3-603.jdbc3.jar" />
    <property name="jnlp.signing" value="" />
    <property name="libs.junit.src" value="" />
    <property name="jnlp.signed" value="false" />
    <property name="annotation.processing.source.output" value="build/generated-sources/ap-source-output" />
    <property name="main.class" value="" />
    <property name="build.dir" value="build" />
    <property name="libs.CopyLibs.src" value="" />
    <property name="ant.version" value="Apache Ant(TM) version 1.9.2 compiled on July 14 2013" />
    <property name="build.classes.excludes" value="**/*.java,**/*.form" />
    <property name="file.encoding" value="UTF-8" />
    <property name="javadoc.nonavbar" value="false" />
    <property name="platform.active" value="JDK_1.8" />
    <property name="awt.toolkit" value="sun.awt.X11.XToolkit" />
  </properties>
  <testcase classname="xss_injection.AA.xss_index_php_19" name="Attack_page2" time="25.144">
    <failure message="Link with text [evil link] found in response." type="junit.framework.AssertionFailedError">junit.framework.AssertionFailedError: Link with text [evil link] found in response.
	at net.sourceforge.jwebunit.junit.WebTester.assertLinkNotPresentWithText(WebTester.java:1973)
	at xss_injection.AA.xss_index_php_19.Attack_page2(xss_index_php_19.java:41)
</failure>
  </testcase>
  <testcase classname="xss_injection.AA.xss_index_php_19" name="Attack_page" time="4.9">
    <failure message="Link with text [evil link] found in response." type="junit.framework.AssertionFailedError">junit.framework.AssertionFailedError: Link with text [evil link] found in response.
	at net.sourceforge.jwebunit.junit.WebTester.assertLinkNotPresentWithText(WebTester.java:1973)
	at xss_injection.AA.xss_index_php_19.Attack_page(xss_index_php_19.java:53)
</failure>
  </testcase>
  <system-out><![CDATA[19:34:51.152 [main] DEBUG c.g.htmlunit.WebClient - Get page for window named '', using WebRequest[<url="http://localhost/schoolmate/index.php", GET, EncodingType[name=application/x-www-form-urlencoded], [], {Accept=text/html,application/xhtml+xml,application/xml;q=0.9,*/*;q=0.8, Accept-Encoding=gzip, deflate}, null>]
19:34:51.219 [main] DEBUG c.g.htmlunit.WebClient - Load response for GET http://localhost/schoolmate/index.php
19:34:53.763 [main] DEBUG o.a.h.c.protocol.RequestAddCookies - CookieSpec selected: mine
19:34:53.801 [main] DEBUG o.a.h.c.protocol.RequestAuthCache - Auth cache not set in the context
19:34:53.817 [main] DEBUG o.a.h.i.c.PoolingHttpClientConnectionManager - Connection request: [route: {}->http://localhost:80][total kept alive: 0; route allocated: 0 of 6; total allocated: 0 of 20]
19:34:54.085 [main] DEBUG o.a.h.i.c.PoolingHttpClientConnectionManager - Connection leased: [id: 0][route: {}->http://localhost:80][total kept alive: 0; route allocated: 1 of 6; total allocated: 1 of 20]
19:34:54.134 [main] DEBUG o.a.h.impl.execchain.MainClientExec - Opening connection {}->http://localhost:80
19:34:54.172 [main] DEBUG o.a.h.c.HttpClientConnectionManager - Connecting to localhost/127.0.0.1:80
19:34:54.197 [main] DEBUG o.a.h.impl.execchain.MainClientExec - Executing request GET /schoolmate/index.php HTTP/1.1
19:34:54.198 [main] DEBUG o.a.h.impl.execchain.MainClientExec - Target auth state: UNCHALLENGED
19:34:54.202 [main] DEBUG o.a.h.impl.execchain.MainClientExec - Proxy auth state: UNCHALLENGED
19:34:54.238 [main] DEBUG org.apache.http.headers - http-outgoing-0 >> GET /schoolmate/index.php HTTP/1.1
19:34:54.238 [main] DEBUG org.apache.http.headers - http-outgoing-0 >> Host: localhost
19:34:54.239 [main] DEBUG org.apache.http.headers - http-outgoing-0 >> User-Agent: Mozilla/5.0 (Windows NT 6.1; rv:24.0) Gecko/20100101 Firefox/24.0
19:34:54.240 [main] DEBUG org.apache.http.headers - http-outgoing-0 >> Accept: text/html,application/xhtml+xml,application/xml;q=0.9,*/*;q=0.8
19:34:54.240 [main] DEBUG org.apache.http.headers - http-outgoing-0 >> Accept-Encoding: gzip, deflate
19:34:54.240 [main] DEBUG org.apache.http.headers - http-outgoing-0 >> Accept-Language: en-US
19:34:54.241 [main] DEBUG org.apache.http.headers - http-outgoing-0 >> Connection: Keep-Alive
19:34:54.242 [main] DEBUG org.apache.http.wire - http-outgoing-0 >> "GET /schoolmate/index.php HTTP/1.1[\r][\n]"
19:34:54.242 [main] DEBUG org.apache.http.wire - http-outgoing-0 >> "Host: localhost[\r][\n]"
19:34:54.242 [main] DEBUG org.apache.http.wire - http-outgoing-0 >> "User-Agent: Mozilla/5.0 (Windows NT 6.1; rv:24.0) Gecko/20100101 Firefox/24.0[\r][\n]"
19:34:54.242 [main] DEBUG org.apache.http.wire - http-outgoing-0 >> "Accept: text/html,application/xhtml+xml,application/xml;q=0.9,*/*;q=0.8[\r][\n]"
19:34:54.242 [main] DEBUG org.apache.http.wire - http-outgoing-0 >> "Accept-Encoding: gzip, deflate[\r][\n]"
19:34:54.243 [main] DEBUG org.apache.http.wire - http-outgoing-0 >> "Accept-Language: en-US[\r][\n]"
19:34:54.244 [main] DEBUG org.apache.http.wire - http-outgoing-0 >> "Connection: Keep-Alive[\r][\n]"
19:34:54.244 [main] DEBUG org.apache.http.wire - http-outgoing-0 >> "[\r][\n]"
19:34:54.254 [main] DEBUG org.apache.http.wire - http-outgoing-0 << "HTTP/1.1 200 OK[\r][\n]"
19:34:54.254 [main] DEBUG org.apache.http.wire - http-outgoing-0 << "Date: Wed, 14 May 2014 17:34:54 GMT[\r][\n]"
19:34:54.255 [main] DEBUG org.apache.http.wire - http-outgoing-0 << "Server: Apache/2.4.6 (Ubuntu)[\r][\n]"
19:34:54.255 [main] DEBUG org.apache.http.wire - http-outgoing-0 << "X-Powered-By: PHP/5.5.3-1ubuntu2.2[\r][\n]"
19:34:54.255 [main] DEBUG org.apache.http.wire - http-outgoing-0 << "Set-Cookie: PHPSESSID=qgniqsbqn10r0fpodm6d92v152; path=/[\r][\n]"
19:34:54.256 [main] DEBUG org.apache.http.wire - http-outgoing-0 << "Expires: Thu, 19 Nov 1981 08:52:00 GMT[\r][\n]"
19:34:54.256 [main] DEBUG org.apache.http.wire - http-outgoing-0 << "Cache-Control: no-store, no-cache, must-revalidate, post-check=0, pre-check=0[\r][\n]"
19:34:54.257 [main] DEBUG org.apache.http.wire - http-outgoing-0 << "Pragma: no-cache[\r][\n]"
19:34:54.257 [main] DEBUG org.apache.http.wire - http-outgoing-0 << "Vary: Accept-Encoding[\r][\n]"
19:34:54.257 [main] DEBUG org.apache.http.wire - http-outgoing-0 << "Content-Encoding: gzip[\r][\n]"
19:34:54.258 [main] DEBUG org.apache.http.wire - http-outgoing-0 << "Content-Length: 1753[\r][\n]"
19:34:54.258 [main] DEBUG org.apache.http.wire - http-outgoing-0 << "Keep-Alive: timeout=5, max=100[\r][\n]"
19:34:54.258 [main] DEBUG org.apache.http.wire - http-outgoing-0 << "Connection: Keep-Alive[\r][\n]"
19:34:54.258 [main] DEBUG org.apache.http.wire - http-outgoing-0 << "Content-Type: text/html[\r][\n]"
19:34:54.259 [main] DEBUG org.apache.http.wire - http-outgoing-0 << "[\r][\n]"
19:34:54.264 [main] DEBUG org.apache.http.wire - http-outgoing-0 << "[0x1f][0x8b][0x8][0x0][0x0][0x0][0x0][0x0][0x0][0x3][0xd5]Y[o[0xdb]6[0x14]~[0x96][0x80][0xfe][0x7][0xa2][0xc3][0xa6][0xad][0xa8]e[0xd9][0xae][0xd3][0xd4][0xb1][0x5]$i[0x82][\r]M[0xda]bI1[0xec]i[0xd0][0x85][0xb6][0xd4]J[0xa2] [0xd2]q[0xbc]a[0xff]}[0x87]7YR[0xe8]K[0x82]u[0x17]+[0xb0]$[0xf2][0xf0][0xf0];[0xf7]Cg[0x9a][0xb0]<[0xf3]m4Mp[0x10][0xf3];KY[0x86][0xfd][0x9b](!$[0xbb][0xe][0x18]F=$_[0xd0][0xfb] [0xc7][0xd3][0xbe][0x9c][0x7]B[0xca][0xd6][0x19]Fl][0xe2][0xd9]s[0x86][0xef]Y?[0xa2][0xf4][0xb9]o[0xdb][0xa8][0xff][0x2][0x9d]}x[0xfb]+z[0xd1][0xb7]QH[0xe2][0xb5][0x8d][0xfe][0xb0][0x11][\n]"
19:34:54.264 [main] DEBUG org.apache.http.wire - http-outgoing-0 << "[0x83][0xe8][0xcb][0xa2]"[0xcb]"[0xee]E$#[0xd5][0x4]}3[0x1a][0x1d][0x1d][0xbd]ysb[0xa3]?[0xe5][0xaa][0xab][0x9f][0xde][0xbf][0xbb][0x11][0xcb][0xd0][0xa9];'[0x84][0xe1][\n]"
19:34:54.266 [main] DEBUG org.apache.http.wire - http-outgoing-0 << "[0x1e][0xf9]b[0x84][0xe6][0xa4]`[0xbd]y[0x90][0xa7][0xd9]z[0x82][0x82]*[\r][0xb2][0x93][0xcd]8M[0xc7][0x13]4[0xf0]J[0xd6][0x18]\[0xe1]t[0x91][0xb0][0x9]*H[0x95]kj[0xb5]3M[0xb3];\[0xc9]![0xe][0xbd][0x17][0xe3][0x88]T[0x1]KI1A[0x80][0x10]WYZ`>[0xcf][0x91][0xd5]`&[0x9][0xb9][0xfb]Z[0x90][0xc2][0xc][0xf4]sb[[0x7][0xc1][0xc9]q[0xb1][0x14]0,[0x13][0x6][0xab][0x9]`[0xc8][0x1]X[0xad][0xdd]C[0x92][0xc5]0[0xa6][0xad][0x80][0x8f][0xa2]`[0x14][0x9b][0xb6].[0xc8][0x83]][0x1b]*0[0xee][0xdd][0x95][0xd8][0x96][0xdf][0x8][0xe0][0x12]>gg[[0xac][0xd1][0xc1]P[0x6][0xb]@[0x91]k[0x1b]l[0x81]`[0xb2][0xc0]6[0x3]h[0x14][0xc7][0x1e][0xbf][0xc4][0xd0][0x81] [0xda][0xee][0xf0]7B9=[0xe7][0xd7]AP([0xce]p[0xc4]p[0xfc][0xf5][0xf4][0xe2][0x89][0x8f][0x19][0x8c][0xc9]7;[0x88][0xfe][0x15]%[0x99]p[0xa5][0xc][0xe7][0xf4]?[0xa0][0x1f][0x81][0xe3][0xab]ie|[0xc9][0xaf]C[0xd1]@[0xce][0xbd]==[0xbb][0xba]PI[0x97][0x5]a[0x86]el[0x1b][0xb2][0xf5][0xa5][0xf8][0xd4]k[0x5][0xb1][0xbb][0xde]I.[0xa3][0xba]A[0x1e][0xaf][0xb][0x10]3[0xca]R[0xca][0xb4][0xf0]![0xa9][0x0]V[0xbd]l|[0xcc][0xaf][0x93][0xc6][0xcc]*[0x8d]Y2A[0xae][0xf7]z|q[0xdd][0x9c][0x10][0x5][0x8][0x92]9[0xc9][0xd2]X[0x8c][0x97]A[0x1c][0xa7][0xc5][0xa2]WI[0xf5][0xc][0xca][0xfb][0xd6]pH[0x18]#[0xf9][0xc3][0xf1][0xc][0xcf][0x81][0xda][0xeb][0x8c]2R[0xd6][0x83]R[0x82][0xd8][\r]k[0xd0];[0x8a][0xd9][0x86][0xfa][0xee] [0xf2][0xe6]l[0x85]K[0x1c][0x0][0x18]y[0xef][0xad][0x9b][0xec]V;[0xb8]um[0x13][0xbb]AQ[0x0]E[0x84]!i[0xd7][0xaa][0x16][0x1e][0x11]d[0xe9][0x2][0x9c][0xe1][0xf3][0x92][0xb2]t[0xbe]6(b[0xd8][0xd5][0x84]R[0xe7][0xb0][0xa9][0xc][0x97][0xc4][0xf1][0xe]<[0xdd][0xe0]T[0x9b]F[0x0]F[0xd6]][0xc9][0x4][0xdf][0xe1]b[0x7][0x97][0xb][0x8f]_{[0xb9][0xf0][0xce]e[0x13]L{][0x11][0x9c][0xfe][0xc7][0x8b][0xd3][0xb7][0x17]?+[0xaf]O[0x6]zi[0xbb][0xa2][0xb1]4[0xc7][0xf4]AE[0x1b][0xe][0x8d][0x15]][0x96]4d[0xce][0xb][0xdb][0xb3][0xf8]N[0xc1][0x92]![0x94]\J![0x8f][0x1a][0xea][0xad][0x19][0xdd][0xe0]h[0xf][0xba]'![0x1][0x8d][0x9d][0xba][0xb9][0xfd]p[0x8d][0xce][0xaf]Nont[0xba][0xd0][0xe8]Br[0xbf]7[0xb]X[0xc6][0x98][0xb5][0xcc]!nurB[0xdd][0xa1]([0x8f][0x14][0xf9][0xf0][0xbe][0xf3][0x5][0xd3]yZhV[0x83][0xf1]f(QZ[0xd0]c[0x8a]d[0xc4][0xad]c[0xe9][0xc9][0xa1]x[0xdb][0xdb]N[0x89]<l5U[0xc5][0x83][0x6][0x86]x>[0x9f]gd[0xd5][0xa9][0xd0][\r][0x1d]I[0x9d][0xfe]/4[0xf5]DE[0x99]<[0xc8][0x2][0xbd][0xb0]4[\n]"
19:34:54.267 [main] DEBUG org.apache.http.wire - http-outgoing-0 << "2=[0x91][0xa7]q[0x9c][0xe1][0x96][0xc6][0x82]%#[0x1b][0x8d][0xfd]3[0x8d][0xbf][0xdc]k[0x8d]3@[0xc0]qo[0xf][0xb1][0xa6][0xfd][0x87][0xe3][0x87][0xed][0xb4][0xde][0xe6]q[\r][0xb5]=[0xed][0xb][0xb][0xfb][0xf0][0xa0][0x8e]^p[0xa6][0xe2][0xc7]%D[0x8a]+[0x12][0xc4]3'&[0xd1][0x92][0xa7]o7#[0x8b][0xb4]p[0x97][0x14]WP=1((Z[0xd2][0xef]8q[0xc4]q[0x8d][0xd7]U[0xd0]v[0x96])[0x93][0xcf]<[0xf1]F[0xcb] [0x92]o[0xd2]E[0xe0]A[0x98]s[0xe6][0xc]<[0xef][[0x7]Is[0xce][0x9c]cO[0xb2][0xa9][0xc4]w[0x8c][0xa2],[0xa0]t[0xe6][0x84][0x8e]&[0x7][0xeb]s[\n]"
19:34:54.272 [main] DEBUG org.apache.http.wire - http-outgoing-0 << "4M[0xf3][0x5][0xa2]U4s[0xdc]~[0x9a][0x83]KSy[0x14]t[0x17][0xe9]|[0xc3][0xee][0xf5][0xb8][0xb5][0x10][0xf5]9[0xdb]>[0x8b][0xbb][0xdc][0x5][0xc7][0xc7]c?[0x6][0xe8]ri%o[0x1d][0x96]h[0x1a][0xa7]wzhc\[0x7][0x9][0xe7][0x9b]9[0xd2]+[0x1d][0xbf]u[0xa2][0x85]%[0x82][0x99][0x84][0xc9][0xef][0x95][0xba]s|[0xb5][0x0]r[0xbc][0x1e][0xad]uoV[0xeb]1[0xbc][0xd4][0xe8][0xdb]B[0xb5][0x5][0xee] [0xb3][0x8d][0xb2][0xd5][0x9b][0x8c][0xbc]z[0x8f][0x81][0xe7]Oq^[0xb2][0xb5]_#7,[0x19]x[0x8d][0x8a][0xd8][0xb4][0x1d])y[0xe6][0x12][0xd6][0xdb][0xcd][0xa7][0xde]n+[0xa3][0x3][0x98][0xec][0x5]#[0x9a][0xc][0x13]#[0xa9]v{[0x8b][0xd1]5[0xe3][0x91][0x87][0xee][0x94]&[0x81][0x99][0xf2][0x85][0xb0]j[0xd9][0xb5][0xb1][0xee]n[0x1f][0xa2][0x8d]n[0xbe]+BZ[0x9e][0x18][0x98][0xac][0x1c][0xc3][0x96][0xd2]%[0xe]0[0xfc]plv[0x1c][0xf1][0xe6][0xdb][0x96][0x10][0xd6][0x12][0xfb][0xb5]w[0xb1][0x94]`[0x16][0xea]:[0xe0][0xd8]k[0xb8]\[0xdb][0xad]v[0x0][0x19]+V\[0xc9][0x16][0x92][0x12]*[0x8e]c[0xe]L1[0xe2][\n]"
19:34:54.273 [main] DEBUG org.apache.http.wire - http-outgoing-0 << "[0xe9][\n]"
19:34:54.273 [main] DEBUG org.apache.http.wire - http-outgoing-0 << "lY[0xcd]p[0xdb]T:1[0x85][0xd0][0x7][0xb0]iZ[0x4][0x99][0xe8],8[0xb1][0x8c]4[0xb1][0x89]P[0xa7][0x92][0xcf][0xb0][0x9b][0xf0][0x86][0xc7]m'[0x95][0x2][0xf7]9[0xe4]c[0x14]D<[0xe3][\n]"
19:34:54.273 [main] DEBUG org.apache.http.wire - http-outgoing-0 << "[0x83][0xc2][0xa9][0xe7][0xde]-[0x93][0xd2]A9f[0x9][0x1]+[0x97][0x84][0x2]s[0x9e]KA.[0x9e][[0x1d]w0[0x8f][0x9f][0x16][0xcc]u"R[\n]"
19:34:54.273 [main] DEBUG org.apache.http.wire - http-outgoing-0 << "[0x91]6[0xd5]Jn[0x8b][0xaa][0xf6][0x1a]o[0xfc]X[0x16]J[0x8][0x87][0xd0][0xff][0xa4]R[0xff]D;c[0xa8][0xa2]C3[0xf3][0xa7]iQ.[0x99][0xfc]5[0x8e][0xab][I[0xa7]k[0x6][0xc8][0x1e][0xdc]g[0xb8]Xp[0x97][0xd7][0x9e]78np[0x91]av [0xca]Wc[0x13][0xca][0x8f] [0xec][\n]"
19:34:54.274 [main] DEBUG org.apache.http.wire - http-outgoing-0 << "[0xb4]t[0x18][0xca]RQ+[0xa4][0xfa][0xf5][0xc9]H[[0x81][0xda][0x85][0xaf][\r]R[0xe3]oA[0xa1][0xcb]0O[0x19][0x17]i[0x9]H[0xae][0x84]G@[0x15]>[0xcf][0xd2][0xe8][0xcb][0x83]2,[0xbf]%[0xed][0x0]j[0xb0]v[0xe5]&[0xb2][0xba]H[0x8][0x18][0x8d][0x9d][0x9c][0x4][0xd4][0x85][0xb][0xa7][0x16]z[0x81][0x1d][0xbd][0xaf][0xe7][0xec][0xa5]W[0xce]*[0x2][0xb6][0xcf][0xfd]\[0xa4][0x8][0x15]V[\n]"
19:34:54.275 [main] DEBUG org.apache.http.wire - http-outgoing-0 << "[0x8][0xda]T0[0x15][0xd5][0xdb][0x83][0xda][0x1c]f[0xe6]([0xab][0xb][0x94]e[0xcc]r[0xdb]*x3[0x4][0x94][0xc1][0x8c][0x96][0xe9][0xfa][0x13][0x8f]v[0x19][0xd1][0x86][0xc6][0x83][0x8a][0xf2][0xed]~.[0x17][0xe][0x12]][0x14]We[0xf3][0xc];[0xe2][\r]l[0xfb](/[0x8e][0xaf]u![0x1d][0x8e]F[0x8d][0x9c];[0x18]t;[0x84].[0x1e][0xde][0xc8]X:oY[0xda][0xd2][\r]C[0xd7]mD[0x9d][0xdb][0x1e][0x93]H[0xd1]^[0x9d][0xa3]i2[0xec][0x10]8[0xfe]-[0x89][0x83][0xb5]C[0xd1][0xb5][0x1c][0x80]Nr[0xe8][0xd7][0xd5][0x1][0xdd]&)E[0xf0][0xc7][0x12][0xac])[0x10][0x99][0x8b]WX6[0xe9]=[0xb3][0xf9][0xf5][0xb][0x86][0x91][0xb4][0xf8][0x82][0xc8][0xb2]B[0xf3][0x0]f+[\n]"
19:34:54.276 [main] DEBUG org.apache.http.wire - http-outgoing-0 << "}4[0xc9][0xe8]K8|[0x80][0x4][0x14][0xc8][0xe1][0x8e][0x11][0x14][0xc9][0xd5][0xcb]gvA[0xe0]}[0x19]2[0xb1][0x80]OS[0x6][0x84][0x5]E+[0xb2][0xcc]b[0xc5]lI[0x9f][0xd9][0x94][0xb8];[0xdd][0xb3][0xdb]`mz[0xaf]zF[0x97][0xdd][0xc7][0x15][0xef]F/![0x93][0x82]N[\r][0xbc]oo[0xf7][0x15][0xfb][0x9a][0x8a]MY>[0xb4][0xc1]i.1[0xc3][0x93][0xbf]C=[0xae][0xfb][0xda][0xc7][0xed]1-[0xd8][0xa1]<[0xf7][0xb4]d-[0xd5][0x11][0x1e][0xf2][0xc5][0xec][0x15][\n]"
19:34:54.276 [main] DEBUG org.apache.http.wire - http-outgoing-0 << "[0x17][0xe7][0xfc][0x18]4s[0xd4]/\[0x1b][0x9][0x86][0x9e][0xea][0x91][0xa4]W[0x8b]g4[0xe5][0xcb]4Hy[0xf2]s[0xfc][0x8f]d[0x85]+[0x1c][0xa3][0xb3]5[0xea][0xc1]f[0x9c][0xc4][0x9f][0x6][0x88][0x5][0xd5][0x2][0x3][0xa3][0xdf][0xce][0xae]N[0xdf][0xbf][0x3][0xc6][0x15][0x9e]C[0x86]d[0xac][0x9c][0xf4][0xfb][0xab][0xd5][0xca][0x85]&2[0xf][0x18][0xe][0xca][0x12]2[0xb7]8rQ7"[0xb9][0xd3][0xe5][0xbf][0xf9][0xe7][0xd6][0xb4][0x1f]t1udl[0xf8](?[0x9c][0x89][0x7][0xf1]/[0xb3][0xbf][0x0][0x8]peE9[0x1b][0x0][0x0]"
19:34:54.305 [main] DEBUG org.apache.http.headers - http-outgoing-0 << HTTP/1.1 200 OK
19:34:54.305 [main] DEBUG org.apache.http.headers - http-outgoing-0 << Date: Wed, 14 May 2014 17:34:54 GMT
19:34:54.306 [main] DEBUG org.apache.http.headers - http-outgoing-0 << Server: Apache/2.4.6 (Ubuntu)
19:34:54.306 [main] DEBUG org.apache.http.headers - http-outgoing-0 << X-Powered-By: PHP/5.5.3-1ubuntu2.2
19:34:54.306 [main] DEBUG org.apache.http.headers - http-outgoing-0 << Set-Cookie: PHPSESSID=qgniqsbqn10r0fpodm6d92v152; path=/
19:34:54.306 [main] DEBUG org.apache.http.headers - http-outgoing-0 << Expires: Thu, 19 Nov 1981 08:52:00 GMT
19:34:54.306 [main] DEBUG org.apache.http.headers - http-outgoing-0 << Cache-Control: no-store, no-cache, must-revalidate, post-check=0, pre-check=0
19:34:54.306 [main] DEBUG org.apache.http.headers - http-outgoing-0 << Pragma: no-cache
19:34:54.307 [main] DEBUG org.apache.http.headers - http-outgoing-0 << Vary: Accept-Encoding
19:34:54.311 [main] DEBUG org.apache.http.headers - http-outgoing-0 << Content-Encoding: gzip
19:34:54.338 [main] DEBUG org.apache.http.headers - http-outgoing-0 << Content-Length: 1753
19:34:54.338 [main] DEBUG org.apache.http.headers - http-outgoing-0 << Keep-Alive: timeout=5, max=100
19:34:54.338 [main] DEBUG org.apache.http.headers - http-outgoing-0 << Connection: Keep-Alive
19:34:54.338 [main] DEBUG org.apache.http.headers - http-outgoing-0 << Content-Type: text/html
19:34:54.417 [main] DEBUG o.a.h.impl.execchain.MainClientExec - Connection can be kept alive for 5000 MILLISECONDS
19:34:54.506 [main] DEBUG o.a.h.c.p.ResponseProcessCookies - Cookie accepted [PHPSESSID="qgniqsbqn10r0fpodm6d92v152", version:0, domain:localhost, path:/, expiry:null]
19:34:54.631 [main] DEBUG o.a.h.i.c.PoolingHttpClientConnectionManager - Connection [id: 0][route: {}->http://localhost:80] can be kept alive for 5.0 seconds
19:34:54.631 [main] DEBUG o.a.h.i.c.PoolingHttpClientConnectionManager - Connection released: [id: 0][route: {}->http://localhost:80][total kept alive: 1; route allocated: 1 of 6; total allocated: 1 of 20]
19:34:54.984 [main] DEBUG c.g.htmlunit.WebWindowImpl - setEnclosedPage: HtmlPage(http://localhost/schoolmate/index.php)@18130900
19:34:54.984 [main] DEBUG c.g.htmlunit.WebWindowImpl - destroyChildren
19:34:56.661 [main] DEBUG c.g.h.j.c.AbstractJavaScriptConfiguration - Mapping com.gargoylesoftware.htmlunit.svg.SvgForeignObject to SVGForeignObjectElement
19:34:56.661 [main] DEBUG c.g.h.j.c.AbstractJavaScriptConfiguration - Mapping com.gargoylesoftware.htmlunit.html.HtmlInput to HTMLInputElement
19:34:56.662 [main] DEBUG c.g.h.j.c.AbstractJavaScriptConfiguration - Mapping com.gargoylesoftware.htmlunit.svg.SvgFeSpecularLighting to SVGFESpecularLightingElement
19:34:56.662 [main] DEBUG c.g.h.j.c.AbstractJavaScriptConfiguration - Mapping com.gargoylesoftware.htmlunit.html.DomAttr to Attr
19:34:56.662 [main] DEBUG c.g.h.j.c.AbstractJavaScriptConfiguration - Mapping com.gargoylesoftware.htmlunit.svg.SvgFeDiffuseLighting to SVGFEDiffuseLightingElement
19:34:56.662 [main] DEBUG c.g.h.j.c.AbstractJavaScriptConfiguration - Mapping com.gargoylesoftware.htmlunit.html.HtmlSpan to HTMLSpanElement
19:34:56.663 [main] DEBUG c.g.h.j.c.AbstractJavaScriptConfiguration - Mapping com.gargoylesoftware.htmlunit.svg.SvgFeColorMatrix to SVGFEColorMatrixElement
19:34:56.663 [main] DEBUG c.g.h.j.c.AbstractJavaScriptConfiguration - Mapping com.gargoylesoftware.htmlunit.html.HtmlTableColumn to HTMLTableColElement
19:34:56.664 [main] DEBUG c.g.h.j.c.AbstractJavaScriptConfiguration - Mapping com.gargoylesoftware.htmlunit.html.HtmlTableColumnGroup to HTMLTableColElement
19:34:56.664 [main] DEBUG c.g.h.j.c.AbstractJavaScriptConfiguration - Mapping com.gargoylesoftware.htmlunit.html.HtmlMarquee to HTMLDivElement
19:34:56.664 [main] DEBUG c.g.h.j.c.AbstractJavaScriptConfiguration - Mapping com.gargoylesoftware.htmlunit.html.HtmlDivision to HTMLDivElement
19:34:56.665 [main] DEBUG c.g.h.j.c.AbstractJavaScriptConfiguration - Mapping com.gargoylesoftware.htmlunit.html.HtmlCaption to HTMLTableCaptionElement
19:34:56.665 [main] DEBUG c.g.h.j.c.AbstractJavaScriptConfiguration - Mapping com.gargoylesoftware.htmlunit.html.HtmlUnknownElement to HTMLUnknownElement
19:34:56.665 [main] DEBUG c.g.h.j.c.AbstractJavaScriptConfiguration - Mapping com.gargoylesoftware.htmlunit.html.HtmlMenu to HTMLMenuElement
19:34:56.665 [main] DEBUG c.g.h.j.c.AbstractJavaScriptConfiguration - Mapping com.gargoylesoftware.htmlunit.html.HtmlDeletedText to HTMLModElement
19:34:56.666 [main] DEBUG c.g.h.j.c.AbstractJavaScriptConfiguration - Mapping com.gargoylesoftware.htmlunit.html.HtmlInsertedText to HTMLModElement
19:34:56.666 [main] DEBUG c.g.h.j.c.AbstractJavaScriptConfiguration - Mapping com.gargoylesoftware.htmlunit.html.HtmlTime to HTMLTimeElement
19:34:56.666 [main] DEBUG c.g.h.j.c.AbstractJavaScriptConfiguration - Mapping com.gargoylesoftware.htmlunit.html.HtmlListItem to HTMLLIElement
19:34:56.666 [main] DEBUG c.g.h.j.c.AbstractJavaScriptConfiguration - Mapping com.gargoylesoftware.htmlunit.svg.SvgFeDistantLight to SVGFEDistantLightElement
19:34:56.666 [main] DEBUG c.g.h.j.c.AbstractJavaScriptConfiguration - Mapping com.gargoylesoftware.htmlunit.html.HtmlKeygen to HTMLKeygenElement
19:34:56.667 [main] DEBUG c.g.h.j.c.AbstractJavaScriptConfiguration - Mapping com.gargoylesoftware.htmlunit.html.HtmlStyle to HTMLStyleElement
19:34:56.667 [main] DEBUG c.g.h.j.c.AbstractJavaScriptConfiguration - Mapping com.gargoylesoftware.htmlunit.html.HtmlFrameSet to HTMLFrameSetElement
19:34:56.668 [main] DEBUG c.g.h.j.c.AbstractJavaScriptConfiguration - Mapping com.gargoylesoftware.htmlunit.html.HtmlOption to HTMLOptionElement
19:34:56.668 [main] DEBUG c.g.h.j.c.AbstractJavaScriptConfiguration - Mapping com.gargoylesoftware.htmlunit.html.HtmlEmbed to HTMLEmbedElement
19:34:56.668 [main] DEBUG c.g.h.j.c.AbstractJavaScriptConfiguration - Mapping com.gargoylesoftware.htmlunit.svg.SvgElement to SVGElement
19:34:56.668 [main] DEBUG c.g.h.j.c.AbstractJavaScriptConfiguration - Mapping com.gargoylesoftware.htmlunit.svg.SvgFeFlood to SVGFEFloodElement
19:34:56.668 [main] DEBUG c.g.h.j.c.AbstractJavaScriptConfiguration - Mapping com.gargoylesoftware.htmlunit.svg.SvgMask to SVGMaskElement
19:34:56.669 [main] DEBUG c.g.h.j.c.AbstractJavaScriptConfiguration - Mapping com.gargoylesoftware.htmlunit.html.HtmlAudio to HTMLAudioElement
19:34:56.669 [main] DEBUG c.g.h.j.c.AbstractJavaScriptConfiguration - Mapping com.gargoylesoftware.htmlunit.svg.SvgSymbol to SVGSymbolElement
19:34:56.669 [main] DEBUG c.g.h.j.c.AbstractJavaScriptConfiguration - Mapping com.gargoylesoftware.htmlunit.html.HtmlBase to HTMLBaseElement
19:34:56.669 [main] DEBUG c.g.h.j.c.AbstractJavaScriptConfiguration - Mapping com.gargoylesoftware.htmlunit.html.HtmlMap to HTMLMapElement
19:34:56.669 [main] DEBUG c.g.h.j.c.AbstractJavaScriptConfiguration - Mapping com.gargoylesoftware.htmlunit.html.HtmlHtml to HTMLHtmlElement
19:34:56.670 [main] DEBUG c.g.h.j.c.AbstractJavaScriptConfiguration - Mapping com.gargoylesoftware.htmlunit.html.HtmlInlineQuotation to HTMLInlineQuotationElement
19:34:56.670 [main] DEBUG c.g.h.j.c.AbstractJavaScriptConfiguration - Mapping com.gargoylesoftware.htmlunit.html.HtmlSelect to HTMLSelectElement
19:34:56.670 [main] DEBUG c.g.h.j.c.AbstractJavaScriptConfiguration - Mapping com.gargoylesoftware.htmlunit.svg.SvgMetadata to SVGMetadataElement
19:34:56.670 [main] DEBUG c.g.h.j.c.AbstractJavaScriptConfiguration - Mapping com.gargoylesoftware.htmlunit.svg.SvgUse to SVGUseElement
19:34:56.671 [main] DEBUG c.g.h.j.c.AbstractJavaScriptConfiguration - Mapping com.gargoylesoftware.htmlunit.html.HtmlHorizontalRule to HTMLHRElement
19:34:56.674 [main] DEBUG c.g.h.j.c.AbstractJavaScriptConfiguration - Mapping com.gargoylesoftware.htmlunit.svg.SvgRadialGradient to SVGRadialGradientElement
19:34:56.675 [main] DEBUG c.g.h.j.c.AbstractJavaScriptConfiguration - Mapping com.gargoylesoftware.htmlunit.html.HtmlProgress to HTMLProgressElement
19:34:56.675 [main] DEBUG c.g.h.j.c.AbstractJavaScriptConfiguration - Mapping com.gargoylesoftware.htmlunit.svg.SvgFeMergeNode to SVGFEMergeNodeElement
19:34:56.675 [main] DEBUG c.g.h.j.c.AbstractJavaScriptConfiguration - Mapping com.gargoylesoftware.htmlunit.html.HtmlTableRow to HTMLTableRowElement
19:34:56.675 [main] DEBUG c.g.h.j.c.AbstractJavaScriptConfiguration - Mapping com.gargoylesoftware.htmlunit.html.HtmlDirectory to HTMLDirectoryElement
19:34:56.675 [main] DEBUG c.g.h.j.c.AbstractJavaScriptConfiguration - Mapping com.gargoylesoftware.htmlunit.html.HtmlWordBreak to HTMLWBRElement
19:34:56.676 [main] DEBUG c.g.h.j.c.AbstractJavaScriptConfiguration - Mapping com.gargoylesoftware.htmlunit.html.HtmlMeter to HTMLMeterElement
19:34:56.676 [main] DEBUG c.g.h.j.c.AbstractJavaScriptConfiguration - Mapping com.gargoylesoftware.htmlunit.html.DomCharacterData to CharacterDataImpl
19:34:56.676 [main] DEBUG c.g.h.j.c.AbstractJavaScriptConfiguration - Mapping com.gargoylesoftware.htmlunit.html.HtmlBlockQuote to HTMLBlockQuoteElement
19:34:56.676 [main] DEBUG c.g.h.j.c.AbstractJavaScriptConfiguration - Mapping com.gargoylesoftware.htmlunit.html.HtmlForm to HTMLFormElement
19:34:56.677 [main] DEBUG c.g.h.j.c.AbstractJavaScriptConfiguration - Mapping com.gargoylesoftware.htmlunit.html.HtmlOutput to HTMLOutputElement
19:34:56.677 [main] DEBUG c.g.h.j.c.AbstractJavaScriptConfiguration - Mapping com.gargoylesoftware.htmlunit.html.HtmlUnorderedList to HTMLUListElement
19:34:56.677 [main] DEBUG c.g.h.j.c.AbstractJavaScriptConfiguration - Mapping com.gargoylesoftware.htmlunit.html.HtmlButton to HTMLButtonElement
19:34:56.677 [main] DEBUG c.g.h.j.c.AbstractJavaScriptConfiguration - Mapping com.gargoylesoftware.htmlunit.html.HtmlHeading2 to HTMLHeadingElement
19:34:56.677 [main] DEBUG c.g.h.j.c.AbstractJavaScriptConfiguration - Mapping com.gargoylesoftware.htmlunit.html.HtmlHeading1 to HTMLHeadingElement
19:34:56.678 [main] DEBUG c.g.h.j.c.AbstractJavaScriptConfiguration - Mapping com.gargoylesoftware.htmlunit.html.HtmlHeading5 to HTMLHeadingElement
19:34:56.678 [main] DEBUG c.g.h.j.c.AbstractJavaScriptConfiguration - Mapping com.gargoylesoftware.htmlunit.html.HtmlHeading6 to HTMLHeadingElement
19:34:56.680 [main] DEBUG c.g.h.j.c.AbstractJavaScriptConfiguration - Mapping com.gargoylesoftware.htmlunit.html.HtmlHeading3 to HTMLHeadingElement
19:34:56.681 [main] DEBUG c.g.h.j.c.AbstractJavaScriptConfiguration - Mapping com.gargoylesoftware.htmlunit.html.HtmlHeading4 to HTMLHeadingElement
19:34:56.681 [main] DEBUG c.g.h.j.c.AbstractJavaScriptConfiguration - Mapping com.gargoylesoftware.htmlunit.html.HtmlLegend to HTMLLegendElement
19:34:56.681 [main] DEBUG c.g.h.j.c.AbstractJavaScriptConfiguration - Mapping com.gargoylesoftware.htmlunit.svg.SvgFeFuncA to SVGFEFuncAElement
19:34:56.681 [main] DEBUG c.g.h.j.c.AbstractJavaScriptConfiguration - Mapping com.gargoylesoftware.htmlunit.svg.SvgFeOffset to SVGFEOffsetElement
19:34:56.682 [main] DEBUG c.g.h.j.c.AbstractJavaScriptConfiguration - Mapping com.gargoylesoftware.htmlunit.svg.SvgSvg to SVGSVGElement
19:34:56.682 [main] DEBUG c.g.h.j.c.AbstractJavaScriptConfiguration - Mapping com.gargoylesoftware.htmlunit.html.HtmlDefinitionDescription to HTMLDefinitionDescriptionElement
19:34:56.682 [main] DEBUG c.g.h.j.c.AbstractJavaScriptConfiguration - Mapping com.gargoylesoftware.htmlunit.html.HtmlFieldSet to HTMLFieldSetElement
19:34:56.682 [main] DEBUG c.g.h.j.c.AbstractJavaScriptConfiguration - Mapping com.gargoylesoftware.htmlunit.svg.SvgTitle to SVGTitleElement
19:34:56.682 [main] DEBUG c.g.h.j.c.AbstractJavaScriptConfiguration - Mapping com.gargoylesoftware.htmlunit.html.HtmlVideo to HTMLVideoElement
19:34:56.683 [main] DEBUG c.g.h.j.c.AbstractJavaScriptConfiguration - Mapping com.gargoylesoftware.htmlunit.html.HtmlInlineFrame to HTMLIFrameElement
19:34:56.683 [main] DEBUG c.g.h.j.c.AbstractJavaScriptConfiguration - Mapping com.gargoylesoftware.htmlunit.html.DomElement to Element
19:34:56.683 [main] DEBUG c.g.h.j.c.AbstractJavaScriptConfiguration - Mapping com.gargoylesoftware.htmlunit.svg.SvgStyle to SVGStyleElement
19:34:56.683 [main] DEBUG c.g.h.j.c.AbstractJavaScriptConfiguration - Mapping com.gargoylesoftware.htmlunit.svg.SvgImage to SVGImageElement
19:34:56.683 [main] DEBUG c.g.h.j.c.AbstractJavaScriptConfiguration - Mapping com.gargoylesoftware.htmlunit.svg.SvgTextPath to SVGTextPathElement
19:34:56.684 [main] DEBUG c.g.h.j.c.AbstractJavaScriptConfiguration - Mapping com.gargoylesoftware.htmlunit.html.HtmlBreak to HTMLBRElement
19:34:56.684 [main] DEBUG c.g.h.j.c.AbstractJavaScriptConfiguration - Mapping com.gargoylesoftware.htmlunit.html.DomDocumentFragment to DocumentFragment
19:34:56.684 [main] DEBUG c.g.h.j.c.AbstractJavaScriptConfiguration - Mapping com.gargoylesoftware.htmlunit.svg.SvgFeConvolveMatrix to SVGFEConvolveMatrixElement
19:34:56.684 [main] DEBUG c.g.h.j.c.AbstractJavaScriptConfiguration - Mapping com.gargoylesoftware.htmlunit.html.DomDocumentType to DocumentType
19:34:56.684 [main] DEBUG c.g.h.j.c.AbstractJavaScriptConfiguration - Mapping com.gargoylesoftware.htmlunit.html.HtmlSource to HTMLSourceElement
19:34:56.685 [main] DEBUG c.g.h.j.c.AbstractJavaScriptConfiguration - Mapping com.gargoylesoftware.htmlunit.svg.SvgPolygon to SVGPolygonElement
19:34:56.685 [main] DEBUG c.g.h.j.c.AbstractJavaScriptConfiguration - Mapping com.gargoylesoftware.htmlunit.html.HtmlFrame to HTMLFrameElement
19:34:56.685 [main] DEBUG c.g.h.j.c.AbstractJavaScriptConfiguration - Mapping com.gargoylesoftware.htmlunit.html.HtmlParagraph to HTMLParagraphElement
19:34:56.685 [main] DEBUG c.g.h.j.c.AbstractJavaScriptConfiguration - Mapping com.gargoylesoftware.htmlunit.html.HtmlApplet to HTMLAppletElement
19:34:56.685 [main] DEBUG c.g.h.j.c.AbstractJavaScriptConfiguration - Mapping com.gargoylesoftware.htmlunit.html.HtmlAnchor to HTMLAnchorElement
19:34:56.685 [main] DEBUG c.g.h.j.c.AbstractJavaScriptConfiguration - Mapping com.gargoylesoftware.htmlunit.svg.SvgSwitch to SVGSwitchElement
19:34:56.686 [main] DEBUG c.g.h.j.c.AbstractJavaScriptConfiguration - Mapping com.gargoylesoftware.htmlunit.svg.SvgFeImage to SVGFEImageElement
19:34:56.686 [main] DEBUG c.g.h.j.c.AbstractJavaScriptConfiguration - Mapping com.gargoylesoftware.htmlunit.svg.SvgLinearGradient to SVGLinearGradientElement
19:34:56.686 [main] DEBUG c.g.h.j.c.AbstractJavaScriptConfiguration - Mapping com.gargoylesoftware.htmlunit.svg.SvgFeComponentTransfer to SVGFEComponentTransferElement
19:34:56.686 [main] DEBUG c.g.h.j.c.AbstractJavaScriptConfiguration - Mapping com.gargoylesoftware.htmlunit.svg.SvgLine to SVGLineElement
19:34:56.687 [main] DEBUG c.g.h.j.c.AbstractJavaScriptConfiguration - Mapping com.gargoylesoftware.htmlunit.svg.SvgMpath to SVGMpathElement
19:34:56.694 [main] DEBUG c.g.h.j.c.AbstractJavaScriptConfiguration - Mapping com.gargoylesoftware.htmlunit.html.HtmlDefinitionTerm to HTMLDefinitionTermElement
19:34:56.694 [main] DEBUG c.g.h.j.c.AbstractJavaScriptConfiguration - Mapping com.gargoylesoftware.htmlunit.svg.SvgFeGaussianBlur to SVGFEGaussianBlurElement
19:34:56.694 [main] DEBUG c.g.h.j.c.AbstractJavaScriptConfiguration - Mapping com.gargoylesoftware.htmlunit.svg.SvgSet to SVGSetElement
19:34:56.694 [main] DEBUG c.g.h.j.c.AbstractJavaScriptConfiguration - Mapping com.gargoylesoftware.htmlunit.html.HtmlTable to HTMLTableElement
19:34:56.695 [main] DEBUG c.g.h.j.c.AbstractJavaScriptConfiguration - Mapping com.gargoylesoftware.htmlunit.html.HtmlTitle to HTMLTitleElement
19:34:56.695 [main] DEBUG c.g.h.j.c.AbstractJavaScriptConfiguration - Mapping com.gargoylesoftware.htmlunit.html.HtmlNoEmbed to HTMLElement
19:34:56.695 [main] DEBUG c.g.h.j.c.AbstractJavaScriptConfiguration - Mapping com.gargoylesoftware.htmlunit.html.HtmlFigureCaption to HTMLElement
19:34:56.695 [main] DEBUG c.g.h.j.c.AbstractJavaScriptConfiguration - Mapping com.gargoylesoftware.htmlunit.html.HtmlSection to HTMLElement
19:34:56.695 [main] DEBUG c.g.h.j.c.AbstractJavaScriptConfiguration - Mapping com.gargoylesoftware.htmlunit.html.HtmlFigure to HTMLElement
19:34:56.696 [main] DEBUG c.g.h.j.c.AbstractJavaScriptConfiguration - Mapping com.gargoylesoftware.htmlunit.html.HtmlHeader to HTMLElement
19:34:56.696 [main] DEBUG c.g.h.j.c.AbstractJavaScriptConfiguration - Mapping com.gargoylesoftware.htmlunit.html.HtmlArticle to HTMLElement
19:34:56.696 [main] DEBUG c.g.h.j.c.AbstractJavaScriptConfiguration - Mapping com.gargoylesoftware.htmlunit.html.HtmlMark to HTMLElement
19:34:56.696 [main] DEBUG c.g.h.j.c.AbstractJavaScriptConfiguration - Mapping com.gargoylesoftware.htmlunit.html.HtmlElement to HTMLElement
19:34:56.697 [main] DEBUG c.g.h.j.c.AbstractJavaScriptConfiguration - Mapping com.gargoylesoftware.htmlunit.html.HtmlNav to HTMLElement
19:34:56.697 [main] DEBUG c.g.h.j.c.AbstractJavaScriptConfiguration - Mapping com.gargoylesoftware.htmlunit.html.HtmlNoFrames to HTMLElement
19:34:56.697 [main] DEBUG c.g.h.j.c.AbstractJavaScriptConfiguration - Mapping com.gargoylesoftware.htmlunit.html.HtmlFooter to HTMLElement
19:34:56.697 [main] DEBUG c.g.h.j.c.AbstractJavaScriptConfiguration - Mapping com.gargoylesoftware.htmlunit.html.HtmlWordBreak to HTMLElement
19:34:56.697 [main] DEBUG c.g.h.j.c.AbstractJavaScriptConfiguration - Mapping com.gargoylesoftware.htmlunit.html.HtmlNoScript to HTMLElement
19:34:56.697 [main] DEBUG c.g.h.j.c.AbstractJavaScriptConfiguration - Mapping com.gargoylesoftware.htmlunit.html.HtmlAside to HTMLElement
19:34:56.698 [main] DEBUG c.g.h.j.c.AbstractJavaScriptConfiguration - Mapping com.gargoylesoftware.htmlunit.html.HtmlNoBreak to HTMLElement
19:34:56.698 [main] DEBUG c.g.h.j.c.AbstractJavaScriptConfiguration - Mapping com.gargoylesoftware.htmlunit.html.HtmlBackgroundSound to HTMLBGSoundElement
19:34:56.698 [main] DEBUG c.g.h.j.c.AbstractJavaScriptConfiguration - Mapping com.gargoylesoftware.htmlunit.svg.SvgPath to SVGPathElement
19:34:56.698 [main] DEBUG c.g.h.j.c.AbstractJavaScriptConfiguration - Mapping com.gargoylesoftware.htmlunit.svg.SvgEllipse to SVGEllipseElement
19:34:56.699 [main] DEBUG c.g.h.j.c.AbstractJavaScriptConfiguration - Mapping com.gargoylesoftware.htmlunit.html.DomProcessingInstruction to ProcessingInstruction
19:34:56.699 [main] DEBUG c.g.h.j.c.AbstractJavaScriptConfiguration - Mapping com.gargoylesoftware.htmlunit.svg.SvgText to SVGTextElement
19:34:56.699 [main] DEBUG c.g.h.j.c.AbstractJavaScriptConfiguration - Mapping com.gargoylesoftware.htmlunit.svg.SvgFeComposite to SVGFECompositeElement
19:34:56.700 [main] DEBUG c.g.h.j.c.AbstractJavaScriptConfiguration - Mapping com.gargoylesoftware.htmlunit.html.HtmlMeta to HTMLMetaElement
19:34:56.700 [main] DEBUG c.g.h.j.c.AbstractJavaScriptConfiguration - Mapping com.gargoylesoftware.htmlunit.svg.SvgMarker to SVGMarkerElement
19:34:56.700 [main] DEBUG c.g.h.j.c.AbstractJavaScriptConfiguration - Mapping com.gargoylesoftware.htmlunit.svg.SvgDefs to SVGDefsElement
19:34:56.701 [main] DEBUG c.g.h.j.c.AbstractJavaScriptConfiguration - Mapping com.gargoylesoftware.htmlunit.html.HtmlDataList to HTMLDataListElement
19:34:56.701 [main] DEBUG c.g.h.j.c.AbstractJavaScriptConfiguration - Mapping com.gargoylesoftware.htmlunit.svg.SvgStop to SVGStopElement
19:34:56.701 [main] DEBUG c.g.h.j.c.AbstractJavaScriptConfiguration - Mapping com.gargoylesoftware.htmlunit.svg.SvgFeTile to SVGFETileElement
19:34:56.701 [main] DEBUG c.g.h.j.c.AbstractJavaScriptConfiguration - Mapping com.gargoylesoftware.htmlunit.svg.SvgView to SVGViewElement
19:34:56.702 [main] DEBUG c.g.h.j.c.AbstractJavaScriptConfiguration - Mapping com.gargoylesoftware.htmlunit.html.DomText to Text
19:34:56.702 [main] DEBUG c.g.h.j.c.AbstractJavaScriptConfiguration - Mapping com.gargoylesoftware.htmlunit.svg.SvgScript to SVGScriptElement
19:34:56.704 [main] DEBUG c.g.h.j.c.AbstractJavaScriptConfiguration - Mapping com.gargoylesoftware.htmlunit.html.HtmlDefinitionList to HTMLDListElement
19:34:56.713 [main] DEBUG c.g.h.j.c.AbstractJavaScriptConfiguration - Mapping com.gargoylesoftware.htmlunit.html.HtmlScript to HTMLScriptElement
19:34:56.714 [main] DEBUG c.g.h.j.c.AbstractJavaScriptConfiguration - Mapping com.gargoylesoftware.htmlunit.svg.SvgFePointLight to SVGFEPointLightElement
19:34:56.714 [main] DEBUG c.g.h.j.c.AbstractJavaScriptConfiguration - Mapping com.gargoylesoftware.htmlunit.html.HtmlOrderedList to HTMLOListElement
19:34:56.715 [main] DEBUG c.g.h.j.c.AbstractJavaScriptConfiguration - Mapping com.gargoylesoftware.htmlunit.html.HtmlOptionGroup to HTMLOptGroupElement
19:34:56.715 [main] DEBUG c.g.h.j.c.AbstractJavaScriptConfiguration - Mapping com.gargoylesoftware.htmlunit.svg.SvgPolyline to SVGPolylineElement
19:34:56.715 [main] DEBUG c.g.h.j.c.AbstractJavaScriptConfiguration - Mapping com.gargoylesoftware.htmlunit.html.HtmlAddress to HTMLBlockElement
19:34:56.716 [main] DEBUG c.g.h.j.c.AbstractJavaScriptConfiguration - Mapping com.gargoylesoftware.htmlunit.html.HtmlExample to HTMLBlockElement
19:34:56.716 [main] DEBUG c.g.h.j.c.AbstractJavaScriptConfiguration - Mapping com.gargoylesoftware.htmlunit.html.HtmlPlainText to HTMLBlockElement
19:34:56.716 [main] DEBUG c.g.h.j.c.AbstractJavaScriptConfiguration - Mapping com.gargoylesoftware.htmlunit.html.HtmlCenter to HTMLBlockElement
19:34:56.717 [main] DEBUG c.g.h.j.c.AbstractJavaScriptConfiguration - Mapping com.gargoylesoftware.htmlunit.html.HtmlListing to HTMLBlockElement
19:34:56.717 [main] DEBUG c.g.h.j.c.AbstractJavaScriptConfiguration - Mapping com.gargoylesoftware.htmlunit.html.HtmlFont to HTMLFontElement
19:34:56.717 [main] DEBUG c.g.h.j.c.AbstractJavaScriptConfiguration - Mapping com.gargoylesoftware.htmlunit.svg.SvgFeFuncG to SVGFEFuncGElement
19:34:56.717 [main] DEBUG c.g.h.j.c.AbstractJavaScriptConfiguration - Mapping com.gargoylesoftware.htmlunit.html.HtmlLabel to HTMLLabelElement
19:34:56.717 [main] DEBUG c.g.h.j.c.AbstractJavaScriptConfiguration - Mapping com.gargoylesoftware.htmlunit.svg.SvgFeFuncR to SVGFEFuncRElement
19:34:56.718 [main] DEBUG c.g.h.j.c.AbstractJavaScriptConfiguration - Mapping com.gargoylesoftware.htmlunit.html.HtmlParameter to HTMLParamElement
19:34:56.718 [main] DEBUG c.g.h.j.c.AbstractJavaScriptConfiguration - Mapping com.gargoylesoftware.htmlunit.svg.SvgFeBlend to SVGFEBlendElement
19:34:56.718 [main] DEBUG c.g.h.j.c.AbstractJavaScriptConfiguration - Mapping com.gargoylesoftware.htmlunit.svg.SvgCircle to SVGCircleElement
19:34:56.718 [main] DEBUG c.g.h.j.c.AbstractJavaScriptConfiguration - Mapping com.gargoylesoftware.htmlunit.svg.SvgRect to SVGRectElement
19:34:56.719 [main] DEBUG c.g.h.j.c.AbstractJavaScriptConfiguration - Mapping com.gargoylesoftware.htmlunit.html.DomCDataSection to CDATASection
19:34:56.722 [main] DEBUG c.g.h.j.c.AbstractJavaScriptConfiguration - Mapping com.gargoylesoftware.htmlunit.html.HtmlImage to HTMLImageElement
19:34:56.723 [main] DEBUG c.g.h.j.c.AbstractJavaScriptConfiguration - Mapping com.gargoylesoftware.htmlunit.html.HtmlTableCell to HTMLTableCellElement
19:34:56.723 [main] DEBUG c.g.h.j.c.AbstractJavaScriptConfiguration - Mapping com.gargoylesoftware.htmlunit.svg.SvgDesc to SVGDescElement
19:34:56.723 [main] DEBUG c.g.h.j.c.AbstractJavaScriptConfiguration - Mapping com.gargoylesoftware.htmlunit.svg.SvgGroup to SVGGElement
19:34:56.723 [main] DEBUG c.g.h.j.c.AbstractJavaScriptConfiguration - Mapping com.gargoylesoftware.htmlunit.svg.SvgAnimateMotion to SVGAnimateMotionElement
19:34:56.727 [main] DEBUG c.g.h.j.c.AbstractJavaScriptConfiguration - Mapping com.gargoylesoftware.htmlunit.svg.SvgAnchor to SVGAElement
19:34:56.730 [main] DEBUG c.g.h.j.c.AbstractJavaScriptConfiguration - Mapping com.gargoylesoftware.htmlunit.svg.SvgAnimateTransform to SVGAnimateTransformElement
19:34:56.730 [main] DEBUG c.g.h.j.c.AbstractJavaScriptConfiguration - Mapping com.gargoylesoftware.htmlunit.svg.SvgAnimate to SVGAnimateElement
19:34:56.731 [main] DEBUG c.g.h.j.c.AbstractJavaScriptConfiguration - Mapping com.gargoylesoftware.htmlunit.html.HtmlLink to HTMLLinkElement
19:34:56.731 [main] DEBUG c.g.h.j.c.AbstractJavaScriptConfiguration - Mapping com.gargoylesoftware.htmlunit.svg.SvgFeTurbulence to SVGFETurbulenceElement
19:34:56.731 [main] DEBUG c.g.h.j.c.AbstractJavaScriptConfiguration - Mapping com.gargoylesoftware.htmlunit.svg.SvgFeMorphology to SVGFEMorphologyElement
19:34:56.731 [main] DEBUG c.g.h.j.c.AbstractJavaScriptConfiguration - Mapping com.gargoylesoftware.htmlunit.html.HtmlHead to HTMLHeadElement
19:34:56.731 [main] DEBUG c.g.h.j.c.AbstractJavaScriptConfiguration - Mapping com.gargoylesoftware.htmlunit.svg.SvgFeDisplacementMap to SVGFEDisplacementMapElement
19:34:56.731 [main] DEBUG c.g.h.j.c.AbstractJavaScriptConfiguration - Mapping com.gargoylesoftware.htmlunit.html.HtmlArea to HTMLAreaElement
19:34:56.732 [main] DEBUG c.g.h.j.c.AbstractJavaScriptConfiguration - Mapping com.gargoylesoftware.htmlunit.html.HtmlTableBody to HTMLTableSectionElement
19:34:56.732 [main] DEBUG c.g.h.j.c.AbstractJavaScriptConfiguration - Mapping com.gargoylesoftware.htmlunit.html.HtmlTableFooter to HTMLTableSectionElement
19:34:56.732 [main] DEBUG c.g.h.j.c.AbstractJavaScriptConfiguration - Mapping com.gargoylesoftware.htmlunit.html.HtmlTableHeader to HTMLTableSectionElement
19:34:56.733 [main] DEBUG c.g.h.j.c.AbstractJavaScriptConfiguration - Mapping com.gargoylesoftware.htmlunit.svg.SvgFilter to SVGFilterElement
19:34:56.733 [main] DEBUG c.g.h.j.c.AbstractJavaScriptConfiguration - Mapping com.gargoylesoftware.htmlunit.html.HtmlTextArea to HTMLTextAreaElement
19:34:56.734 [main] DEBUG c.g.h.j.c.AbstractJavaScriptConfiguration - Mapping com.gargoylesoftware.htmlunit.html.DomComment to Comment
19:34:56.734 [main] DEBUG c.g.h.j.c.AbstractJavaScriptConfiguration - Mapping com.gargoylesoftware.htmlunit.svg.SvgAltGlyph to SVGAltGlyphElement
19:34:56.734 [main] DEBUG c.g.h.j.c.AbstractJavaScriptConfiguration - Mapping com.gargoylesoftware.htmlunit.html.HtmlObject to HTMLObjectElement
19:34:56.734 [main] DEBUG c.g.h.j.c.AbstractJavaScriptConfiguration - Mapping com.gargoylesoftware.htmlunit.svg.SvgPattern to SVGPatternElement
19:34:56.734 [main] DEBUG c.g.h.j.c.AbstractJavaScriptConfiguration - Mapping com.gargoylesoftware.htmlunit.svg.SvgClipPath to SVGClipPathElement
19:34:56.735 [main] DEBUG c.g.h.j.c.AbstractJavaScriptConfiguration - Mapping com.gargoylesoftware.htmlunit.svg.SvgFeFuncB to SVGFEFuncBElement
19:34:56.736 [main] DEBUG c.g.h.j.c.AbstractJavaScriptConfiguration - Mapping com.gargoylesoftware.htmlunit.html.HtmlItalic to HTMLPhraseElement
19:34:56.736 [main] DEBUG c.g.h.j.c.AbstractJavaScriptConfiguration - Mapping com.gargoylesoftware.htmlunit.html.HtmlDefinition to HTMLPhraseElement
19:34:56.737 [main] DEBUG c.g.h.j.c.AbstractJavaScriptConfiguration - Mapping com.gargoylesoftware.htmlunit.html.HtmlS to HTMLPhraseElement
19:34:56.743 [main] DEBUG c.g.h.j.c.AbstractJavaScriptConfiguration - Mapping com.gargoylesoftware.htmlunit.html.HtmlTeletype to HTMLPhraseElement
19:34:56.747 [main] DEBUG c.g.h.j.c.AbstractJavaScriptConfiguration - Mapping com.gargoylesoftware.htmlunit.html.HtmlUnderlined to HTMLPhraseElement
19:34:56.772 [main] DEBUG c.g.h.j.c.AbstractJavaScriptConfiguration - Mapping com.gargoylesoftware.htmlunit.html.HtmlBidirectionalOverride to HTMLPhraseElement
19:34:56.772 [main] DEBUG c.g.h.j.c.AbstractJavaScriptConfiguration - Mapping com.gargoylesoftware.htmlunit.html.HtmlRuby to HTMLPhraseElement
19:34:56.772 [main] DEBUG c.g.h.j.c.AbstractJavaScriptConfiguration - Mapping com.gargoylesoftware.htmlunit.html.HtmlEmphasis to HTMLPhraseElement
19:34:56.772 [main] DEBUG c.g.h.j.c.AbstractJavaScriptConfiguration - Mapping com.gargoylesoftware.htmlunit.html.HtmlRt to HTMLPhraseElement
19:34:56.773 [main] DEBUG c.g.h.j.c.AbstractJavaScriptConfiguration - Mapping com.gargoylesoftware.htmlunit.html.HtmlSample to HTMLPhraseElement
19:34:56.773 [main] DEBUG c.g.h.j.c.AbstractJavaScriptConfiguration - Mapping com.gargoylesoftware.htmlunit.html.HtmlCitation to HTMLPhraseElement
19:34:56.773 [main] DEBUG c.g.h.j.c.AbstractJavaScriptConfiguration - Mapping com.gargoylesoftware.htmlunit.html.HtmlAcronym to HTMLPhraseElement
19:34:56.773 [main] DEBUG c.g.h.j.c.AbstractJavaScriptConfiguration - Mapping com.gargoylesoftware.htmlunit.html.HtmlBig to HTMLPhraseElement
19:34:56.773 [main] DEBUG c.g.h.j.c.AbstractJavaScriptConfiguration - Mapping com.gargoylesoftware.htmlunit.html.HtmlStrong to HTMLPhraseElement
19:34:56.773 [main] DEBUG c.g.h.j.c.AbstractJavaScriptConfiguration - Mapping com.gargoylesoftware.htmlunit.html.HtmlBold to HTMLPhraseElement
19:34:56.774 [main] DEBUG c.g.h.j.c.AbstractJavaScriptConfiguration - Mapping com.gargoylesoftware.htmlunit.html.HtmlSuperscript to HTMLPhraseElement
19:34:56.774 [main] DEBUG c.g.h.j.c.AbstractJavaScriptConfiguration - Mapping com.gargoylesoftware.htmlunit.html.HtmlAbbreviated to HTMLPhraseElement
19:34:56.774 [main] DEBUG c.g.h.j.c.AbstractJavaScriptConfiguration - Mapping com.gargoylesoftware.htmlunit.html.HtmlCode to HTMLPhraseElement
19:34:56.774 [main] DEBUG c.g.h.j.c.AbstractJavaScriptConfiguration - Mapping com.gargoylesoftware.htmlunit.html.HtmlRp to HTMLPhraseElement
19:34:56.774 [main] DEBUG c.g.h.j.c.AbstractJavaScriptConfiguration - Mapping com.gargoylesoftware.htmlunit.html.HtmlSmall to HTMLPhraseElement
19:34:56.775 [main] DEBUG c.g.h.j.c.AbstractJavaScriptConfiguration - Mapping com.gargoylesoftware.htmlunit.html.HtmlStrike to HTMLPhraseElement
19:34:56.776 [main] DEBUG c.g.h.j.c.AbstractJavaScriptConfiguration - Mapping com.gargoylesoftware.htmlunit.html.HtmlSubscript to HTMLPhraseElement
19:34:56.776 [main] DEBUG c.g.h.j.c.AbstractJavaScriptConfiguration - Mapping com.gargoylesoftware.htmlunit.html.HtmlKeyboard to HTMLPhraseElement
19:34:56.776 [main] DEBUG c.g.h.j.c.AbstractJavaScriptConfiguration - Mapping com.gargoylesoftware.htmlunit.html.HtmlVariable to HTMLPhraseElement
19:34:56.776 [main] DEBUG c.g.h.j.c.AbstractJavaScriptConfiguration - Mapping com.gargoylesoftware.htmlunit.html.HtmlPreformattedText to HTMLPreElement
19:34:56.776 [main] DEBUG c.g.h.j.c.AbstractJavaScriptConfiguration - Mapping com.gargoylesoftware.htmlunit.svg.SvgFeSpotLight to SVGFESpotLightElement
19:34:56.776 [main] DEBUG c.g.h.j.c.AbstractJavaScriptConfiguration - Mapping com.gargoylesoftware.htmlunit.html.HtmlBody to HTMLBodyElement
19:34:56.777 [main] DEBUG c.g.h.j.c.AbstractJavaScriptConfiguration - Mapping com.gargoylesoftware.htmlunit.svg.SvgTSpan to SVGTSpanElement
19:34:56.777 [main] DEBUG c.g.h.j.c.AbstractJavaScriptConfiguration - Mapping com.gargoylesoftware.htmlunit.svg.SvgFeMerge to SVGFEMergeElement
19:34:56.777 [main] DEBUG c.g.h.j.c.AbstractJavaScriptConfiguration - Mapping com.gargoylesoftware.htmlunit.html.HtmlCanvas to HTMLCanvasElement
19:34:57.402 [main] DEBUG n.s.j.h.HtmlUnitTestingEngineImpl - Window "" changed : "no_html" became "SchoolMate - School Name
19:34:57.412 [main] DEBUG c.g.htmlunit.html.HtmlElement - Firing Event DOMContentLoaded (Current Target: HTMLElement for HtmlHtml[<html>]);
19:34:57.457 [main] DEBUG c.g.htmlunit.html.HtmlElement - Firing Event load (Current Target: HTMLElement for HtmlHtml[<html>]);
19:34:57.458 [main] DEBUG c.g.h.j.host.EventListenersContainer - Executing load handler for HtmlPage(http://localhost/schoolmate/index.php)@18130900
19:34:58.187 [main] DEBUG c.g.htmlunit.html.HtmlElement - Firing Event focusin (Current Target: HTMLElement for HtmlTextInput[<input type="text" name="username" maxlength="15" width="18">]);
19:34:58.191 [main] DEBUG c.g.htmlunit.html.HtmlElement - Firing Event focus (Current Target: HTMLElement for HtmlTextInput[<input type="text" name="username" maxlength="15" width="18">]);
19:34:58.257 [main] DEBUG c.g.htmlunit.html.HtmlElement - Firing Event change (Current Target: HTMLElement for HtmlTextInput[<input type="text" name="username" maxlength="15" width="18" value="test">]);
19:34:58.260 [main] DEBUG c.g.htmlunit.html.HtmlElement - Firing Event change (Current Target: HTMLElement for HtmlPasswordInput[<input type="password" name="password" maxlength="15" width="18" value="test">]);
19:35:00.124 [main] DEBUG c.g.htmlunit.html.HtmlElement - Firing Event mousedown (Current Target: HTMLElement for HtmlSubmitInput[<input type="submit" value="Login" onclick="document.login.login.value=1;">]);
19:35:00.128 [main] DEBUG c.g.htmlunit.html.HtmlElement - Firing Event focusout (Current Target: HTMLElement for HtmlTextInput[<input type="text" name="username" maxlength="15" width="18" value="test">]);
19:35:00.128 [main] DEBUG c.g.htmlunit.html.HtmlElement - Firing Event focusin (Current Target: HTMLElement for HtmlSubmitInput[<input type="submit" value="Login" onclick="document.login.login.value=1;">]);
19:35:00.129 [main] DEBUG c.g.htmlunit.html.HtmlElement - Firing Event blur (Current Target: HTMLElement for HtmlTextInput[<input type="text" name="username" maxlength="15" width="18" value="test">]);
19:35:00.129 [main] DEBUG c.g.htmlunit.html.HtmlElement - Firing Event focus (Current Target: HTMLElement for HtmlSubmitInput[<input type="submit" value="Login" onclick="document.login.login.value=1;">]);
19:35:00.130 [main] DEBUG c.g.htmlunit.html.HtmlElement - Firing Event mouseup (Current Target: HTMLElement for HtmlSubmitInput[<input type="submit" value="Login" onclick="document.login.login.value=1;">]);
19:35:00.131 [main] DEBUG c.g.htmlunit.html.HtmlElement - Firing Event click (Current Target: HTMLElement for HtmlSubmitInput[<input type="submit" value="Login" onclick="document.login.login.value=1;">]);
19:35:00.135 [main] DEBUG c.g.h.j.host.EventListenersContainer - Executing click handler for HtmlSubmitInput[<input type="submit" value="Login" onclick="document.login.login.value=1;">]
19:35:00.169 [main] DEBUG c.g.htmlunit.html.HtmlElement - Firing Event submit (Current Target: HTMLElement for HtmlForm[<form action="./index.php" method="post" name="login">]);
19:35:00.197 [main] DEBUG c.g.htmlunit.WebClient - Load response for POST http://localhost/schoolmate/index.php
19:35:00.319 [main] DEBUG o.a.h.c.protocol.RequestAddCookies - CookieSpec selected: mine
19:35:00.321 [main] DEBUG o.a.h.c.protocol.RequestAddCookies - Cookie [version: 0][name: PHPSESSID][value: qgniqsbqn10r0fpodm6d92v152][domain: localhost][path: /][expiry: null] match [localhost:80/schoolmate/index.php]
19:35:00.322 [main] DEBUG o.a.h.c.protocol.RequestAuthCache - Auth cache not set in the context
19:35:00.323 [main] DEBUG o.a.h.i.c.PoolingHttpClientConnectionManager - Connection request: [route: {}->http://localhost:80][total kept alive: 0; route allocated: 0 of 6; total allocated: 0 of 20]
19:35:00.324 [main] DEBUG o.a.h.i.c.PoolingHttpClientConnectionManager - Connection leased: [id: 1][route: {}->http://localhost:80][total kept alive: 0; route allocated: 1 of 6; total allocated: 1 of 20]
19:35:00.325 [main] DEBUG o.a.h.impl.execchain.MainClientExec - Opening connection {}->http://localhost:80
19:35:00.326 [main] DEBUG o.a.h.c.HttpClientConnectionManager - Connecting to localhost/127.0.0.1:80
19:35:00.326 [main] DEBUG o.a.h.impl.execchain.MainClientExec - Executing request POST /schoolmate/index.php HTTP/1.1
19:35:00.327 [main] DEBUG o.a.h.impl.execchain.MainClientExec - Target auth state: UNCHALLENGED
19:35:00.327 [main] DEBUG o.a.h.impl.execchain.MainClientExec - Proxy auth state: UNCHALLENGED
19:35:00.328 [main] DEBUG org.apache.http.headers - http-outgoing-1 >> POST /schoolmate/index.php HTTP/1.1
19:35:00.328 [main] DEBUG org.apache.http.headers - http-outgoing-1 >> Host: localhost
19:35:00.328 [main] DEBUG org.apache.http.headers - http-outgoing-1 >> User-Agent: Mozilla/5.0 (Windows NT 6.1; rv:24.0) Gecko/20100101 Firefox/24.0
19:35:00.328 [main] DEBUG org.apache.http.headers - http-outgoing-1 >> Accept: */*
19:35:00.328 [main] DEBUG org.apache.http.headers - http-outgoing-1 >> Referer: http://localhost/schoolmate/index.php
19:35:00.329 [main] DEBUG org.apache.http.headers - http-outgoing-1 >> Accept-Encoding: gzip, deflate
19:35:00.329 [main] DEBUG org.apache.http.headers - http-outgoing-1 >> Accept-Language: en-US
19:35:00.329 [main] DEBUG org.apache.http.headers - http-outgoing-1 >> Content-Length: 42
19:35:00.329 [main] DEBUG org.apache.http.headers - http-outgoing-1 >> Content-Type: application/x-www-form-urlencoded
19:35:00.329 [main] DEBUG org.apache.http.headers - http-outgoing-1 >> Connection: Keep-Alive
19:35:00.329 [main] DEBUG org.apache.http.headers - http-outgoing-1 >> Cookie: PHPSESSID=qgniqsbqn10r0fpodm6d92v152
19:35:00.335 [main] DEBUG org.apache.http.wire - http-outgoing-1 >> "POST /schoolmate/index.php HTTP/1.1[\r][\n]"
19:35:00.338 [main] DEBUG org.apache.http.wire - http-outgoing-1 >> "Host: localhost[\r][\n]"
19:35:00.338 [main] DEBUG org.apache.http.wire - http-outgoing-1 >> "User-Agent: Mozilla/5.0 (Windows NT 6.1; rv:24.0) Gecko/20100101 Firefox/24.0[\r][\n]"
19:35:00.338 [main] DEBUG org.apache.http.wire - http-outgoing-1 >> "Accept: */*[\r][\n]"
19:35:00.339 [main] DEBUG org.apache.http.wire - http-outgoing-1 >> "Referer: http://localhost/schoolmate/index.php[\r][\n]"
19:35:00.339 [main] DEBUG org.apache.http.wire - http-outgoing-1 >> "Accept-Encoding: gzip, deflate[\r][\n]"
19:35:00.339 [main] DEBUG org.apache.http.wire - http-outgoing-1 >> "Accept-Language: en-US[\r][\n]"
19:35:00.339 [main] DEBUG org.apache.http.wire - http-outgoing-1 >> "Content-Length: 42[\r][\n]"
19:35:00.339 [main] DEBUG org.apache.http.wire - http-outgoing-1 >> "Content-Type: application/x-www-form-urlencoded[\r][\n]"
19:35:00.340 [main] DEBUG org.apache.http.wire - http-outgoing-1 >> "Connection: Keep-Alive[\r][\n]"
19:35:00.340 [main] DEBUG org.apache.http.wire - http-outgoing-1 >> "Cookie: PHPSESSID=qgniqsbqn10r0fpodm6d92v152[\r][\n]"
19:35:00.340 [main] DEBUG org.apache.http.wire - http-outgoing-1 >> "[\r][\n]"
19:35:00.340 [main] DEBUG org.apache.http.wire - http-outgoing-1 >> "username=test&password=test&page=0&login=1"
19:35:00.397 [main] DEBUG org.apache.http.wire - http-outgoing-1 << "HTTP/1.1 200 OK[\r][\n]"
19:35:00.397 [main] DEBUG org.apache.http.wire - http-outgoing-1 << "Date: Wed, 14 May 2014 17:35:00 GMT[\r][\n]"
19:35:00.397 [main] DEBUG org.apache.http.wire - http-outgoing-1 << "Server: Apache/2.4.6 (Ubuntu)[\r][\n]"
19:35:00.397 [main] DEBUG org.apache.http.wire - http-outgoing-1 << "X-Powered-By: PHP/5.5.3-1ubuntu2.2[\r][\n]"
19:35:00.398 [main] DEBUG org.apache.http.wire - http-outgoing-1 << "Expires: Thu, 19 Nov 1981 08:52:00 GMT[\r][\n]"
19:35:00.398 [main] DEBUG org.apache.http.wire - http-outgoing-1 << "Cache-Control: no-store, no-cache, must-revalidate, post-check=0, pre-check=0[\r][\n]"
19:35:00.398 [main] DEBUG org.apache.http.wire - http-outgoing-1 << "Pragma: no-cache[\r][\n]"
19:35:00.398 [main] DEBUG org.apache.http.wire - http-outgoing-1 << "Vary: Accept-Encoding[\r][\n]"
19:35:00.398 [main] DEBUG org.apache.http.wire - http-outgoing-1 << "Content-Encoding: gzip[\r][\n]"
19:35:00.399 [main] DEBUG org.apache.http.wire - http-outgoing-1 << "Content-Length: 2800[\r][\n]"
19:35:00.413 [main] DEBUG org.apache.http.wire - http-outgoing-1 << "Keep-Alive: timeout=5, max=100[\r][\n]"
19:35:00.413 [main] DEBUG org.apache.http.wire - http-outgoing-1 << "Connection: Keep-Alive[\r][\n]"
19:35:00.414 [main] DEBUG org.apache.http.wire - http-outgoing-1 << "Content-Type: text/html[\r][\n]"
19:35:00.414 [main] DEBUG org.apache.http.wire - http-outgoing-1 << "[\r][\n]"
19:35:00.414 [main] DEBUG org.apache.http.wire - http-outgoing-1 << "[0x1f][0x8b][0x8][0x0][0x0][0x0][0x0][0x0][0x0][0x3][0xed][[0xfb]o[0xdb]8[0x12][0xfe][0xd9][0xfe]+[0x88][0x1c][0xee][0x94]v/~[0xa5][0xc9][0xb6]~-[0x9c]4[0xdd]G[0x93][0xb6]h[0xb2]8,[0xf6][0x16][0x7]Z[0xa2]-m$Q[0x90][0xa8]8[0xbe][0xc3][0xfe][0xef];|I[0x94],[[0xb2][0xbd][0xbd][0x7]pqaK[0x14]9[0xfc][0xe6][0xe3]p8[0x1c][0xaa]c[0x97][0x5][0xfe][0xb4][0x8d][0xc6].[0xc1][0xe][0xff]e[0x1e][0xf3][0xc9][0xf4][0xde]v)[0xf5][0xef]0#[0xe8][0xc][0xc9][0x1b][0xf4][0x1][0x7]d[0xdc][0x95][0xcf][0xa1]b[0xc2][0xd6]>Al[0x1d][0x91][0xc9][0x9]#[0xcf][0xac]k'[0xc9][0xc9][0xb4][0xdd]F[0xdd][0x97][0xe8][0xea][0xe3][0xdb][0x9f][0xd0][0xcb]n[0x1b][0xcd][0xa9][0xb3]n[0xa3][0xb5][0x11][0x9a]c[0xfb]q[0x19][0xd3]4t[0xce]l[0xea][0xd3]x[0x88][0xfe]t~~y[0xf9][0xe6][0xcd][0xa8][0x8d]~[0x93][0xad]n[0xbf][0xff][0xf0][0xfe]^4C[0xb3][0xce][0x82]RFb[0xb8][0xe4][0x8d][0x11]Z[0xd0][0x90][0x9d]-p[0xe0][0xf9][0xeb]![0xc2][0xb1][0x87][0xfd]Q^[0x9e]x[0xff]$C[0xd4][0xef]E[0xcc](\[0x11]o[0xe9][0xb2]![\n]"
19:35:00.419 [main] DEBUG org.apache.http.wire - http-outgoing-1 << "i[0x1c][0xe8][0xda][0xaa][0xe7][0xc4][0xf3][0x9f]H,[0x8b]8[0xf4]3[0x87][0xd8]4[0xc6][0xcc][0xa3][0xe1][0x10][0x1]B[0x12][0xfb]^H[0xf8]s[0x8e],[0x3]3t[0xe9][0xd3][0x97][0x82]4[0xf7][0x81][0x9f]Q[0xbb][0xd5][0x8]N@[0xc2]T[0xc0]hUah[0x99][0x0][0x6][0x1c]@[0xab][0xd0][0xfb][0x9c][0xfa][0xe][0x94][0xe9]Q [0x97]6>w[0xaa][0xba][0xe][0xe9]F[0xaf][0x6][0x5][0x95]}[0x97][0xf5][0x1f][0x14][0xf5][0xaf][0x4][0xf0][0xe][0xfe][0xae][0xae][0xb6][0x8c]F[0x9]C[0x84][0x97][0x80]"[0xd0]c[0xb0][0x5]B[0xd5][0x8]l[0x1b][0x0][0x8d][0xe2]u[0x8f]DQC[0x10]Es[0xf8][0x3][0xa1][0xcc][0xae][0xf9][0xa7][0x11][0x94][0x84][0xf8][0xc4]f[0xc4][0xf9]r[0xbc][0xf4][0xc4]_5[0x98]*[0xdb],![0xfa][0x8f][0x90]T[0x85][0xcb]c$H[0xfe][0xb][0xf8][0x11]8[0xbe][0x18]+[0x17][0xef][0xf8][0xa7])[0x1a][0xf0][0xb9][0xf][0xb3][0xab][0xdb][0x1b][0xe5]t[0x19][0x9e][0xfb]D[0xce][0xed][\n]"
19:35:00.419 [main] DEBUG org.apache.http.wire - http-outgoing-1 << "o[0xfd]N[0xfc]emE[0xe5][0xce]zgu9[0xab][0x8d][0xea][0xce]:[0x4]5m[0xdf]K[0x98]V~Nc[0x80][0x95]5[0xbb]x[0xcd]?#[0xe3][0xc9][0xca]s[0x98];D[0x9d][0xde][0xd7][0x17]7w[0xe6][0x3][0xb1][0x0][0x81]3[0xa7][0xbe][0xe7][0x88][0xf2][0x8];[0x8e][0x17].[0xcf]bIO?z.[0x14][0xcf])c4[0xd8],[0xf7][0xc9][0x2]j[0xf7]J[0xa5][0x8c]FY[0xa1][0xd4][0xc0][0xe9][0xcc]3[0xd0];[0x16][0xb3][0xbc][0xf6]S[0xa3][0xea][0xe6][0xd3][0x98]D[0x4][0x3][0x18][0xf9]{[0xb6]6[0xc5][0xad]vH+[0x8f][0x8d][0xd3][0xc1]a[0x8]5l[0x2]N;[0xa3]ZX[0x4][0xf6][0xbd]%[0x18][0xc3][0xaf]i[0xc2][0xbc][0xc5][0xba][0x82][0x88]A[0x99][0x9]E[0xe7][0xc0]$[0xa3]C[0x1d]g[0x7][0x9e][0xf2][0xe4]T[0x9d][0xda][0x0]F[0xae][0xbb]R[0x8]y"[0xe1][0xe])7=[0xfe][0xa9][0x95][0xc2]#[0x97]|2[0xd5][0x9a]"[0x18][0xfd]w7[0xb3][0xb7]7[0x9f][0x95][0xd5][0xbb]}[0xdd][0xb4][0xb8][0xa2]1/ [0xc9][0xc6][0x8a]6[0x18]T[0xae][0xe8]rIC[0xd5]~a[0xbb][0x17][0xdf][0xa9][0x98];[0x80]%7I[0xc0][0x8f]V[0xac][0xb7][0xd5][0xe8][0xfa][0x97]5[0xe8][0xe]B[0x2][0x8c]][0xff]x[0xff][0xf0][0xf1][0xe]][0xdf][0xce][0xee][0xef][0xb5][0xbb][0xd0][0xe8][0xe6][0xf4][0xb9][0xd6][0xb][0xb4]*[0xe7]l[0xab]z[0x8a][0xb7]J>![0x8b]P[0x94]E[\n]"
19:35:00.420 [main] DEBUG org.apache.http.wire - http-outgoing-1 << "[0xf8]\[0xfa][0x82][0xc7][0x81][0x17]jQ[0xfd][0x8b][0xbc][0xc8]U,[0xe8]2U[0xe5][0x9c][0x8f]NK?[0x1c][0x88][0xbb][0xda]pJ[0xf8][0xe1][0x96]I[0x15][0x9f]4P[0xc4][0xfd][0xf9][0xc2][0xa7][0xab][0xd2][\n]"
19:35:00.421 [main] DEBUG org.apache.http.wire - http-outgoing-1 << "mp$9[0xfd][0x9f]`[0xea]@[0xa2][0xaa],[0xa8][0x5][0xbc]0[0xcf][0xc6][0xbe]~[0x10]x[0x8e][0xe3][0x93][0x2]c8e4g[0xec][0xdf][0x13][0xf8][0xcb][0xbe][0xd6][0xc4][0x7][0x4][0x1c][0xf7][0xf6])f[0x8e][0xff][0xe0]b3[0x9c][0xd6][0xdd][0xec][0x17]P[0xb7][0xc7]]1[0xc2]S[0xb8][0xd0][[0xaf][0xc4][0x8e][0xbd][0x88]![0x1f][0x87][0xcb][0x14]lfb[0xfd][0x80][0x9f][0xf0][0xbd]([0xb4][0xe0]9Z[0x80]C[0xe7][0x82][0x90]O[0x97]4e3[0x7][0xc6][0xec][0xf4][0x85]D[0xee]P;[0xe5][0xbe][0xbe][0x83]yiG[0xd6][0xe8]<a?%[0x93][0xfe]h[0xe3]y[0x92][0xce][0x3][0x8f][0x9d][0xbe][0xc8][0xa8][0xc8]d[0xdb]>N[0x12][0x92]l[0x91][0xcb][0xa3][0xba][0x81][0x12][0xdb][0xdb]Gl"[0xf6][0x90][0xdf][0x87][0xb][0xda]@[0xf2]^[0x80][0x13][0x96]:P[0xaf][0x9][0xe2][0xc1]>r[0x19][0xc1][0xb6]K[0xe2]&r[0xcf][0xf7][0x91]k[0xae][0xcc]M[0x84][0xbf][0xda][0x8b][0xc][0x10][0x9b][0xb0]f[0xa8]/[0xf6]c#[0xe][0x9a][0x8][0xbd][0xdc]Gh[0x9a]4C[0xda][0xdf][0xcb][0xd4]"[0x1c]7[0xb5][0x87][0xbd][0xc]"&K[0x8f]s[0xdb]D[0xf0]^4`[0xc6]H[0xe8]`[0xb0][0x89]&[0xb6]V[0xcb][0x5][0x2][0xd7]"[0x9c][0x6]O[0xc6][0x8c]y[0x6]f:[0x16][0xe1]78e[0xdf]W+[0xc3][0xa4]'[0xee][0x92][0x8][0xdb][0xf2]N[0xae]$p![0xbc][0xfe][0xc4][0xea][0xf7]z[0xb6][0x90][0xf4][0xfa][0x13][0xeb]u[0xcf][0x12][0xc9][0xa1]X|;[0xd2]KL[0xac][0xb9][0xa5][0xab][0xc3]"!|[0xd4][0xd8][0xb][0x96]([0x89][0xed][0x89][0xd5][0xe9]z[0x1][0xe0]Nd[0xc6][0xa8][0xb3][0xf4][0x16][0xb9][0xb8][0xaf]/[\n]"
19:35:00.421 [main] DEBUG org.apache.http.wire - http-outgoing-1 << "[\r]Q[0x97][0x8b][0xed]2[0xa7],]H[0xdc][0x1f][0xfb]k[0x80].[0x9b][0xc6][0xf2][0xa7]$[0x12][0x8d][0x1d][0xef]I[0x17][0xe5]k[0x80][0x85][0xc4][0x1a]5[0xb1][0xe4][0xe2]eM[0xb][0x89]/h"[0x84]I[0x98][0xfc]7V[0xbf][0x1c]_[0xa6][0x80],[0xcf]J[0xdb][0x1a]5[0xad][0xaf][0xe1]&C_T[0xaa][0xa8]p[0x9]Y[0xbb]R[0xb7][0xac][0x93][0xf3]^[0xd6]G[0xbf]7[0x1d][0x93] b`[0x4][0x1a]yE[0x93]~[0xcf][0x8][0x9c][0xcd][0xb1][0xa3][0x11][0xf]p[0xc4][0xe8][0xed][0x96][0x93]u[0xb7]UP[0x3]![0xb5]`[0xc4]^[0xa4]J[0x90][0xa4][0xbd][0xbd][0x93][0x17][0xa0][0x5]=)"A[0x96]2[0x85]y,[0x17][0xb0][0x8e]#[0xd8][0x9e][0xc2][0xba]+f[0x15]X[0x83][0x98][0x9e][0x2][0x0]l[0x9d][0x9f];[0x91][0x1b]Y( [0xcc][0xa5][0x80][0xea][0xd3][0xc7][0xfb][0x7][0x8b][0x8f]/4[0xc5][0xba]+[0x9e]"[0x3]*b[0xb2][0x98]X[0xbf][0xc2][0xe2]-[0xe7][0xe1][0xb0][0xb0][0xfa][0x8d],D[0xc3];[\n]"
19:35:00.421 [main] DEBUG org.apache.http.wire - http-outgoing-1 << "[0xbe][0x8f]G@[0x93][0x93][0x15][0x8][0xa7][0xab]N[0xc2]0KA[0xc4][0x1d][0xe]AY[0x9d]s[0xe5]M [0xbc][0xe0]8[0xac][0x11]x [0x96][0xc6][0xe0][0x8b][0xe3][0x94][0x8c]N2))[0xdb][0x10]R[0xae][0xab],y[0xdc][0xc5][0x99][0xce][0x99][0xde][0xb5][0xe0][0x95][0xeb]o[0x86][0xfb][0x81]W>[\n]"
19:35:00.421 [main] DEBUG org.apache.http.wire - http-outgoing-1 << "[0xaa][0x90]p[0x18]Rc[0xf5]k[0xc8][0xb2]np[0x1c][0xb9]Z[0xca]a[0xa8][0xb3][0x88][0xab][0x19][0xe6]kY[0xfd]([0xc4]J[0xc6]ax[0xd5][0xaa][0xdd][0xc][0xed][0x8f][0xc9][0xb1][0xec][\n]"
19:35:00.421 [main] DEBUG org.apache.http.wire - http-outgoing-1 << "[0x9][0x87]Z[0xae][0xe][0xe1][0x9a][0x1a][0xaf][0xac][0xa4][0xfd]J![0x7][0x9a]p[0x16][0xcd]6[0xb4]`U[0xff]8[0x3]VB[0xe][0x83][0x9c][0xc7]E5[0x90]?[0xab][0x8a][0x19]h[0xd8][0xaf][0xc5][0x88]=K[0xc9]r[0x9b]u[0x98][0x12]f[0xc]V[0xa3][0xc6]{B"4[0xcb][0xea][0x1f][0x5]<[0x17]s[0x18][0xec],[0xd6]mf-[0x9f]d[0xf5][0xa3] +[0x19][0x7][0xd2]\[0xdc][0xfc]4C=3[0x1b][0x1d]G[0xb7])[0xe9]0[\r][\n]"
19:35:00.422 [main] DEBUG org.apache.http.wire - http-outgoing-1 << "{[0xef][0x1a][0xfc][0xb7]t[0x89]>[0xa6][0xcc][0x1a][0xed][0x81][0xb8][0x8]XI[0x10]P[0x5]>/[0x8c]R&O]-[0xd7]s`[0x1a]Y*h[0x11][0x9b][0x4][0xb][0xc9]][0x82][0xa5][0x82][0x9b][0xed][0xd5][0xa5][0x1e][0xb5][0xd5][0xb8][0xd4]Lh_[0x4][0x9e]][0x1e][0x92][0x14]B[0xe1]=b8#[0x9a][0xe4]1[0xb8][0xc8][0x81][0x0][0x18][0x2][0xf3] >S[0xc1]/O[0xd1][0xb3][0x91]5[0xfd]K8O[0xa2][0x91][0x8c][0xbc]+[0xfa]ZY[0x15][0xd1][0x9c][0xc][0xb6][0x1b][0x84][0xd4][0xfd]-;[0x1d]q7m[0xb7]D[0x1c][0xd9][0x12][0xfd][0x15]z[0xa9][0xcd][0xd2]t[0xbb][0xe8]][0xb6]k[0xa6]([0xc0][0x8f][0x4]%iL[0x10]s[0x89]X;[0xd1][\n]"
19:35:00.422 [main] DEBUG org.apache.http.wire - http-outgoing-1 << "s[0xdf][0x7][0xcf][0x1c][0x2][0x8a][0xcb][0x7]B[0xa7]S[0x92][0xbc][0x80][0xf6][0xe6][0xde][0x90][0xf7][0xed]`[0xa6]w[0x86][0xa0][0xa2][0xb7]8E[0xd9][0xfe]O[0xc5][0xe][0xea][0xd4]M[0xdc][0xc9]}"[0x9a][0xa2][0x1e][0xe2]m[0xf8]v[0xf2][0x9][0xc7][0xc8][0xa6][0xe1][0xc2][0x8b][0x3][0xe2][0xa0][0x89][0xbe]>=y+[0x0][0x0][0x1d]H[0xd9]=p[0xe2][0xfb][0xb0][0xd9]H6[0xc1][0xa1]y[0xea]C[0x89][0x17]&E[0xc][0xc7][0x8e]G[0xe0]"w[0x9b]p[0x9d]$@[0x93][0x98]Zp[0x13]:ja[0x90]^[0x19][0xf4]u1C[0xd4][0xb6][0x81][\n]"
19:35:00.422 [main] DEBUG org.apache.http.wire - http-outgoing-1 << "[0x7]9i[0xcc]{[0x15]e[0x12]5[0xfa]{[0x8][0xff]f[0xc0][0xd3][0x9a][0xa6][0x82][0xb0]oN`C[0xdb]nq}[\r][0xf0][0x13]15@[0xb5][0x16](VAD[0xb6][0x15]n[0xfd][0xc6][0xb5][0x17]_[0xc4]O[0x88][0xa2][0x2][0xfb]$f[0xa7][0xd6]O[0xd0]G[0x90]&[0xc]I[0xe2]2[0xf5][0xb3]A[0xe9]Xb7-[0xda][0xf3]t[0xdd][0x8e]q[0xa5][0xa1][0xbf][0x86]/[0xa0][0xc9]%[0xf6][0xe3][0x9c]>#[0x17][0x3][[0x84][0x84]H[0x1f][0x86][0x96][0x6]UW[0xcc][0xd2]l[0xcd][0x87][0x15][0xf4][0xef]g[0xe3][0xba]C[0xfb][\n]"
19:35:00.422 [main] DEBUG org.apache.http.wire - http-outgoing-1 << "[0xd5][0x1b][0x1b]N_[0xb3]k[0x90]e[0xe3]P*J[0x1c][0x8f]Im[0x5]a[0x98]s[0xc7]3[0xa5][0x82]0[0xe0][0xbc]%z4[0x9a][0xd7]w[0xc9][0x1b][0xa2][0xfa][0x81][0xe1]=[0xeb]^v[0x8d][0xcc]#_[0x9f][0xc1][0xec][0xec]GD[0x17][0xc8][0xa5]+[0x18][0xab]pm[0x90][0x8e]`[0x5][0x93][0xb7][0x1b]#[0x93]F|[0xb2][0xc9][0xa1][0x89][0xe9]*[0x1b][0x1d][0xb8][0x86]y[0xc3][0xbf][0xbf]B[0x83][0x91][0x1a][0xaf][\r][0xcd][0x0][0xb2]0[0xff][0x9f][0xa1][0xe2]/[0x1d][0xd5][0xc3][0xf6][0xc1][0xda][0x1c]\t[0x87][0x99][0xdb][0x11]>[0xb3][0x9]o[0xe8][0xc][0xf5]+[0x87][0xfa]K[0xf4][0xf5][0x95][0xd1]W9[0xc9][0xe4][0xf6][0xa7][0xc5][0xdd][0xc9][0xb8][0xb]Em[0xb5][0xb9]6[0xb7][0xd6][0xaa][0x83][0xa6][0x9b]k[0xe5][0xcf][0x8b][0xd9][0xf][0xed][0xb8][0xdf][0xf0][0xd4][0x91][0xe9][0xe1]-u[0xaf]}<[0xbf]WK[0x81]%[0x13]X[0xf3]l[0xb3]6[0x4][\r][0xe6]S4Vv&[0xd1][0xe9][\r]$_[0xd6][0xaf]][0xf0][0xf0]P[0xb6]}[0x92][0x81][0xc4]1[0x8d][0xb4][0x9b][0x96][0xb]$[0xba][0xbf][0xb9][0xbd][0xb9]~[0xb8]y;[0xed][0x83][0xb0]qW>[0x97]kS[0xb1][0xee][0x19]T[0x9e][0xce]|?[0xab][0xd3][0xe2][0x9c][\n]"
19:35:00.427 [main] DEBUG org.apache.http.wire - http-outgoing-1 << "4b[0xe1]1[0xa3][0x92]b[0xce])K[0xc3][0xc9][0x84][0x9b][0xb1]v[0xcf]S[0xc6]h[0x98][0xad][0xd7]3[0xc7][0x11][0x9a][0xf8][0x9e][0xfd]89[0xd9]P[0xc4]L+Zo[0xac][0xd1]vMO[0xea]z[0xba][0x81][0xb9][0x99]w[0xb5][0xc9]Y![0x9b][0xdb][0x1f][0x99][0xe]pd[0xd5][0x9][0x97][0xab][0xd4].[0xf1][0xd2]g[0x1b][0xe6]:[0xe9][0x8f][0xf2][0x95][0xb3][0xbe][0x87]{[0xee]%[0xbc][0x10]}[0x1b]{NS5[0x6][0x17];[0x8][0x93])Ms[0x10][0x8d]4[0xa6]i[0xae]eS[0xce]L[0xf7][0xc2][0xd2]q[0x8e][0xf1][0xd2][0x84][0xe]rb[0xfd]L[0x9e]}[0xcb]x[0xc5][0xc9][0x2]&n[0x19]P[0xe0][0xca]}[0xbe]~q[0xcf]U[0x85]j[0x83]j[0x94][0xe8]9Q([0x92][0xe][0xf1]C[0x1a][0xcc][0xb][0xf]>S[0x1a]l[0x96]~"[0xb1]G[0x9d][0xcd][0xf2][0xb7]x[0x9d][0x98]R[0xd3]y[0xc2]<[0x96]2[0x85][0x7])[0x9b]64[0xa2]`[0xb3][0xdc][0xfe][0x85]}[0x17][0xc6]L[0x1b][0x8d][0xe]M[0xe5][0xa0][0xff][0xfc][0x8b][0x11][0x9e][0xe6]Cg:[0xf2][0xbe][0x1c][0xf][0xc5][0x8b][0x94][0x9c][0x10][0x8]D<[0xb6]F[0xc]4[0x7][0xc2][0x8b][0xf][0xbd][0x80][0x86]|4<[0x94]_[0x16]j[0xc8][0xc9]m[0x14][0xc][0x8a][0x8f]_][0x14][0xef][0xb]ww[0xf][0x85][[0xa4][0xef][0xca]T[0xf0][0xd7]#[0xe][0xe5]b[0xb0][0x85][0x8b]A[0x5][0x17][0x11]w[0xab][0x9];[0x96][0x82]WE-///w0[0xf4][0xb7][0xef]vp`$[0xd5]u~[0xb6][0xb1][0x9b][0xdb]=i[0xdf][0xec][0x9a][0xb3][0xff]wr[0x7]8[0xb9][0x92][0x97][0xe3]G[0xe3][0xf2][0xb4]}bA[0xa0]oM_"[0xa1]Y[0xed][0x1e][0xc3][0xcb]3[0xdd]"-[0x94]o[\r][0xf8][0x86]3d[0x5]w[0xca][0xaf]e00[0xfd][0x4]h[0x87]|[0xdf].[0xb7][0xea][0xf9]fl[0xb8][0x19][0xec]n2[0xd8][0xdb]T[0xaf]x[0xc4][0xbd][0xf1][0x98][0x86][0xbc]B6[0x0][0xbb][0xd8]Q[0xd3][0xb8][0xf4]F[0xe4][0xee][0x94][0xc1][0xb7][0x94][0x87][0xb0][0xbc]*[0xea][0x1f][0x91]7[0xe8][0xf3][0x8c][0x81]\[0xe][0xf8][0xab][0x6][0x8a][0xab][0xb2][0x81][0x14][0xb7][0xfa][0x6];[0x9b][0xb6]T[0xac]j[0x84][0x87]uU+[0xd2][0x12];jKv[0x8b][0x9][0x87][0x86]Y[0x8c][0xc3][0x92][0x18][0x85][0xe3]#[0xf3]0[0xaf]pjw1[0xe8]5<[0xa7][0xd3][0xc7]`[0xc6][0xf1][0xe3]f[0xe]A[0x14][0xca][0xe3][0xab][0xaa][0xf0].w~-[0xed][0x17][0xf5]ic[0xfe][0xd0][0xc8][0xbf][0x14][0x12]0Ou[0x19][0x18][0xe3][0x8]M[0x1a][0x88][0x8e][0x1a][0xc4],+[0xf1][0xb1][0xfb]0-[0xcf][0x99]4=[0xd7]3[0x9b]T[0xc3][0x93]oi[0xee]w[0xe8]X'm[0x9f][0x93][0xc7][0xa6]2kN"[0xb][0xd4]Qn.[0xe1][0xe4][0x15][0x9a]/[0xaf][0xa5]kT[0xef][0xe6][0x1a][0xc]z[0xca],[0xf2][0xa9][\n]"
19:35:00.427 [main] DEBUG org.apache.http.wire - http-outgoing-1 << "7[0xbc][0x99][0x6])[0xdf][0x8b][0xb2][0xa6][0x9f][0xe8][0x8a][0xf0][0x14][0xca][0xd5][0x1a][0xb6][0xb0]c[0x80]*Sp[0xc][0xc7]K[0x2][0x82][0xfe]qu;[0xfb][0xf0]^g.][0xc6][0xa2]a[0xb7][0xbb]Z[0xad]:Q[0xc][0xf8][0x19][0xc1]Q[0x4]~_[0xe6]d:6[\r][0xac][0xb2][0xfc][0xfc][0xbf]~d[0x9]R[0xc3]}l[0x9b].][0xf1][0x9e][0x1][0xbf][0x10][0xff][0xa1][0xe4]w[0x9b]t[0x8a][0xa4]W2[0x0][0x0]"
19:35:00.428 [main] DEBUG org.apache.http.headers - http-outgoing-1 << HTTP/1.1 200 OK
19:35:00.429 [main] DEBUG org.apache.http.headers - http-outgoing-1 << Date: Wed, 14 May 2014 17:35:00 GMT
19:35:00.429 [main] DEBUG org.apache.http.headers - http-outgoing-1 << Server: Apache/2.4.6 (Ubuntu)
19:35:00.429 [main] DEBUG org.apache.http.headers - http-outgoing-1 << X-Powered-By: PHP/5.5.3-1ubuntu2.2
19:35:00.429 [main] DEBUG org.apache.http.headers - http-outgoing-1 << Expires: Thu, 19 Nov 1981 08:52:00 GMT
19:35:00.429 [main] DEBUG org.apache.http.headers - http-outgoing-1 << Cache-Control: no-store, no-cache, must-revalidate, post-check=0, pre-check=0
19:35:00.429 [main] DEBUG org.apache.http.headers - http-outgoing-1 << Pragma: no-cache
19:35:00.429 [main] DEBUG org.apache.http.headers - http-outgoing-1 << Vary: Accept-Encoding
19:35:00.429 [main] DEBUG org.apache.http.headers - http-outgoing-1 << Content-Encoding: gzip
19:35:00.430 [main] DEBUG org.apache.http.headers - http-outgoing-1 << Content-Length: 2800
19:35:00.430 [main] DEBUG org.apache.http.headers - http-outgoing-1 << Keep-Alive: timeout=5, max=100
19:35:00.430 [main] DEBUG org.apache.http.headers - http-outgoing-1 << Connection: Keep-Alive
19:35:00.430 [main] DEBUG org.apache.http.headers - http-outgoing-1 << Content-Type: text/html
19:35:00.431 [main] DEBUG o.a.h.impl.execchain.MainClientExec - Connection can be kept alive for 5000 MILLISECONDS
19:35:00.492 [main] DEBUG o.a.h.i.c.PoolingHttpClientConnectionManager - Connection [id: 1][route: {}->http://localhost:80] can be kept alive for 5.0 seconds
19:35:00.492 [main] DEBUG o.a.h.i.c.PoolingHttpClientConnectionManager - Connection released: [id: 1][route: {}->http://localhost:80][total kept alive: 1; route allocated: 1 of 6; total allocated: 1 of 20]
19:35:00.497 [main] DEBUG c.g.htmlunit.html.HtmlElement - Firing Event unload (Current Target: HTMLElement for HtmlHtml[<html>]);
19:35:00.498 [main] DEBUG c.g.htmlunit.WebWindowImpl - setEnclosedPage: HtmlPage(http://localhost/schoolmate/index.php)@32933089
19:35:00.498 [main] DEBUG c.g.htmlunit.WebWindowImpl - destroyChildren
19:35:00.587 [main] DEBUG c.g.htmlunit.html.HtmlScript - Script node added: <script language="JavaScript">
//<![CDATA[

  function logoutAdmin()
  {
	document.admin.logout.value=1;
	document.admin.submit();
  }

  function classes()
  {
	document.admin.page2.value=0;
	document.admin.submit();
  }

  function schoolInfo()
  {
	document.admin.page2.value=1;
	document.admin.submit();
  }

  function students()
  {
	document.admin.page2.value=2;
	document.admin.submit();
  }

  function teachers()
  {
	document.admin.page2.value=3;
	document.admin.submit();
  }

  function announcements()
  {
	document.admin.page2.value=4;
	document.admin.submit();
  }

  function semesters()
  {
	document.admin.page2.value=5;
	document.admin.submit();
  }

  function terms()
  {
	document.admin.page2.value=6;
	document.admin.submit();
  }

  function users()
  {
	document.admin.page2.value=10;
	document.admin.submit();
  }

  function parents()
  {
	document.admin.page2.value=22;
	document.admin.submit();
  }

  function register()
  {
	document.admin.page2.value=26;
	document.admin.submit();
  }

  function attendance()
  {
	document.admin.page2.value=30;
	document.admin.submit();
  }
 
//]]]]><![CDATA[>
</script>

19:35:00.713 [main] DEBUG c.g.htmlunit.html.HtmlScript - Script node added: <script language="JavaScript">
//<![CDATA[

  // Function to make sure the user wants to delete the class(es) //
  function validate()
  {
   if( document.classes.selectclass.value > 0 )
   {
	var confirmed = confirm("Deleteing a class will also delete the class bulletins, tardies, attendance, assignments, and registrations that occured during that class. \n \nAre you sure?");

	if( confirmed == true )
	{
	 document.classes.submit();
	}
   }
   else
   {
	alert('You must select a class to delete.');
   }
  }


  // Function to make sure only one checkbox has been selected //
  function checkboxes()
  {
   if( document.classes.selectclass.value == 1 )
   {
	document.classes.submit();
   }
   else
   {
	if( document.classes.selectclass.value > 1 )
	{
	 alert('You can only edit one class at a time.');
	}
	else
	{
	 alert(document.classes.selectclass.value);
	 alert('You must select a class to edit.');
	}
   }
  }


  // Function to keep track of how many checkboxes are checked //
  function updateboxes(row)
  {
   row = row + 2;
   if(document.classes.elements[row].checked)
   {
	document.classes.selectclass.value = Math.round(document.classes.selectclass.value) - 1;
   }
   else
   {
	document.classes.selectclass.value = Math.round(document.classes.selectclass.value) + 1;
   }
  }
 
//]]]]><![CDATA[>
</script>

19:35:00.887 [main] DEBUG n.s.j.h.HtmlUnitTestingEngineImpl - Window "" changed : "SchoolMate - School Name" became "SchoolMate - School Name
19:35:00.887 [main] DEBUG c.g.htmlunit.html.HtmlElement - Firing Event DOMContentLoaded (Current Target: HTMLElement for HtmlHtml[<html>]);
19:35:00.888 [main] DEBUG c.g.htmlunit.html.HtmlElement - Firing Event load (Current Target: HTMLElement for HtmlHtml[<html>]);
19:35:02.814 [main] DEBUG c.g.htmlunit.html.HtmlElement - Firing Event mousedown (Current Target: HTMLElement for HtmlAnchor[<a class="menu" href="javascript: terms();" onmouseover="window.status='Manage Terms'; return true;" onmouseout="window.status=''; return true;">]);
19:35:02.815 [main] DEBUG c.g.htmlunit.html.HtmlElement - Firing Event focusin (Current Target: HTMLElement for HtmlAnchor[<a class="menu" href="javascript: terms();" onmouseover="window.status='Manage Terms'; return true;" onmouseout="window.status=''; return true;">]);
19:35:02.816 [main] DEBUG c.g.htmlunit.html.HtmlElement - Firing Event focus (Current Target: HTMLElement for HtmlAnchor[<a class="menu" href="javascript: terms();" onmouseover="window.status='Manage Terms'; return true;" onmouseout="window.status=''; return true;">]);
19:35:02.817 [main] DEBUG c.g.htmlunit.html.HtmlElement - Firing Event mouseup (Current Target: HTMLElement for HtmlAnchor[<a class="menu" href="javascript: terms();" onmouseover="window.status='Manage Terms'; return true;" onmouseout="window.status=''; return true;">]);
19:35:02.817 [main] DEBUG c.g.htmlunit.html.HtmlElement - Firing Event click (Current Target: HTMLElement for HtmlAnchor[<a class="menu" href="javascript: terms();" onmouseover="window.status='Manage Terms'; return true;" onmouseout="window.status=''; return true;">]);
19:35:02.818 [main] DEBUG c.g.htmlunit.html.HtmlAnchor - do click action in window '', using href 'javascript: terms();'
19:35:02.853 [main] DEBUG c.g.htmlunit.WebClient - Load response for POST http://localhost/schoolmate/index.php
19:35:02.854 [main] DEBUG o.a.h.c.protocol.RequestAddCookies - CookieSpec selected: mine
19:35:02.855 [main] DEBUG o.a.h.c.protocol.RequestAddCookies - Cookie [version: 0][name: PHPSESSID][value: qgniqsbqn10r0fpodm6d92v152][domain: localhost][path: /][expiry: null] match [localhost:80/schoolmate/index.php]
19:35:02.856 [main] DEBUG o.a.h.c.protocol.RequestAuthCache - Auth cache not set in the context
19:35:02.857 [main] DEBUG o.a.h.i.c.PoolingHttpClientConnectionManager - Connection request: [route: {}->http://localhost:80][total kept alive: 0; route allocated: 0 of 6; total allocated: 0 of 20]
19:35:02.858 [main] DEBUG o.a.h.i.c.PoolingHttpClientConnectionManager - Connection leased: [id: 2][route: {}->http://localhost:80][total kept alive: 0; route allocated: 1 of 6; total allocated: 1 of 20]
19:35:02.858 [main] DEBUG o.a.h.impl.execchain.MainClientExec - Opening connection {}->http://localhost:80
19:35:02.859 [main] DEBUG o.a.h.c.HttpClientConnectionManager - Connecting to localhost/127.0.0.1:80
19:35:02.863 [main] DEBUG o.a.h.impl.execchain.MainClientExec - Executing request POST /schoolmate/index.php HTTP/1.1
19:35:02.863 [main] DEBUG o.a.h.impl.execchain.MainClientExec - Target auth state: UNCHALLENGED
19:35:02.863 [main] DEBUG o.a.h.impl.execchain.MainClientExec - Proxy auth state: UNCHALLENGED
19:35:02.864 [main] DEBUG org.apache.http.headers - http-outgoing-2 >> POST /schoolmate/index.php HTTP/1.1
19:35:02.864 [main] DEBUG org.apache.http.headers - http-outgoing-2 >> Host: localhost
19:35:02.864 [main] DEBUG org.apache.http.headers - http-outgoing-2 >> User-Agent: Mozilla/5.0 (Windows NT 6.1; rv:24.0) Gecko/20100101 Firefox/24.0
19:35:02.864 [main] DEBUG org.apache.http.headers - http-outgoing-2 >> Accept: */*
19:35:02.864 [main] DEBUG org.apache.http.headers - http-outgoing-2 >> Referer: http://localhost/schoolmate/index.php
19:35:02.864 [main] DEBUG org.apache.http.headers - http-outgoing-2 >> Accept-Encoding: gzip, deflate
19:35:02.865 [main] DEBUG org.apache.http.headers - http-outgoing-2 >> Accept-Language: en-US
19:35:02.865 [main] DEBUG org.apache.http.headers - http-outgoing-2 >> Content-Length: 22
19:35:02.865 [main] DEBUG org.apache.http.headers - http-outgoing-2 >> Content-Type: application/x-www-form-urlencoded
19:35:02.865 [main] DEBUG org.apache.http.headers - http-outgoing-2 >> Connection: Keep-Alive
19:35:02.865 [main] DEBUG org.apache.http.headers - http-outgoing-2 >> Cookie: PHPSESSID=qgniqsbqn10r0fpodm6d92v152
19:35:02.865 [main] DEBUG org.apache.http.wire - http-outgoing-2 >> "POST /schoolmate/index.php HTTP/1.1[\r][\n]"
19:35:02.865 [main] DEBUG org.apache.http.wire - http-outgoing-2 >> "Host: localhost[\r][\n]"
19:35:02.865 [main] DEBUG org.apache.http.wire - http-outgoing-2 >> "User-Agent: Mozilla/5.0 (Windows NT 6.1; rv:24.0) Gecko/20100101 Firefox/24.0[\r][\n]"
19:35:02.865 [main] DEBUG org.apache.http.wire - http-outgoing-2 >> "Accept: */*[\r][\n]"
19:35:02.866 [main] DEBUG org.apache.http.wire - http-outgoing-2 >> "Referer: http://localhost/schoolmate/index.php[\r][\n]"
19:35:02.866 [main] DEBUG org.apache.http.wire - http-outgoing-2 >> "Accept-Encoding: gzip, deflate[\r][\n]"
19:35:02.866 [main] DEBUG org.apache.http.wire - http-outgoing-2 >> "Accept-Language: en-US[\r][\n]"
19:35:02.866 [main] DEBUG org.apache.http.wire - http-outgoing-2 >> "Content-Length: 22[\r][\n]"
19:35:02.866 [main] DEBUG org.apache.http.wire - http-outgoing-2 >> "Content-Type: application/x-www-form-urlencoded[\r][\n]"
19:35:02.866 [main] DEBUG org.apache.http.wire - http-outgoing-2 >> "Connection: Keep-Alive[\r][\n]"
19:35:02.866 [main] DEBUG org.apache.http.wire - http-outgoing-2 >> "Cookie: PHPSESSID=qgniqsbqn10r0fpodm6d92v152[\r][\n]"
19:35:02.866 [main] DEBUG org.apache.http.wire - http-outgoing-2 >> "[\r][\n]"
19:35:02.866 [main] DEBUG org.apache.http.wire - http-outgoing-2 >> "page2=6&logout=&page=1"
19:35:02.899 [main] DEBUG org.apache.http.wire - http-outgoing-2 << "HTTP/1.1 200 OK[\r][\n]"
19:35:02.899 [main] DEBUG org.apache.http.wire - http-outgoing-2 << "Date: Wed, 14 May 2014 17:35:02 GMT[\r][\n]"
19:35:02.900 [main] DEBUG org.apache.http.wire - http-outgoing-2 << "Server: Apache/2.4.6 (Ubuntu)[\r][\n]"
19:35:02.901 [main] DEBUG org.apache.http.wire - http-outgoing-2 << "X-Powered-By: PHP/5.5.3-1ubuntu2.2[\r][\n]"
19:35:02.901 [main] DEBUG org.apache.http.wire - http-outgoing-2 << "Expires: Thu, 19 Nov 1981 08:52:00 GMT[\r][\n]"
19:35:02.901 [main] DEBUG org.apache.http.wire - http-outgoing-2 << "Cache-Control: no-store, no-cache, must-revalidate, post-check=0, pre-check=0[\r][\n]"
19:35:02.901 [main] DEBUG org.apache.http.wire - http-outgoing-2 << "Pragma: no-cache[\r][\n]"
19:35:02.901 [main] DEBUG org.apache.http.wire - http-outgoing-2 << "Vary: Accept-Encoding[\r][\n]"
19:35:02.901 [main] DEBUG org.apache.http.wire - http-outgoing-2 << "Content-Encoding: gzip[\r][\n]"
19:35:02.901 [main] DEBUG org.apache.http.wire - http-outgoing-2 << "Content-Length: 2617[\r][\n]"
19:35:02.901 [main] DEBUG org.apache.http.wire - http-outgoing-2 << "Keep-Alive: timeout=5, max=100[\r][\n]"
19:35:02.901 [main] DEBUG org.apache.http.wire - http-outgoing-2 << "Connection: Keep-Alive[\r][\n]"
19:35:02.902 [main] DEBUG org.apache.http.wire - http-outgoing-2 << "Content-Type: text/html[\r][\n]"
19:35:02.902 [main] DEBUG org.apache.http.wire - http-outgoing-2 << "[\r][\n]"
19:35:02.902 [main] DEBUG org.apache.http.wire - http-outgoing-2 << "[0x1f][0x8b][0x8][0x0][0x0][0x0][0x0][0x0][0x0][0x3][0xed]Zks[0xdb][0xb8][0x15][0xfd],[0xfd][\n]"
19:35:02.902 [main] DEBUG org.apache.http.wire - http-outgoing-2 << "[0x8c];-[0x9d]t-[0x91]r[0xec][0xf5][0xea][0xd5][0x91][0x1d][0xa7][0xdd][0xc6]N2[0xeb][0xec][0x87][0x9d][0xed]N[0x7]"![0x91]k[0x92][0xe0][0x90][0xa0]e[0xb5][0xb3][0xff][0xbd][0x17]/[0x12][0xa4]([0x89][0x92][0x93]>fjy$[0x11][0x8f][0x8b][0x83][0x83][0x8b][0xfb][0x0]4[0xf6]Y[0x14]N[0xbb]h[0xec][0x13][0xec][0xf1]O[0x16][0xb0][0x90]L[0x1f]\[0x9f][0xd2][0xf0][0x1e]3[0x82][0xce][0x90]|@[0x1f]pD[0xc6]}Y[0xf][\r]3[0xb6][0xe][0x9]b[0xeb][0x84]LN[0x18]yf}7[0xcb]N[0xa6][0xdd].[0xea][0xbf]F[0xd7][0x1f][0xdf][0xfe][0x84]^[0xf7][0xbb]hN[0xbd]u[0x17][0xfd][0xb3][0x8b][0xd0][0x1c][0xbb][0x8f][0xcb][0x94][0xe6][0xb1]w[0xe6][0xd2][0x90][0xa6]C[0xf4][0xbb][0xf3][0xf3][0xcb][0xcb][0xef][0xbe][0x1b]u[0xd1]o[0xb2][0xd7][0xdd][0xf7][0x1f][0xde]?[0x88]nh[0xd6][P[0xca]H[\n]"
19:35:02.902 [main] DEBUG org.apache.http.wire - http-outgoing-2 << "_yg[0x84][0x16]4fg[0xb][0x1c][0x5][0xe1]z[0x88]p[0x1a][0xe0]pT[0x96]g[0xc1]?[0xc8][0x10]9v[0xc2][0x8c][0xc2][0x15][0x9][0x96]>[0x1b][0xa2][0x98][0xa6][0x91]n[0xad]F[0xce][0x82][0xf0][0x89][0xa4][0xb2][0x88]C?[0xf3][0x88]KS[0xcc][0x2][0x1a][0xf][0x11] $i[0x18][0xc4][0x84][0xd7]sd[0x5][0x98][0xa1]O[0x9f][0xbe][0x16][0xa4]y[0x8][0xfc][0x8c][0xba][0x9d]Vp"[0x12][0xe7][0x2]F[0xa7][0x9]C[0xc7][0x4]0[0xe0][0x0]:[0x95][0xd1][0xe7]4[0xf4][0xa0]L[0xaf][0x2][0xb9]t[0xf1][0xb9][0xd7]4tL7F5(h[0x1c][0xbb]>[0xff]Au[0xfe][0x8d][0x0][0xde][0xc1][0xdf][0xf5][0xf5][0x96][0xd5][0xa8]aH[0xf0][0x12]PDz[\r][0xb6]@hZ[0x81]m[0xb][0xa0]Q\[0xd9][0xfc]%[0x8a]Z[0x82][0xa8][0xaa][0xc3][0x17][0x84]2[0xbb][0xe1][0xaf]VP2[0x12][0x12][0x97][0x11][0xef][0xeb][0xf1]b[0x8b][0xbf]f0M[0xba]YC[0xf4][0x1f]![0xa9][0x9]W[0xc0]H[0x94][0xfd][0x17][0xf0]#p|5V.[0xde][0xf1]W[4`s?[0xcf][0xae][0xef]n[0x95][0xd1]ex[0x1e][0x12][0xb9][0xb7][0x1b][0xac][0xf5];[0xf1]W[0xf4][0x15][0x8d]{[0xeb][0x9d][0xcd][0xe5][0xae]6[0x9a]{[0xeb][0x18][0xa6][0xe9][0x86]A[0xc6][0xf4][0xe4][0xe7]4[0x5]XE[0xb7][0x8b]+[0xfe][0x1a][0x19]5[0xab][0xc0]c[0xfe][0x10][0xf5][0xec]o/n[0xef][0xcd][\n]"
19:35:02.903 [main] DEBUG org.apache.http.wire - http-outgoing-2 << "[0xe1][0x80][0xc0][0x98][0xd3]0[0xf0]Dy[0x82]=/[0x88][0x97]g[0xa9][0xa4][0xc7]I[0x9e]+[0xc5]s[0xca][0x18][0x8d]6[0xcb]C[0xb2][0x80][0xd6]v[0xad][0x94][0xd1][0xa4]([0x94]3[0xf0]z[0xf3][0x2][0xf4][0xe]gV[0xb6]~j[0xd5][0xdc][0xac]MIB0[0x80][0x91][0x9f]gkS[0xdc]j[0x87][0xb4][0xfa][0xda]x=[0x1c][0xc7][0xd0][0xc2]%`[0xb4][0xb][0xaa][0x85]F[0xe0]0X[0x82]2[0xfc][0x9a]g,X[0xac][0x1b][0x88][0x18][0xd4][0x99]Pt[0xe]L2z[0xd4][0xf3]v[0xe0][0xa9]oN5[0xa8][0xb]`[0xa4][0xdf][0x95]B[0xc8][0x13][0x89]wH[0xb9][0xb5][0xf9]k[0xaf][0x14][0x1e][0xb9][0x94][0x9b]i[0xaf]*[0x82][0xd2][0xff][0xe5]v[0xf6][0xf6][0xf6][0x7][0xa5][0xf5][0xbe][0xa3][0xbb]V=[0x1a][0xb]"[0x92]mx[0xb4][0xc1][0xa0][0xd1][0xa3]K[0x97][0x86][0x9a][0xed][0xc2]v+[0xbe]sb[0xfe][0x0]\n[0x96][0x81][0x1d]m[0xf0][0xb7][0xcd][0xe8][0x9c][0xcb]=[0xe8][0x8e]B[0x2][0x8c][0xdd][0xfc][0xf8][0xf0][0xf9][0xe3]=[0xba][0xb9][0x9b]=<hs[0xa1][0xd1][0xcd][0xe9][0xf3]^+[0xd0]i[0xdc][0xb3][0x9d][0xe6]-[0xde][0xa9][0xd9][0x84]"BQ[0x1a])[0xec][0xe1]s[0xed][\r][0xaa][0xa3] [0xd6][0xa2][0x9c][0x8b][0xb2][0xc8]W,[0xe8]2[0xd5][0xe4][0x9c][0xaf]NGW[0xe][0xc4][0xd3][0xde]pJ[0xd8][0xe1][0x8e]I[0x15][0xdf]4P[0xc4][0xed][0xf9]"[0xa4][0xab][0x9a][0x87]68[0x92][0x9c][0xfe]O0u$QM[0x1a][0xd4][0x1]^X[0xe0][0xe2]PWD[0x81][0xe7][0x85][0xa4][0xc2][0x18][0xce][0x19]-[0x19][0xfb][0xf7][0x4][0xfe]r[0xac]5[0x9][0x1][0x1][0xc7][0xbd]}[0x8b][0x99][0xeb]?[0xb8][0xd8][0xc][0xa7][0xf5]0[0x87][0x5][0xd4][0xdd]q_[0xac][0xf0][0x14][0xbe][0xe8][0xd4]+s[0xd3] a([0xc4][0xf1]2[0x7][0x9d][0x99]X[0xc5]O[0xf8]A[0x14]ZP[0x8f][0x16]`[0xd0][0xb9] [0x14][0xd2]%[0xcd][0xd9][0xcc][0x83]5;}%[0x91]{[0xd4][0xcd][0xb9][0xad][0xef]a^[0xda][0x93]-zO8[0xcc][0xc9][0xc4][0x19]m[0xd4]g[0xf9]<[\n]"
19:35:02.908 [main] DEBUG org.apache.http.wire - http-outgoing-2 << "[0xd8][0xe9][0xab][0x82][0x8a]B[0xb6][0x1b][0xe2],#[0xd9][0x16][0xb9]<[0xaa][0x1b]([0xb1][0xf6]!b3[0x91]C~[0x1f]/h[0xb][0xc9][0x7][0x1][0xce]X[0xee]A[0xbb]6[0x88][0x7][0x87][0xc8]e[0x4][0xbb]>I[0xdb][0xc8]=?D[0xae][0xe9][0x99][0xdb][0x8]s[0x10][0x19] 6c[0xed]P_[0x1c][0xc6]F[0x1a][0xb5][0x11]zy[0x88][0xd0]<k[0x87][0xd4]9H[0xd5][0x12][0x9c][0xb6][0xd5][0x87][0x83][0x14]"%[0xcb][0x80]s[0xdb]F[0xf0]A4`[0xc6]H[0xec]a[0xd0][0x89]6[0xba][0xb6][0x97][0xb][0x4][0xa6]E[0x18][\r]~[0x18]3[0xe6]'0[0xd3][0xb1][0x8][0xbf][0xc1]([0x87][0xa1][0xf2][0xc][0x13][<e[0x9]v[0xe5][0x93][0xf4]$[0xf0]EX[0xfd][0x89][0xe5][0xd8][0xf6][0xef]-$[0xad][0xfe][0xc4][0xba][0xb2]-q8[0x94][0x8a]wOZ[0x89][0x89]5[0xb7]tsp[0x12][0xc2]F[0x8d][0x83]h[0x89][0xb2][0xd4][0x9d]X[0xbd]~[0x10][0x1][0xee]L[0x9e][0x18][0xf5][0x96][0xc1][0xa2][0x14][0xf7][0xed]E[0xa5]#[0xea]s[0xb1]}[0xe6][0xd5][0xa5][0xb][0x89][0x87]c[0xbf][0x2][0xe8][0xb2]k*?j"[0xd1][0xd8][0xb][0x9e]tQ[0xe9][0x3],$|[0xd4][0xc4][0x92][0xce][0xcb][0x9a]V[0xe][0xbe][0xa0][0x8b][0x10]&a[0xf2][0xcf]T}r|[0xc5][0x4]dyQ[0xda][0xd5][0xf8][0x9b]i[0xbd][0x82][0x87][0x2]}uR[0xd5][0x9][0xd7][0x90]u[0x1b][0xe7]V[0xc]rn[0x17]c8[0xf6]tL[0xa2][0x84][0x81][0x12]h[0xe4][\r]][0x1c][0xdb][0x8][0x9c][0xcd][0xb5][0xa3][0x9][0xf]p[0xc4][0xea][0xed][0x96]S[0xc][0xb7]UP[0xb]!{[0xc1][0x88]\[0xa4]I[0x90][0xa4][0xbd][0xbb][0x93][0x17][0xa0][0x5]=)"A[0x96]R[0x85]y*?[0x17][0xe0][0xc7][0x11][0xa4][0xa7][0xe0]w[0xc5][0xae][0x2]m[0x10][0xdb]S[0x0][0x80][0xd4][0xf9][0xb9][0x97][0xf8][0x89][0x85]"[0xc2]|[\n]"
19:35:02.912 [main] DEBUG org.apache.http.wire - http-outgoing-2 << "[0xa8]>}|[0xf8]l[0xf1][0xf5][0x85][0xae]X[0xf][0xc5][0x8f][0xc8][0x80][0x8a][0x94],&[0xd6][0xaf][0xe0][0xbc][0xe5]>[0x1c]V[0xbc][0xdf][0xc8]B4[0xbe][0xa7]`[0xfb]x[0x4]49Y[0x81]p[0xba][0xea]e[0xc][0xb3][0x1c]D[0xdc][0xe3][0x18]&[0xab][0xcf]\y[0x17][0x8]/8[0xe]k[0x4][0x16][0x88][0xe5])[0xd8][0xe2]4'[0xa3][0x93]BJ[0xce]6[0x84][0xd4][0xdb]*M[0x1e][0xf7]q1[0xe7]b[0xde]{[0xc1]+[0xd3][0xdf][0xe][0xf7]g[0xde][0xf8]EP[0x85][0x84][0xe3][0x90][0x1a][0xde][0xaf]%[0xcb][0xba][0xc3][0xcb][0xc8][0xd5]R[0x8e]C]D\[0xed]0[0xdf][0xc8][0xe6]/B[0xac]d[0x1c][0x87]Wy[0xed]vh[0xcc]^[0xca][0xae][0x90]p[0xac][0xe6][0xea][0x10][0xae][0xad][0xf2][0xca][0xf6]/[0xd4]_)[0xe4]H[0x15].[0xa2][0xd9][0x96][0x1a][0xac][0xda][0xbf]L[0x81][0x95][0x90][0xe3] [0x97]q[0xd1][0x1e][0xc8]?[0xa8][0x86][0x5]h[0xc8][0xd7][0xd2]/[0xa2][0xcf]R[0xb2]L[0xb3][0x8e][0x9b][0x84][0x19][0x83][0xed][0x99][0xc6]{B[0x12]4+[0xda][0xbf][0x8]x)[0xe6]8[0xd8]E[0xac][0xdb]N[>[0xc9][0xe6]/[0x82][0xac]d[0x1c]Is5[0xf9]i[0x87]zfvz[0x19][0xdd][0xa6][0xa4][0xe3]fP[0xc9][0xbd][0xf7][0xe0][0xbf][0xa3]K[0xf4]1g[0xd6][0xe8][0x0][0xc4]U[0xc0]J[0x82][0x80]*[0xf0][0x5]q[0x92]3y[0xeb]j[0xf9][0x81][0x7][0xdb][0xc8]RA[0x8b]H[0x12],$[0xb3][0x4][0xeb]RE7[0xdb][0xdb][0xcb][0x89][0xec]m[0xc6][0xc5][0x16]R[0x1d][0x11]y[0xf6]yLR[0x89][0x85][0xf][0x8][0xe2][0x8c]p[0x92][0x7][0xe1][0xe2][0x10][0x4][0xc0][0x10][0xd8][0x8][0xe9][0x99][0x8a]~[0xf9][0x19]=[0x1b]Y[0xd3]?[0xc4][0xf3],[0x19][0xc9][0xd0][0xbb]a[0xac][0x95][0xd5][0x10][0xce][0xc9]h[0xbb]EL[0xed]lIu[0xc4][0xd3][0xb4][0xdb][0x11][0x81]dG[0x8c]W[0x19]e[0xef]1M[0xbf][0x8f][0xde][0x15]i3E[0x11]~$([0xcb]S[0x82][0x98]O[0x84][0xf3]D+[0xcc][0x8d][0x1f][0xd4]y[0x4]&.+x[0x94]u[0x9a][0xbd][0x82][0xde]fj[0xc8]G[0xf6]0[0xd3][0x89]!L0X[0x9c][0xa2]"[0xfd][0x13][0xa1][0x99][0xba]r[0xe3][0xdf]e[0x8e][0x88][0xa6][0xc8]F[0xbc][0x3]O%[0x9f]p[0x8a]\[0x1a]/[0x82]4"[0x1e][0x9a][0xe8][0xef][0xa7]'o[0xc5][0xd8][0xc0][0x4][0xc2]bp`#[0xc]![0xcf][0xc8]*[0xb0][0x8a][0x90][0xea][0x1b][0x1d][0xa7]|[0x83][0xe6]y[0x8][0xf5]A[0xc]_[0x19]N[0xbd][0x80][0x97][0x95][0xf6][0x13][0xbe]g[0x19][0xd0]%[0xf6][0x18]<[0xc4][0x9e][0xf2][0x10][0xd2]<[0xc3][0xbc]}[0xcc][0x10]u][0xa0][0xc4]C^[0x9e]r[0x8][0xa2]L[0xcc][0x0][0xfd]-[0x86][0xff][0x19][0xd0][0xb5][0xa6][0xb9][0xe0][0xed]O'[0x90][0xd8]v;|[0xe2][0xc6]D&b[0x8b][0xc0]4;0[0xc9][\r]F[0x8a][0x84][0xb8][0xf3][0x1b][0xe7]A[0xbc][0x91]0#[0x8a][0x14][0x1c][0x92][0x94][0x9d]Z?[0xc1][0x8]Q[0x9e]1$[0x19][0xd4]D[0x14][0xb][0xd3][0xb3]DJ-[0xba][0xf3]3[0xbb][0x1d]kK[0xe3]p[\r]o[0x90][0xa7][0xfa][0xc4]}[0x9c][0xd3]g[0xe4][0xe3][0xc][0xcd][0x9][0x89][0x91][0xbe][0x11][0xad]-[0xad]nX[0x9c][0xb5][0xb5]\\[0x98][0xb9]S[0xac][0xee][0xd6]y7L[0xba][0x9d][0xe6]8[0x9a]R[0x83]#[0x17][0xc7]r[0x82][0xc4][0xb][0x98][0x98][0xa5][0xe0][0x9][0xb][0xc6][0x82]H[0xf2][0x4]Lw[0xc4]h[0xf5][0xde][0xcd][0xc]sQ[0xba][0xdf].[0x8a][0x1f][0xb9][0xb7][0x5][0xdd]q[0x1f][0x11]] [0x9f][0xae][0x80][0xf4]xm[0xb0][0x87][0xc0][0x1f][0xc9][0xc7][\r][0x8a][0xf3][0x84][0xef][0x1d][0xc9]qJW[0x5][0xcd][0xf0][0x1d]v[0x2][0xff]#[0x1a][0x8c][0x14][0xf1]5j[0x0][0xaf][0xd0][0xe0][0x9f][0xa1][0xd9]/=%[0x1b][0xed][0x1b]k[0x84][0xee]1[0xf3]{[0xc2][0xf6][0xd5][0x5][0xd7][0x1b][0xbf][0x2][0x10]N[0xe3][0x82]}[0xd9]Q[0xce][0x8c]Q[0xea][0x87]D[0xbe]35[0xf3][0xb7]q[0x1f][\n]"
19:35:02.915 [main] DEBUG org.apache.http.wire - http-outgoing-2 << "[0xba][0x86]cTV[0xb5]z[0x8][0xa1][0xcd][0xe7][0x9b][0xb][0xdb][0xaa][0xd8]YK=kK[0xcb][0x9f][0x95]A[0xb6][0xaa][0xe7]H[0xfc][0xdd][0xc8][0xbb][0x5][0xf4]vyw[0xcd]g[0xcd]s[0xc6] E[0xd6]~j[0xe6]y[0xdc]3[0xdf][0x84][0x81][0xfb]8[0xb1]j[0xd4][0x98][0xa7]iW[0xa3]m;h[0xef][0x18][0xb7][0xa0][0xc0][0xed][0x6]q[0x6]#s[0xb3][0xef][0x17]-M[0xf3]v[0xe1][0xd2]:[0x95][0x8b];qF[0xa5][0xa3]P[0xe2][0xcb][0xa0][0xc6]8@3W[0xa8][0xbe]z[0xc5]j]Y[0xda][0xc1][0x1a][0xd7][0xf5][0xda][0xbb][0xa6][0xba]N[0xde][0xba][0xea]b[0xaf][0xf0][0xd5][0xd2]KC[0x91]/2y[0xfd][0xab]1[0xbf](}[0x0][0x9f][0xc1][0xd0][[0xc0]Z)[0xbe][0x5]?Q-[0xe4]':[0xc6][0x80][0x14][0xd6][0x94];d1Z[0x85]=M[0xae][0xe]Y$=?[0xff]b[0x84]-%[0x95][0xa6]Mpx[0x0][0xd7]W[0xa1][0x85][0x92][0xec][0x80][0xc7][0xab][0x16][0xc][0xfa][0xb6][0xd3][0x1f][0xd8][0x3][0xbb]^[0xc][0xff]f1[0xd7]j[0xe3]8P[0x9f],[0xfd]_O[0xb7][0xeb]iMQ[0xf9][0xbd][0x9a][0xbc][0xaa][0x9b]X[0x10][0x1c]X[0xd3][0xd7]H[0xc]qx[0x90][0x82][0x82][0x18][0xf1]<[0xbc][0xa8][0x92][0x81][0x8]o[0x1c][0x94]Gj"[0xff][0x4][0xb3][0x92][0x11][0xdd][0x8f][0xc7][0xb6]1[0xe3][0xd1][0x9f][0x86][0xc5]qI[0x83][0x7][0x99][0xcf][0x92][0xc]y[0x8a] [0xb3][0x82]2[0xec][0x1b][0xd6][0xfd][0xea][0xc6][0xc4][0xed][0xfa][0xfa]U[0xef]Lj[0x95]4[0xe6][0xd5][0x5]g[[0x97]^o[0x8d][0xda]o[0xae]v'%[0xa6][0xdc][0xad][0xf2][0xa6][0xc8]yAf[0xe2][0xf0][0x9c]Dnz~[0x99][0xa9]([0xaa]+L5[0x97](i[0xd9]T[0xad]j[0xcb][0xd2]}[0xed]k[0xd9][0x94][0xf6][0xec]h.[0xa9][0xad]&4-[0xb3][0xa4][0xe3][0x92][0xa4][0xca][0xf9]4[0xda]z/p1[0xb0][[0xde][0x4][0xe8][0x83]v[0xe3][0x82]c3I[0x11][0x85][0xf2][0x80]\[0xd9]R[0xf3][0xd2][0xc2]0R[0x1d]U[0xd7][0xd1][0xf7][0x19]&Dd[0x98][0xf3]2[0xc3]{[0xda][0x97][0xe2][0x19][0x87][0xf4]RA[0xb4]o[0x10]{[0xab]F[0xc8][0xee][0xe3][0xfa]2)k{s`vi[0x86]'[0x7]v[0xd8][0xb5][0xc6]>i[0x87][0xdc]m[0xb4][0x95][0xb9][0xe7][0xae][0xa3]B[0x1d][0xe5][0xea][0x12]O[0xde][0xa0][0xf9][0xf2]F[0xda]O[0xf5][0xb][0xb3]r[0x6][0x3][[0xa9]E[0xb9]U[0xe1][0x81]w[0xd3] [0xe5]//[0xac][0xe9]'[0xba]"<7[0xbb]^C[0xd0][0x8]q"4[0x99][0x82][0xd5][0x3][0xbf][0xbd]$ [0xe8][0xef][0xd7]w[0xb3][0xf][0xef][0xf5][0xd9][0x88][0xcf]X2[0xec][0xf7]W[0xab]U/I[0x1]?#8I[0xc0][0x1b][0xc8]d[0xaf][0xe7][0xd2][0xc8][0xaa][0xcb]/\^[0x1c][0xc1][0x18][0xe6][0xa3]y[0xbf][0xc0]7q[0x93][0xc9][0xbf][0x88][0x9f][0xac][0xff][0xb][0xc1][0x17]Y[0x9][0xb9].[0x0][0x0]"
19:35:02.916 [main] DEBUG org.apache.http.headers - http-outgoing-2 << HTTP/1.1 200 OK
19:35:02.916 [main] DEBUG org.apache.http.headers - http-outgoing-2 << Date: Wed, 14 May 2014 17:35:02 GMT
19:35:02.916 [main] DEBUG org.apache.http.headers - http-outgoing-2 << Server: Apache/2.4.6 (Ubuntu)
19:35:02.916 [main] DEBUG org.apache.http.headers - http-outgoing-2 << X-Powered-By: PHP/5.5.3-1ubuntu2.2
19:35:02.917 [main] DEBUG org.apache.http.headers - http-outgoing-2 << Expires: Thu, 19 Nov 1981 08:52:00 GMT
19:35:02.917 [main] DEBUG org.apache.http.headers - http-outgoing-2 << Cache-Control: no-store, no-cache, must-revalidate, post-check=0, pre-check=0
19:35:02.917 [main] DEBUG org.apache.http.headers - http-outgoing-2 << Pragma: no-cache
19:35:02.917 [main] DEBUG org.apache.http.headers - http-outgoing-2 << Vary: Accept-Encoding
19:35:02.917 [main] DEBUG org.apache.http.headers - http-outgoing-2 << Content-Encoding: gzip
19:35:02.917 [main] DEBUG org.apache.http.headers - http-outgoing-2 << Content-Length: 2617
19:35:02.917 [main] DEBUG org.apache.http.headers - http-outgoing-2 << Keep-Alive: timeout=5, max=100
19:35:02.917 [main] DEBUG org.apache.http.headers - http-outgoing-2 << Connection: Keep-Alive
19:35:02.917 [main] DEBUG org.apache.http.headers - http-outgoing-2 << Content-Type: text/html
19:35:02.918 [main] DEBUG o.a.h.impl.execchain.MainClientExec - Connection can be kept alive for 5000 MILLISECONDS
19:35:02.952 [main] DEBUG o.a.h.i.c.PoolingHttpClientConnectionManager - Connection [id: 2][route: {}->http://localhost:80] can be kept alive for 5.0 seconds
19:35:02.952 [main] DEBUG o.a.h.i.c.PoolingHttpClientConnectionManager - Connection released: [id: 2][route: {}->http://localhost:80][total kept alive: 1; route allocated: 1 of 6; total allocated: 1 of 20]
19:35:02.953 [main] DEBUG c.g.htmlunit.html.HtmlElement - Firing Event unload (Current Target: HTMLElement for HtmlHtml[<html>]);
19:35:02.954 [main] DEBUG c.g.htmlunit.WebWindowImpl - setEnclosedPage: HtmlPage(http://localhost/schoolmate/index.php)@23366720
19:35:02.954 [main] DEBUG c.g.htmlunit.WebWindowImpl - destroyChildren
19:35:03.150 [main] DEBUG c.g.htmlunit.html.HtmlScript - Script node added: <script language="JavaScript">
//<![CDATA[

  function logoutAdmin()
  {
	document.admin.logout.value=1;
	document.admin.submit();
  }

  function classes()
  {
	document.admin.page2.value=0;
	document.admin.submit();
  }

  function schoolInfo()
  {
	document.admin.page2.value=1;
	document.admin.submit();
  }

  function students()
  {
	document.admin.page2.value=2;
	document.admin.submit();
  }

  function teachers()
  {
	document.admin.page2.value=3;
	document.admin.submit();
  }

  function announcements()
  {
	document.admin.page2.value=4;
	document.admin.submit();
  }

  function semesters()
  {
	document.admin.page2.value=5;
	document.admin.submit();
  }

  function terms()
  {
	document.admin.page2.value=6;
	document.admin.submit();
  }

  function users()
  {
	document.admin.page2.value=10;
	document.admin.submit();
  }

  function parents()
  {
	document.admin.page2.value=22;
	document.admin.submit();
  }

  function register()
  {
	document.admin.page2.value=26;
	document.admin.submit();
  }

  function attendance()
  {
	document.admin.page2.value=30;
	document.admin.submit();
  }
 
//]]]]><![CDATA[>
</script>

19:35:03.230 [main] DEBUG c.g.htmlunit.html.HtmlScript - Script node added: <script language="JavaScript">
//<![CDATA[

  // Function to make sure the user wants to delete the term(s) //
  function validate()
  {
   if( document.terms.selectterm.value > 0 )
   {
	var confirmed = confirm("Deleteing a term will also delete the semesters, classes, bulletins, tardies, attendance, assignments, and registrations that occured during that term. \n \nAre you sure?");

	if( confirmed == true )
	{
	 document.terms.submit();
	}
   }
   else
   {
	alert('You must select a term to delete.');
   }
  }


  // Function to make sure only one checkbox has been selected //
  function checkboxes()
  {
   if( document.terms.selectterm.value == 1 )
   {
	document.terms.submit();
   }
   else
   {
	if( document.terms.selectterm.value > 1 )
	{
	 alert('You can only edit one term at a time.');
	}
	else
	{
	 alert('You must select a term to edit.');
	}
   }
  }


  // Function to keep track of how many checkboxes are checked //
  function updateboxes(row)
  {
   row = row + 2;
   if(document.terms.elements[row].checked)
   {
	document.terms.selectterm.value = Math.round(document.terms.selectterm.value) + 1;
   }
   else
   {
	document.terms.selectterm.value = Math.round(document.terms.selectterm.value) - 1;
   }
  }
 
//]]]]><![CDATA[>
</script>

19:35:03.338 [main] DEBUG n.s.j.h.HtmlUnitTestingEngineImpl - Window "" changed : "SchoolMate - School Name" became "SchoolMate - School Name
19:35:03.338 [main] DEBUG c.g.htmlunit.html.HtmlElement - Firing Event DOMContentLoaded (Current Target: HTMLElement for HtmlHtml[<html>]);
19:35:03.339 [main] DEBUG c.g.htmlunit.html.HtmlElement - Firing Event load (Current Target: HTMLElement for HtmlHtml[<html>]);
19:35:03.621 [main] DEBUG c.g.htmlunit.html.HtmlElement - Firing Event change (Current Target: HTMLElement for HtmlHiddenInput[<input type="hidden" name="page2" value="8'> &lt;a href=www.google.com>evil link&lt;/a> &lt;br '">]);
19:35:03.861 [main] DEBUG c.g.htmlunit.html.HtmlElement - Firing Event mousedown (Current Target: HTMLElement for HtmlSubmitInput[<input type="submit">]);
19:35:03.862 [main] DEBUG c.g.htmlunit.html.HtmlElement - Firing Event focusin (Current Target: HTMLElement for HtmlSubmitInput[<input type="submit">]);
19:35:03.862 [main] DEBUG c.g.htmlunit.html.HtmlElement - Firing Event focus (Current Target: HTMLElement for HtmlSubmitInput[<input type="submit">]);
19:35:03.862 [main] DEBUG c.g.htmlunit.html.HtmlElement - Firing Event mouseup (Current Target: HTMLElement for HtmlSubmitInput[<input type="submit">]);
19:35:03.867 [main] DEBUG c.g.htmlunit.html.HtmlElement - Firing Event click (Current Target: HTMLElement for HtmlSubmitInput[<input type="submit">]);
19:35:03.868 [main] DEBUG c.g.htmlunit.html.HtmlElement - Firing Event submit (Current Target: HTMLElement for HtmlForm[<form name="terms" action="./index.php" method="POST">]);
19:35:03.870 [main] DEBUG c.g.htmlunit.WebClient - Load response for POST http://localhost/schoolmate/index.php
19:35:03.875 [main] DEBUG o.a.h.c.protocol.RequestAddCookies - CookieSpec selected: mine
19:35:03.875 [main] DEBUG o.a.h.c.protocol.RequestAddCookies - Cookie [version: 0][name: PHPSESSID][value: qgniqsbqn10r0fpodm6d92v152][domain: localhost][path: /][expiry: null] match [localhost:80/schoolmate/index.php]
19:35:03.875 [main] DEBUG o.a.h.c.protocol.RequestAuthCache - Auth cache not set in the context
19:35:03.876 [main] DEBUG o.a.h.i.c.PoolingHttpClientConnectionManager - Connection request: [route: {}->http://localhost:80][total kept alive: 0; route allocated: 0 of 6; total allocated: 0 of 20]
19:35:03.876 [main] DEBUG o.a.h.i.c.PoolingHttpClientConnectionManager - Connection leased: [id: 3][route: {}->http://localhost:80][total kept alive: 0; route allocated: 1 of 6; total allocated: 1 of 20]
19:35:03.876 [main] DEBUG o.a.h.impl.execchain.MainClientExec - Opening connection {}->http://localhost:80
19:35:03.877 [main] DEBUG o.a.h.c.HttpClientConnectionManager - Connecting to localhost/127.0.0.1:80
19:35:03.877 [main] DEBUG o.a.h.impl.execchain.MainClientExec - Executing request POST /schoolmate/index.php HTTP/1.1
19:35:03.878 [main] DEBUG o.a.h.impl.execchain.MainClientExec - Target auth state: UNCHALLENGED
19:35:03.878 [main] DEBUG o.a.h.impl.execchain.MainClientExec - Proxy auth state: UNCHALLENGED
19:35:03.882 [main] DEBUG org.apache.http.headers - http-outgoing-3 >> POST /schoolmate/index.php HTTP/1.1
19:35:03.883 [main] DEBUG org.apache.http.headers - http-outgoing-3 >> Host: localhost
19:35:03.883 [main] DEBUG org.apache.http.headers - http-outgoing-3 >> User-Agent: Mozilla/5.0 (Windows NT 6.1; rv:24.0) Gecko/20100101 Firefox/24.0
19:35:03.883 [main] DEBUG org.apache.http.headers - http-outgoing-3 >> Accept: */*
19:35:03.884 [main] DEBUG org.apache.http.headers - http-outgoing-3 >> Referer: http://localhost/schoolmate/index.php
19:35:03.887 [main] DEBUG org.apache.http.headers - http-outgoing-3 >> Accept-Encoding: gzip, deflate
19:35:03.887 [main] DEBUG org.apache.http.headers - http-outgoing-3 >> Accept-Language: en-US
19:35:03.900 [main] DEBUG org.apache.http.headers - http-outgoing-3 >> Content-Length: 120
19:35:03.900 [main] DEBUG org.apache.http.headers - http-outgoing-3 >> Content-Type: application/x-www-form-urlencoded
19:35:03.900 [main] DEBUG org.apache.http.headers - http-outgoing-3 >> Connection: Keep-Alive
19:35:03.900 [main] DEBUG org.apache.http.headers - http-outgoing-3 >> Cookie: PHPSESSID=qgniqsbqn10r0fpodm6d92v152
19:35:03.901 [main] DEBUG org.apache.http.wire - http-outgoing-3 >> "POST /schoolmate/index.php HTTP/1.1[\r][\n]"
19:35:03.901 [main] DEBUG org.apache.http.wire - http-outgoing-3 >> "Host: localhost[\r][\n]"
19:35:03.901 [main] DEBUG org.apache.http.wire - http-outgoing-3 >> "User-Agent: Mozilla/5.0 (Windows NT 6.1; rv:24.0) Gecko/20100101 Firefox/24.0[\r][\n]"
19:35:03.901 [main] DEBUG org.apache.http.wire - http-outgoing-3 >> "Accept: */*[\r][\n]"
19:35:03.901 [main] DEBUG org.apache.http.wire - http-outgoing-3 >> "Referer: http://localhost/schoolmate/index.php[\r][\n]"
19:35:03.901 [main] DEBUG org.apache.http.wire - http-outgoing-3 >> "Accept-Encoding: gzip, deflate[\r][\n]"
19:35:03.902 [main] DEBUG org.apache.http.wire - http-outgoing-3 >> "Accept-Language: en-US[\r][\n]"
19:35:03.902 [main] DEBUG org.apache.http.wire - http-outgoing-3 >> "Content-Length: 120[\r][\n]"
19:35:03.902 [main] DEBUG org.apache.http.wire - http-outgoing-3 >> "Content-Type: application/x-www-form-urlencoded[\r][\n]"
19:35:03.902 [main] DEBUG org.apache.http.wire - http-outgoing-3 >> "Connection: Keep-Alive[\r][\n]"
19:35:03.902 [main] DEBUG org.apache.http.wire - http-outgoing-3 >> "Cookie: PHPSESSID=qgniqsbqn10r0fpodm6d92v152[\r][\n]"
19:35:03.902 [main] DEBUG org.apache.http.wire - http-outgoing-3 >> "[\r][\n]"
19:35:03.903 [main] DEBUG org.apache.http.wire - http-outgoing-3 >> "deleteterm=&selectterm=&page2=8%27%3E+%3Ca+href%3Dwww.google.com%3Eevil+link%3C%2Fa%3E+%3Cbr+%27&onpage=1&logout=&page=1"
19:35:03.935 [main] DEBUG org.apache.http.wire - http-outgoing-3 << "HTTP/1.1 200 OK[\r][\n]"
19:35:03.936 [main] DEBUG org.apache.http.wire - http-outgoing-3 << "Date: Wed, 14 May 2014 17:35:03 GMT[\r][\n]"
19:35:03.936 [main] DEBUG org.apache.http.wire - http-outgoing-3 << "Server: Apache/2.4.6 (Ubuntu)[\r][\n]"
19:35:03.936 [main] DEBUG org.apache.http.wire - http-outgoing-3 << "X-Powered-By: PHP/5.5.3-1ubuntu2.2[\r][\n]"
19:35:03.936 [main] DEBUG org.apache.http.wire - http-outgoing-3 << "Expires: Thu, 19 Nov 1981 08:52:00 GMT[\r][\n]"
19:35:03.937 [main] DEBUG org.apache.http.wire - http-outgoing-3 << "Cache-Control: no-store, no-cache, must-revalidate, post-check=0, pre-check=0[\r][\n]"
19:35:03.937 [main] DEBUG org.apache.http.wire - http-outgoing-3 << "Pragma: no-cache[\r][\n]"
19:35:03.937 [main] DEBUG org.apache.http.wire - http-outgoing-3 << "Vary: Accept-Encoding[\r][\n]"
19:35:03.937 [main] DEBUG org.apache.http.wire - http-outgoing-3 << "Content-Encoding: gzip[\r][\n]"
19:35:03.937 [main] DEBUG org.apache.http.wire - http-outgoing-3 << "Content-Length: 2094[\r][\n]"
19:35:03.937 [main] DEBUG org.apache.http.wire - http-outgoing-3 << "Keep-Alive: timeout=5, max=100[\r][\n]"
19:35:03.938 [main] DEBUG org.apache.http.wire - http-outgoing-3 << "Connection: Keep-Alive[\r][\n]"
19:35:03.938 [main] DEBUG org.apache.http.wire - http-outgoing-3 << "Content-Type: text/html[\r][\n]"
19:35:03.938 [main] DEBUG org.apache.http.wire - http-outgoing-3 << "[\r][\n]"
19:35:03.938 [main] DEBUG org.apache.http.wire - http-outgoing-3 << "[0x1f][0x8b][0x8][0x0][0x0][0x0][0x0][0x0][0x0][0x3][0xd5]Zmo[0xe3]6[0x12][0xfe]l[0xff][\n]"
19:35:03.938 [main] DEBUG org.apache.http.wire - http-outgoing-3 << "b[0x8b];[0xb5][0x5][0xe2][0xb7][0xd4]i[0xea]7[0xc0][0xc9]f[0xd1][0xde]&[0xbb][0x8b]&[0xfd]p[0x9f][\n]"
19:35:03.938 [main] DEBUG org.apache.http.wire - http-outgoing-3 << "Z[0xa2]-u%Q[0x90](;nq[0xff][0xbd][0xc3]7[0xbd]Y[0xb6]([0xbb]{[0xbd][0x8b][0x81]H[0xa6][0x86][0xf][0x1f][0xe][0x87][0xc3][0x99][0x91]g.[0xb][0xfc]E[0x17][0xcd]\[0x82][0x1d]~e[0x1e][0xf3][0xc9][0xe2][0xd9]v)[0xf5][0x9f]0#[0xe8][\n]"
19:35:03.938 [main] DEBUG org.apache.http.wire - http-outgoing-3 << "[0xc9]/[0xe8][0x3][0xe][0xc8][0xac]/[0x9f][0x83]`[0xc2][0xf6]>Al[0x1f][0x91][0xf9][0x1b]F^Y[0xdf]N[0x92]7[0x8b]n[0x17][0xf5][0xbf]Ew[0x1f][0xdf][0xfe][0x1b]}[0xdb][0xef][0xa2][0x15]u[0xf6]][0xf4]G[0x17][0xa1][0x15][0xb6]?ob[0x9a][0x86][0xce][0x95]M}[0x1a]O[0xd0]W[0xd7][0xd7]77?[0xfc]0[0xed][0xa2][0xff][0xc8]^[0x8f]?}x[0xff],[0xba][0xa1]eoM)#1[0xdc][0xf2][0xce][0x8][0xad]i[0xc8][0xae][0xd6]8[0xf0][0xfc][0xfd][0x4][0xe1][0xd8][0xc3][0xfe]4oO[0xbc][0xdf][0xc9][0x4][\r][0x7][0x11]+4[0xee][0x88][0xb7]q[0xd9][0x4][0x85]4[0xe][0xb4][0xb4][0x1a]9[0xf1][0xfc]-[0x89]e[0x13][0xa7]~[0xe5][0x10][0x9b][0xc6][0x98]y4[0x9c] `Hb[0xdf][0xb][0x9][0xce][0x99]ed&.[0xdd]~)J+[0x1f][0xf4]3[0xed]v[0x8c][0xe8][0x4]$L[0x5][0x8d]N[0x1d][0x87]N[0x91][0xc0][0x88][0x13][0xe8][0x94]F_Q[0xdf][0x81]6[0xbd][\n]"
19:35:03.938 [main] DEBUG org.apache.http.wire - http-outgoing-3 << "[0xe4][0xc6][0xc6][0xd7]N[0xdd][0xd0]!=[0x18][0xb5][0xa0][0x82][0xda][0xb1][0xab][0xf3][0x1f][0x95][0xe7]_K[0xe0][0x1d][0xfc][0xdd][0xdd][0x1d]Y[0x8d][\n]"
19:35:03.943 [main] DEBUG org.apache.http.wire - http-outgoing-3 << "[0x87][0x8]o[0x80]E[0xa0][0xd7][0xe0][0x8][0x85][0xba][0x15]8[0xb6][0x0][0x9a][0xc5][0xed][0x80]D[0x93]![0x89][0xb2]9[0xfc][0x85]T[0x96][0xf7][0xfc]cD%!>[0xb1][0x19]q[0xbe][0x9c]^[0x6][0xe2][0xaf][0x9e]L[0x9d]mV[0x18][0xfd]-J[0xaa][0xe3][0xe5]1[0x12]$[0xff][0x3][0xfa][0x11]<[0xbe][0x98]V[0xc6][0xef][0xf8][0xc7][0x94][\r][0xf8][0xdc][0x97][0xe5][0xdd][0xe3][0x83]r[0xba][0xc][0xaf]|"[0xf7]v[0x8d][0xb7]~'[0xfe][0xb2][0xbe]B[0xb8][0xb7]?).wuA[0xdc][0xd9][0x87]0M[0xdb][0xf7][0x12][0xa6]'[0xbf][0xa2]1[0xd0][0xca][0xba][0x8d]o[0xf9]gZx[0xb2][0xf3][0x1c][0xe6]NPo[0xf0][0xfd][0xf8][0xe1][0xa9][0xf8]@[0x1c]@[0xe0][0xcc][0xa9][0xef]9[0xa2]=[0xc2][0x8e][0xe3][0x85][0x9b][0xab]X[0xaa]g[0x18][0xbd][0x96][0x9a]W[0x94]1[0x1a][0x1c][0xb6][0xfb]d[\r][0xd2][0x83]J+[0xa3]Q[0xd6](g[0xe0][0xf4]V[0x19][0xe9][0x13][0x87]Y.[0xbd]5[0x12]/>[0x8d]ID0[0x90][0x91][0xd7][0xab]}[0x11]nw[0x2][0xad][0xba]6N[0xf][0x87]!H[0xd8][0x4][0x9c]v[0xa6]ja[0x11][0xd8][0xf7]6`[0xc][0xbf][0xa5][0x9][0xf3][0xd6][0xfb][0x1a]E[0x8c][0xaa][0x9a]P[0xea][0x1c][0x15][0x95][0xd1][0xa3][0x8e]s[0x82]Ous[0xaa]Am #[0xcf]][0x9]B[0xb6]$<[0x81][0xf2]0[0xe0][0x9f]F[0x14][0x1e][0xb9][0xe4][0x9b][0xa9][0xd1][0x14][0xc1][0xe8]|X[0xbe]}[0xf8]YY[0xbd];[0xd4]][0xcb]'[0x1a][0xf3][0x2][0x92][0x1c][0x9c]h[0xa3]Q[0xed][0x89].[0x8f]4T[0xef][0x17][0x8e]{[0xf1][0x93][0x13]sGp[0xe4]&[0x9][0xf8][0xd1][0x9a][0xf3][0xb6][0x9e][0xdd][0xf0][0xa6][0x81][0xdd]YL@c[0xf7][0xbf]<[0xbf]||B[0xf7][0x8f][0xcb][0xe7]g[0xed].4[0xbb][0x15]}m[0xf4][0x2][0x9d][0xda]=[0xdb][0xa9][0xdf][0xe2][0x9d][0x8a]O[0xc8]"[0x14]e[0x91][0xc2][0x1f][0xbe]V[0xfe][0xc1][0xe3][0xc0][0xb]5[0xd4]p[0x9c]7[0xb9]J[0xb][0xba]M[0x89]\[0xf3][0xd5][0xe9][0xe8][0x87]#[0xf1][0xad]1[0x9c][0x12]~[0xb8]ST[0x15][0xdf]4[0xd0][0xc4][0xfd][0xf9][0xda][0xa7][0xbb][0xca][0x9]][0xd0][0x91][0xd4][0xe9][0xff][0x85][0xa6][0xce]TT[0x9d][0x5]u@/[0xcc][0xb3][0xb1][0xaf][0x1f][0x4][0x9e][0xe3][0xf8][0xa4][0xa4]1[0x9c]2[0x9a]k[0xec][0xbf][0x13][0xf8][0xcb][0xb1][0xf6][0xc4][0x7][0x6][0x9c][0xf7][0xf1]-V\[0xff][0xd1][0xf8]0[0x9c][0xd6][0xc3][0xb4][0xb][0xa8][0xbb][0xb3][0xbe]X[0xe1][0x5][0xdc][0xe8][0xd4]+[0xb1]c/b[0xc8][0xc7][0xe1]&[0x5][0x9b][0x99][[0xff][0xc2][[0xfc],[0x1a]-x[0x8e][0xd6][0xe0][0xd0]9[0x10][0xf2][0xe9][0x86][0xa6]l[0xe9][0xc0][0x9a]}[0xfd][0x8d]d[0xee]P;[0xe5][0xbe][0xbe][0x87]ykOJ[0xf4][0xb6][0xd8]O[0xc9]|8=x[0x9e][0xa4][0xab][0xc0]c_[0x93][0xa9]"[0xc3][0xb6]}[0x9c]$$9[0x82][0xcb][0xa3][0xba][0x91][0x82][0x1d][0xb4][0x81]MD[0xe][0xf9]S[0xb8][0xa6][0x6][0xc8][0xad][0x8]',u@[0xce][0x84][0xf1][0xa8][\r].#[0xd8]vIl[0x82]{[0xdd][0x6][0xb7]x2[0x9b][0x80][0xd7]J[0x19][0x0][0x9b]03[0xd6][0xe3]v[0xda][0x88][0x3][0x13][0xd0][0x9b]6[0xa0]ib[0xc6]t[0xd8][0xca][0xd4]"[0x1c][0x9b][0xda]C+[0x83][0x88][0xc9][0xc6][0xe3][0xba]5[0x1]n[0xa5][0x6][0xcc][0x18][0x9][0x1d][0xc]6abk[0x8d][0xba]@[0xe0]Z[0x84][0xd3][0xe0][0xc5][0x98][0x19][0xaf][0xc0],f"[0xfc][0x6][0xa7][0xec][0xfb][0xea]d[0x98][0xf][0xc4][0xb7]$[0xc2][0xb6][0xfc]&O[0x12][0xb8][0x11]^n[\r][0x7][0x83]XHz[0xfd][0xb9]u;[0xb0]Dq([0x16][0xff][0x1d][0xe9]%[0xe6][0xd6][0xca][0xd2][0xe2]pH[0x8][0x1f]5[0xf3][0x82][\r]Jb{n[0xf5][0xfa]^[0x0][0xbc][0x13]Y1[0xea]m[0xbc]u[0xe][0xf7][0xfd][0xb8][0xd4][0x11][0xf5]9l[0x9f]9Ut[0x81][0xd8][0x9e][0xfb]-P[0x97]]cy[0xa9]@[0xa2][0x99][0xe3]muS~[0x6]XH[0x9c]QsK[0x1e]^[0xd6][0xa2]T[0xf8][0x82].[0x2]L[0xd2][0xe4][0xd7]X]9[0xbf]l[0x2][0xb2]=k[0xed]j[0xfe][0xf5]j[0xbd][0x85]/[0x19][0xfb][0xf2][0xa4][0xca][0x13][0xae]0[0xeb][0xd6][0xce]-[0x1b][0xe4]z[0x90][0x8d]1[0x1c],f$[0x88][0x18][0x18][0x81]f^[0xd3]e8([0x4][0xce][0xc5][0xb5][0xa3][0x11][0xf]p[0xc4][0xea][0x9d][0xc6][0xc9][0x86];[\n]"
19:35:03.944 [main] DEBUG org.apache.http.wire - http-outgoing-3 << "d[0x0][0xd2]HF[0xe4]"u@R[0xed][0xdd][0x93]z[0x1][0xb5][0xa0][0xad]R$`)SX[0xc5][0xf2][0xba][0x86]s[0x1c]Az[\n]"
19:35:03.944 [main] DEBUG org.apache.http.wire - http-outgoing-3 << "[0xe7][0xae][0xd8]U`[\r]b{[\n]"
19:35:03.945 [main] DEBUG org.apache.http.wire - http-outgoing-3 << "[0x2][0x90]:[0xbf][0xf6]"7[0xb2]P@[0x98]K[0x81][0xd5][0xa7][0x8f][0xcf]/[0x16]__[0xe8][0x8a][0xf5]P[0xbc]D[0x6][0xaa][0x88][0xc9]zn[0xfd][0x6][0x87][0xb7][0xdc][0x87][0x93][0xd2][0xe9]7[0xb5][0x10][\r][0x9f]([0xf8]>[0x1e][0x1][0xcd][0xdf][0xec][0x0][0x9c][0xee]z[0x9][0xc3],[0x5][0x88]'[0x1c][0xc2]du[0xcd][0x95]w[0x81][0xf0][0x82][0xf3][0xb0][0xa6][0xe0][0x81]X[0x1a][0x83]/[0x8e]S2}[0x93][0xa1][0xa4][0xec][0x0][0xa4]*[0xab],y[0xd6][0xc7][0xd9][0x9c][0xb3]y7[0x92]W[0xae][0xdf][0x8c][0xf7][0xb][0x17][0xbe][0x88][0xaa]@8[0x8f]i[0xe1][0xf4]3[0xd4][0xb2][0xee]p[0x99]r5[0xca]y[0xac][0xb3][0x88][0xcb][0x8c][0xf3][0xbd][0x14][0xbf][0x88][0xb1][0xc2]8[0x8f][0xaf]:[0xb5][0xcd][0xd8][0xfe][0x92]\[0xaa]][0x81]p[0xae][0xe5][0xea][0x10][0xce][0xd4]x[0xa5][0xfc][0x85][0xf6]+A[0xce]4[0xe1],[0x9a]5[0xb4]`%[0x99][0x1]+[0x90][0xf3]([0xe7]qQ[0x3][0xe5][0x9f][0x95]`F[0x1a][0xf2][0xb5][0xf8]/[0xb1]g[0x89],[0xd3][0xac][0xf3]&Q[0x8c][0xc1][0x1a][0xa6][0xf1][0x9e][0x90][0x8]-3[0xf9][0x8b][0x88][0xe7]0[0xe7][0xd1][0xce]b]3k[0xf9]$[0xc5]/[0xa2][0xac]0[0xce]Ts9[0xf9]1c[0xbd],v[0xba]L[0xdd]E[0xa4][0xf3]fP[0xca][0xbd][0x1b][0xf8]?[0xd2][\r][0xfa][0x98]2k[0xda][0x82]q[0x99][0xb0]B[0x10]T[0x5]?/[0x8c]R&[0xdf][0xba]Z[0xae][0xe7][0xc0]6[0xb2]T[0xd0]"[0x92][0x4][0xb][0xc9],[0xc1][0xba][0xb5][0x16]|2[0x82][0xff]n[0xb7][0xeb]m([0xdd]@[0x14]n[0xd3]`A[0xb6][0x9e][0x8f]|/[0xfc][0xcc]Q[0xf9][0xec][0x91][0xa5]B[0xa1][0xe3][0xe0]r[0xd6][0x8d]b[0x9c]CFa([0xc2][0xd4]>[0xf]`J[0x81]s[0x8b][0x88][0xaf][0x10]{[0xf2][0x88]]TL[0x80][0xc][0x81]][0x13]_[0xa9]P[0x99][0x17][0xf4][0xd9][0xd4]Z[0xfc]3\%[0xd1]T[0xc6][0xe9]5c[0xed][0xac][0x9a][0xd8]O[0x86][0xe6][0x6][0x1][0xf8][0xf0]H^$[0xbe]-[0xba][0x1d][0x11]uv[0xc4]x[0xa5]Qf[0xee]p[0xb1]t[0x1c][0xf4][0x81][0xec]Dh4[0xeb]C[0x3]_[0xc9]r[0xb8][0xe9][0xf0][0x18][0xcb],[0xe0][0xcc][0xed]U[0xd9]l!?[0xd2][0xdc]-[0x8][0xff][0x8b][0xec]-H[0xb7][0x94][0x1a][\n]"
19:35:03.946 [main] DEBUG org.apache.http.wire - http-outgoing-3 << "o`[0xaa][0xe9][0x8e][0x9e][0xe1][0x8d]J[0xe5]x([0xad][0xbb][0xc9][0x1a][0xbb][0x9c][0xa9]+B4[0xfd]s[0x0]W[0xb5]=3[0x1c]3[0xf4][0x16][0xb3]b[0xe3]C[0xe8][0x14][0x9a]P[0x9e]5[0x15][0xb1][0xf9][[0x0][0x89][0xec],J[0xb6]%s2[0xa9]#[0x91]D[0x82]2[0xf0][0xab]O[0xc2][0x8d]X[0x88]1[0xcf][0x1b][0xe5]J[0x9f][0xee][0x9b]pj[0xe][0xd0]([0xf7][0x7]%[0xf1][0xaa][0x9e][0xbc]3C[0x2]_m[0x88]S[0x9a]k[0x9e][0xc][0xaa]|[0xa3]`|[0xa5]u[0x1a]d[0xd9] [0xbf]m^[0x1e]u[0xad]0^[0xa5][0x8c]A[0xbe][0xa0][0xf7]![0xb7][0xbf][0x17]a_4[0xbc][0xf7]=[0xfb]3XA^?[0x10][0xa6][0x97]]u[0xfd][0xed]@[0xa0]\[0xe3]9x[0x9c]U [0xb8][0xdb]9[0xc1][0xe5][0x9e][0x1f]u[0xfe])&[0xe6][0x3][0x9d]V[0xf4][0x9]/[0x95][0xed]7EJ[0x15].[0xbe][0x9c]g5s[0xac]m[0xfc]j[0xee]X[0xab][0x5][0x86][0xf1]h`XR[0xd0][0x19]{[0xa1]Rr[0xe8][0xc0][0xba][0x1d][0xe9]W[0x95]z[0x8b][0xa5][0x8f][0xbc][0xf2][0x81]:H[0xef][0x9e][0xda][0xa5][0xc8][0x16][0xaa][0xe0][0xfa][0xb7]M[0xbe][0xbf][0x90][0xea]K[\n]"
19:35:03.946 [main] DEBUG org.apache.http.wire - http-outgoing-3 << "[0xda][0xc1][0xf3][0xea]{9[0xed]oJ[0xfa]somZ(v[0xa9][0xa7]'[0xdf]&[0xb7]+[0x8e]4[0xa1][0xb5][0xa9][0x90][0x98]b6TLJ[0xaa][0xa3][0xdc]V[0xc2][0xf9]wh[0xb5][0xb9][0xe7]/3[0xe6][0x96]zO[0x9d][0xcf]`[0xa4][0x9d][0x8f][0xf4]J[0xe2][0x1e][0xcd]x7MR[0xbe][0xbf][0xb1][0x16][0x9f][0xe8][0x8e][0xc4][0xc4]Aw{t[0xc5]K[0x92] [0xb2][0x80]}[0x3][0xbe]xC[0x0][0xe8][0xd7][0xbb][0xc7][0xe5][0x87][0xf7]:[0xc2]r[0x19][0x8b]&[0xfd]>[0xdf]OQ[0xc][0xfc]!s[0x8b]"[0xf0][0x10]"[0xa2]O[0xf8][0xe6][0xb2][0xaa][0xf8][0xf9]O[0xd4][0xb2]@.[0xe7]T[0x99]c[0xa1]F'[0xea][0xa1][0xfc]F[0xfc][0xf0][0xed]O([0xfb][0xfd][0xed][0xff]&[0x0][0x0]"
19:35:03.946 [main] DEBUG org.apache.http.headers - http-outgoing-3 << HTTP/1.1 200 OK
19:35:03.946 [main] DEBUG org.apache.http.headers - http-outgoing-3 << Date: Wed, 14 May 2014 17:35:03 GMT
19:35:03.946 [main] DEBUG org.apache.http.headers - http-outgoing-3 << Server: Apache/2.4.6 (Ubuntu)
19:35:03.947 [main] DEBUG org.apache.http.headers - http-outgoing-3 << X-Powered-By: PHP/5.5.3-1ubuntu2.2
19:35:03.947 [main] DEBUG org.apache.http.headers - http-outgoing-3 << Expires: Thu, 19 Nov 1981 08:52:00 GMT
19:35:03.948 [main] DEBUG org.apache.http.headers - http-outgoing-3 << Cache-Control: no-store, no-cache, must-revalidate, post-check=0, pre-check=0
19:35:03.957 [main] DEBUG org.apache.http.headers - http-outgoing-3 << Pragma: no-cache
19:35:03.959 [main] DEBUG org.apache.http.headers - http-outgoing-3 << Vary: Accept-Encoding
19:35:03.960 [main] DEBUG org.apache.http.headers - http-outgoing-3 << Content-Encoding: gzip
19:35:03.960 [main] DEBUG org.apache.http.headers - http-outgoing-3 << Content-Length: 2094
19:35:03.960 [main] DEBUG org.apache.http.headers - http-outgoing-3 << Keep-Alive: timeout=5, max=100
19:35:03.960 [main] DEBUG org.apache.http.headers - http-outgoing-3 << Connection: Keep-Alive
19:35:03.960 [main] DEBUG org.apache.http.headers - http-outgoing-3 << Content-Type: text/html
19:35:03.960 [main] DEBUG o.a.h.impl.execchain.MainClientExec - Connection can be kept alive for 5000 MILLISECONDS
19:35:04.052 [main] DEBUG o.a.h.i.c.PoolingHttpClientConnectionManager - Connection [id: 3][route: {}->http://localhost:80] can be kept alive for 5.0 seconds
19:35:04.054 [main] DEBUG o.a.h.i.c.PoolingHttpClientConnectionManager - Connection released: [id: 3][route: {}->http://localhost:80][total kept alive: 1; route allocated: 1 of 6; total allocated: 1 of 20]
19:35:04.064 [main] DEBUG c.g.htmlunit.html.HtmlElement - Firing Event unload (Current Target: HTMLElement for HtmlHtml[<html>]);
19:35:04.064 [main] DEBUG c.g.htmlunit.WebWindowImpl - setEnclosedPage: HtmlPage(http://localhost/schoolmate/index.php)@26222843
19:35:04.064 [main] DEBUG c.g.htmlunit.WebWindowImpl - destroyChildren
19:35:04.282 [main] DEBUG c.g.htmlunit.html.HtmlScript - Script node added: <script language="JavaScript">
//<![CDATA[

  function logoutAdmin()
  {
	document.admin.logout.value=1;
	document.admin.submit();
  }

  function classes()
  {
	document.admin.page2.value=0;
	document.admin.submit();
  }

  function schoolInfo()
  {
	document.admin.page2.value=1;
	document.admin.submit();
  }

  function students()
  {
	document.admin.page2.value=2;
	document.admin.submit();
  }

  function teachers()
  {
	document.admin.page2.value=3;
	document.admin.submit();
  }

  function announcements()
  {
	document.admin.page2.value=4;
	document.admin.submit();
  }

  function semesters()
  {
	document.admin.page2.value=5;
	document.admin.submit();
  }

  function terms()
  {
	document.admin.page2.value=6;
	document.admin.submit();
  }

  function users()
  {
	document.admin.page2.value=10;
	document.admin.submit();
  }

  function parents()
  {
	document.admin.page2.value=22;
	document.admin.submit();
  }

  function register()
  {
	document.admin.page2.value=26;
	document.admin.submit();
  }

  function attendance()
  {
	document.admin.page2.value=30;
	document.admin.submit();
  }
 
//]]]]><![CDATA[>
</script>

19:35:04.510 [main] DEBUG n.s.j.h.HtmlUnitTestingEngineImpl - Window "" changed : "SchoolMate - School Name" became "SchoolMate - School Name
19:35:04.510 [main] DEBUG c.g.htmlunit.html.HtmlElement - Firing Event DOMContentLoaded (Current Target: HTMLElement for HtmlHtml[<html>]);
19:35:04.511 [main] DEBUG c.g.htmlunit.html.HtmlElement - Firing Event load (Current Target: HTMLElement for HtmlHtml[<html>]);
19:35:04.862 [main] DEBUG c.g.htmlunit.WebClient - Get page for window named '', using WebRequest[<url="http://localhost/schoolmate/index.php", GET, EncodingType[name=application/x-www-form-urlencoded], [], {Accept=text/html,application/xhtml+xml,application/xml;q=0.9,*/*;q=0.8, Accept-Encoding=gzip, deflate}, null>]
19:35:04.863 [main] DEBUG c.g.htmlunit.WebClient - Load response for GET http://localhost/schoolmate/index.php
19:35:04.867 [main] DEBUG o.a.h.c.protocol.RequestAddCookies - CookieSpec selected: mine
19:35:04.869 [main] DEBUG o.a.h.c.protocol.RequestAuthCache - Auth cache not set in the context
19:35:04.874 [main] DEBUG o.a.h.i.c.PoolingHttpClientConnectionManager - Connection request: [route: {}->http://localhost:80][total kept alive: 0; route allocated: 0 of 6; total allocated: 0 of 20]
19:35:04.874 [main] DEBUG o.a.h.i.c.PoolingHttpClientConnectionManager - Connection leased: [id: 4][route: {}->http://localhost:80][total kept alive: 0; route allocated: 1 of 6; total allocated: 1 of 20]
19:35:04.874 [main] DEBUG o.a.h.impl.execchain.MainClientExec - Opening connection {}->http://localhost:80
19:35:04.875 [main] DEBUG o.a.h.c.HttpClientConnectionManager - Connecting to localhost/127.0.0.1:80
19:35:04.880 [main] DEBUG o.a.h.impl.execchain.MainClientExec - Executing request GET /schoolmate/index.php HTTP/1.1
19:35:04.881 [main] DEBUG o.a.h.impl.execchain.MainClientExec - Target auth state: UNCHALLENGED
19:35:04.881 [main] DEBUG o.a.h.impl.execchain.MainClientExec - Proxy auth state: UNCHALLENGED
19:35:04.881 [main] DEBUG org.apache.http.headers - http-outgoing-4 >> GET /schoolmate/index.php HTTP/1.1
19:35:04.881 [main] DEBUG org.apache.http.headers - http-outgoing-4 >> Host: localhost
19:35:04.882 [main] DEBUG org.apache.http.headers - http-outgoing-4 >> User-Agent: Mozilla/5.0 (Windows NT 6.1; rv:24.0) Gecko/20100101 Firefox/24.0
19:35:04.882 [main] DEBUG org.apache.http.headers - http-outgoing-4 >> Accept: text/html,application/xhtml+xml,application/xml;q=0.9,*/*;q=0.8
19:35:04.882 [main] DEBUG org.apache.http.headers - http-outgoing-4 >> Accept-Encoding: gzip, deflate
19:35:04.882 [main] DEBUG org.apache.http.headers - http-outgoing-4 >> Accept-Language: en-US
19:35:04.882 [main] DEBUG org.apache.http.headers - http-outgoing-4 >> Connection: Keep-Alive
19:35:04.882 [main] DEBUG org.apache.http.wire - http-outgoing-4 >> "GET /schoolmate/index.php HTTP/1.1[\r][\n]"
19:35:04.882 [main] DEBUG org.apache.http.wire - http-outgoing-4 >> "Host: localhost[\r][\n]"
19:35:04.882 [main] DEBUG org.apache.http.wire - http-outgoing-4 >> "User-Agent: Mozilla/5.0 (Windows NT 6.1; rv:24.0) Gecko/20100101 Firefox/24.0[\r][\n]"
19:35:04.883 [main] DEBUG org.apache.http.wire - http-outgoing-4 >> "Accept: text/html,application/xhtml+xml,application/xml;q=0.9,*/*;q=0.8[\r][\n]"
19:35:04.883 [main] DEBUG org.apache.http.wire - http-outgoing-4 >> "Accept-Encoding: gzip, deflate[\r][\n]"
19:35:04.883 [main] DEBUG org.apache.http.wire - http-outgoing-4 >> "Accept-Language: en-US[\r][\n]"
19:35:04.883 [main] DEBUG org.apache.http.wire - http-outgoing-4 >> "Connection: Keep-Alive[\r][\n]"
19:35:04.883 [main] DEBUG org.apache.http.wire - http-outgoing-4 >> "[\r][\n]"
19:35:04.900 [main] DEBUG org.apache.http.wire - http-outgoing-4 << "HTTP/1.1 200 OK[\r][\n]"
19:35:04.900 [main] DEBUG org.apache.http.wire - http-outgoing-4 << "Date: Wed, 14 May 2014 17:35:04 GMT[\r][\n]"
19:35:04.900 [main] DEBUG org.apache.http.wire - http-outgoing-4 << "Server: Apache/2.4.6 (Ubuntu)[\r][\n]"
19:35:04.900 [main] DEBUG org.apache.http.wire - http-outgoing-4 << "X-Powered-By: PHP/5.5.3-1ubuntu2.2[\r][\n]"
19:35:04.900 [main] DEBUG org.apache.http.wire - http-outgoing-4 << "Set-Cookie: PHPSESSID=no2thjmm27itqgp2hf79142173; path=/[\r][\n]"
19:35:04.901 [main] DEBUG org.apache.http.wire - http-outgoing-4 << "Expires: Thu, 19 Nov 1981 08:52:00 GMT[\r][\n]"
19:35:04.901 [main] DEBUG org.apache.http.wire - http-outgoing-4 << "Cache-Control: no-store, no-cache, must-revalidate, post-check=0, pre-check=0[\r][\n]"
19:35:04.901 [main] DEBUG org.apache.http.wire - http-outgoing-4 << "Pragma: no-cache[\r][\n]"
19:35:04.902 [main] DEBUG org.apache.http.wire - http-outgoing-4 << "Vary: Accept-Encoding[\r][\n]"
19:35:04.902 [main] DEBUG org.apache.http.wire - http-outgoing-4 << "Content-Encoding: gzip[\r][\n]"
19:35:04.902 [main] DEBUG org.apache.http.wire - http-outgoing-4 << "Content-Length: 1753[\r][\n]"
19:35:04.902 [main] DEBUG org.apache.http.wire - http-outgoing-4 << "Keep-Alive: timeout=5, max=100[\r][\n]"
19:35:04.902 [main] DEBUG org.apache.http.wire - http-outgoing-4 << "Connection: Keep-Alive[\r][\n]"
19:35:04.903 [main] DEBUG org.apache.http.wire - http-outgoing-4 << "Content-Type: text/html[\r][\n]"
19:35:04.903 [main] DEBUG org.apache.http.wire - http-outgoing-4 << "[\r][\n]"
19:35:04.906 [main] DEBUG org.apache.http.wire - http-outgoing-4 << "[0x1f][0x8b][0x8][0x0][0x0][0x0][0x0][0x0][0x0][0x3][0xd5]Y[o[0xdb]6[0x14]~[0x96][0x80][0xfe][0x7][0xa2][0xc3][0xa6][0xad][0xa8]e[0xd9][0xae][0xd3][0xd4][0xb1][0x5]$i[0x82][\r]M[0xda]bI1[0xec]i[0xd0][0x85][0xb6][0xd4]J[0xa2] [0xd2]q[0xbc]a[0xff]}[0x87]7YR[0xe8]K[0x82]u[0x17]+[0xb0]$[0xf2][0xf0][0xf0];[0xf7]Cg[0x9a][0xb0]<[0xf3]m4Mp[0x10][0xf3];KY[0x86][0xfd][0x9b](!$[0xbb][0xe][0x18]F=$_[0xd0][0xfb] [0xc7][0xd3][0xbe][0x9c][0x7]B[0xca][0xd6][0x19]Fl][0xe2][0xd9]s[0x86][0xef]Y?[0xa2][0xf4][0xb9]o[0xdb][0xa8][0xff][0x2][0x9d]}x[0xfb]+z[0xd1][0xb7]QH[0xe2][0xb5][0x8d][0xfe][0xb0][0x11][\n]"
19:35:04.907 [main] DEBUG org.apache.http.wire - http-outgoing-4 << "[0x83][0xe8][0xcb][0xa2]"[0xcb]"[0xee]E$#[0xd5][0x4]}3[0x1a][0x1d][0x1d][0xbd]ysb[0xa3]?[0xe5][0xaa][0xab][0x9f][0xde][0xbf][0xbb][0x11][0xcb][0xd0][0xa9];'[0x84][0xe1][\n]"
19:35:04.907 [main] DEBUG org.apache.http.wire - http-outgoing-4 << "[0x1e][0xf9]b[0x84][0xe6][0xa4]`[0xbd]y[0x90][0xa7][0xd9]z[0x82][0x82]*[\r][0xb2][0x93][0xcd]8M[0xc7][0x13]4[0xf0]J[0xd6][0x18]\[0xe1]t[0x91][0xb0][0x9]*H[0x95]kj[0xb5]3M[0xb3];\[0xc9]![0xe][0xbd][0x17][0xe3][0x88]T[0x1]KI1A[0x80][0x10]WYZ`>[0xcf][0x91][0xd5]`&[0x9][0xb9][0xfb]Z[0x90][0xc2][0xc][0xf4]sb[[0x7][0xc1][0xc9]q[0xb1][0x14]0,[0x13][0x6][0xab][0x9]`[0xc8][0x1]X[0xad][0xdd]C[0x92][0xc5]0[0xa6][0xad][0x80][0x8f][0xa2]`[0x14][0x9b][0xb6].[0xc8][0x83]][0x1b]*0[0xee][0xdd][0x95][0xd8][0x96][0xdf][0x8][0xe0][0x12]>gg[[0xac][0xd1][0xc1]P[0x6][0xb]@[0x91]k[0x1b]l[0x81]`[0xb2][0xc0]6[0x3]h[0x14][0xc7][0x1e][0xbf][0xc4][0xd0][0x81] [0xda][0xee][0xf0]7B9=[0xe7][0xd7]AP([0xce]p[0xc4]p[0xfc][0xf5][0xf4][0xe2][0x89][0x8f][0x19][0x8c][0xc9]7;[0x88][0xfe][0x15]%[0x99]p[0xa5][0xc][0xe7][0xf4]?[0xa0][0x1f][0x81][0xe3][0xab]ie|[0xc9][0xaf]C[0xd1]@[0xce][0xbd]==[0xbb][0xba]PI[0x97][0x5]a[0x86]el[0x1b][0xb2][0xf5][0xa5][0xf8][0xd4]k[0x5][0xb1][0xbb][0xde]I.[0xa3][0xba]A[0x1e][0xaf][0xb][0x10]3[0xca]R[0xca][0xb4][0xf0]![0xa9][0x0]V[0xbd]l|[0xcc][0xaf][0x93][0xc6][0xcc]*[0x8d]Y2A[0xae][0xf7]z|q[0xdd][0x9c][0x10][0x5][0x8][0x92]9[0xc9][0xd2]X[0x8c][0x97]A[0x1c][0xa7][0xc5][0xa2]WI[0xf5][0xc][0xca][0xfb][0xd6]pH[0x18]#[0xf9][0xc3][0xf1][0xc][0xcf][0x81][0xda][0xeb][0x8c]2R[0xd6][0x83]R[0x82][0xd8][\r]k[0xd0];[0x8a][0xd9][0x86][0xfa][0xee] [0xf2][0xe6]l[0x85]K[0x1c][0x0][0x18]y[0xef][0xad][0x9b][0xec]V;[0xb8]um[0x13][0xbb]AQ[0x0]E[0x84]!i[0xd7][0xaa][0x16][0x1e][0x11]d[0xe9][0x2][0x9c][0xe1][0xf3][0x92][0xb2]t[0xbe]6(b[0xd8][0xd5][0x84]R[0xe7][0xb0][0xa9][0xc][0x97][0xc4][0xf1][0xe]<[0xdd][0xe0]T[0x9b]F[0x0]F[0xd6]][0xc9][0x4][0xdf][0xe1]b[0x7][0x97][0xb][0x8f]_{[0xb9][0xf0][0xce]e[0x13]L{][0x11][0x9c][0xfe][0xc7][0x8b][0xd3][0xb7][0x17]?+[0xaf]O[0x6]zi[0xbb][0xa2][0xb1]4[0xc7][0xf4]AE[0x1b][0xe][0x8d][0x15]][0x96]4d[0xce][0xb][0xdb][0xb3][0xf8]N[0xc1][0x92]![0x94]\J![0x8f][0x1a][0xea][0xad][0x19][0xdd][0xe0]h[0xf][0xba]'![0x1][0x8d][0x9d][0xba][0xb9][0xfd]p[0x8d][0xce][0xaf]Nont[0xba][0xd0][0xe8]Br[0xbf]7[0xb]X[0xc6][0x98][0xb5][0xcc]!nurB[0xdd][0xa1]([0x8f][0x14][0xf9][0xf0][0xbe][0xf3][0x5][0xd3]yZhV[0x83][0xf1]f(QZ[0xd0]c[0x8a]d[0xc4][0xad]c[0xe9][0xc9][0xa1]x[0xdb][0xdb]N[0x89]<l5U[0xc5][0x83][0x6][0x86]x>[0x9f]gd[0xd5][0xa9][0xd0][\r][0x1d]I[0x9d][0xfe]/4[0xf5]DE[0x99]<[0xc8][0x2][0xbd][0xb0]4[\n]"
19:35:04.908 [main] DEBUG org.apache.http.wire - http-outgoing-4 << "2=[0x91][0xa7]q[0x9c][0xe1][0x96][0xc6][0x82]%#[0x1b][0x8d][0xfd]3[0x8d][0xbf][0xdc]k[0x8d]3@[0xc0]qo[0xf][0xb1][0xa6][0xfd][0x87][0xe3][0x87][0xed][0xb4][0xde][0xe6]q[\r][0xb5]=[0xed][0xb][0xb][0xfb][0xf0][0xa0][0x8e]^p[0xa6][0xe2][0xc7]%D[0x8a]+[0x12][0xc4]3'&[0xd1][0x92][0xa7]o7#[0x8b][0xb4]p[0x97][0x14]WP=1((Z[0xd2][0xef]8q[0xc4]q[0x8d][0xd7]U[0xd0]v[0x96])[0x93][0xcf]<[0xf1]F[0xcb] [0x92]o[0xd2]E[0xe0]A[0x98]s[0xe6][0xc]<[0xef][[0x7]Is[0xce][0x9c]cO[0xb2][0xa9][0xc4]w[0x8c][0xa2],[0xa0]t[0xe6][0x84][0x8e]&[0x7][0xeb]s[\n]"
19:35:04.908 [main] DEBUG org.apache.http.wire - http-outgoing-4 << "4M[0xf3][0x5][0xa2]U4s[0xdc]~[0x9a][0x83]KSy[0x14]t[0x17][0xe9]|[0xc3][0xee][0xf5][0xb8][0xb5][0x10][0xf5]9[0xdb]>[0x8b][0xbb][0xdc][0x5][0xc7][0xc7]c?[0x6][0xe8]ri%o[0x1d][0x96]h[0x1a][0xa7]wzhc\[0x7][0x9][0xe7][0x9b]9[0xd2]+[0x1d][0xbf]u[0xa2][0x85]%[0x82][0x99][0x84][0xc9][0xef][0x95][0xba]s|[0xb5][0x0]r[0xbc][0x1e][0xad]uoV[0xeb]1[0xbc][0xd4][0xe8][0xdb]B[0xb5][0x5][0xee] [0xb3][0x8d][0xb2][0xd5][0x9b][0x8c][0xbc]z[0x8f][0x81][0xe7]Oq^[0xb2][0xb5]_#7,[0x19]x[0x8d][0x8a][0xd8][0xb4][0x1d])y[0xe6][0x12][0xd6][0xdb][0xcd][0xa7][0xde]n+[0xa3][0x3][0x98][0xec][0x5]#[0x9a][0xc][0x13]#[0xa9]v{[0x8b][0xd1]5[0xe3][0x91][0x87][0xee][0x94]&[0x81][0x99][0xf2][0x85][0xb0]j[0xd9][0xb5][0xb1][0xee]n[0x1f][0xa2][0x8d]n[0xbe]+BZ[0x9e][0x18][0x98][0xac][0x1c][0xc3][0x96][0xd2]%[0xe]0[0xfc]plv[0x1c][0xf1][0xe6][0xdb][0x96][0x10][0xd6][0x12][0xfb][0xb5]w[0xb1][0x94]`[0x16][0xea]:[0xe0][0xd8]k[0xb8]\[0xdb][0xad]v[0x0][0x19]+V\[0xc9][0x16][0x92][0x12]*[0x8e]c[0xe]L1[0xe2][\n]"
19:35:04.908 [main] DEBUG org.apache.http.wire - http-outgoing-4 << "[0xe9][\n]"
19:35:04.909 [main] DEBUG org.apache.http.wire - http-outgoing-4 << "lY[0xcd]p[0xdb]T:1[0x85][0xd0][0x7][0xb0]iZ[0x4][0x99][0xe8],8[0xb1][0x8c]4[0xb1][0x89]P[0xa7][0x92][0xcf][0xb0][0x9b][0xf0][0x86][0xc7]m'[0x95][0x2][0xf7]9[0xe4]c[0x14]D<[0xe3][\n]"
19:35:04.909 [main] DEBUG org.apache.http.wire - http-outgoing-4 << "[0x83][0xc2][0xa9][0xe7][0xde]-[0x93][0xd2]A9f[0x9][0x1]+[0x97][0x84][0x2]s[0x9e]KA.[0x9e][[0x1d]w0[0x8f][0x9f][0x16][0xcc]u"R[\n]"
19:35:04.909 [main] DEBUG org.apache.http.wire - http-outgoing-4 << "[0x91]6[0xd5]Jn[0x8b][0xaa][0xf6][0x1a]o[0xfc]X[0x16]J[0x8][0x87][0xd0][0xff][0xa4]R[0xff]D;c[0xa8][0xa2]C3[0xf3][0xa7]iQ.[0x99][0xfc]5[0x8e][0xab][I[0xa7]k[0x6][0xc8][0x1e][0xdc]g[0xb8]Xp[0x97][0xd7][0x9e]78np[0x91]av [0xca]Wc[0x13][0xca][0x8f] [0xec][\n]"
19:35:04.909 [main] DEBUG org.apache.http.wire - http-outgoing-4 << "[0xb4]t[0x18][0xca]RQ+[0xa4][0xfa][0xf5][0xc9]H[[0x81][0xda][0x85][0xaf][\r]R[0xe3]oA[0xa1][0xcb]0O[0x19][0x17]i[0x9]H[0xae][0x84]G@[0x15]>[0xcf][0xd2][0xe8][0xcb][0x83]2,[0xbf]%[0xed][0x0]j[0xb0]v[0xe5]&[0xb2][0xba]H[0x8][0x18][0x8d][0x9d][0x9c][0x4][0xd4][0x85][0xb][0xa7][0x16]z[0x81][0x1d][0xbd][0xaf][0xe7][0xec][0xa5]W[0xce]*[0x2][0xb6][0xcf][0xfd]\[0xa4][0x8][0x15]V[\n]"
19:35:04.931 [main] DEBUG org.apache.http.wire - http-outgoing-4 << "[0x8][0xda]T0[0x15][0xd5][0xdb][0x83][0xda][0x1c]f[0xe6]([0xab][0xb][0x94]e[0xcc]r[0xdb]*x3[0x4][0x94][0xc1][0x8c][0x96][0xe9][0xfa][0x13][0x8f]v[0x19][0xd1][0x86][0xc6][0x83][0x8a][0xf2][0xed]~.[0x17][0xe][0x12]][0x14]We[0xf3][0xc];[0xe2][\r]l[0xfb](/[0x8e][0xaf]u![0x1d][0x8e]F[0x8d][0x9c];[0x18]t;[0x84].[0x1e][0xde][0xc8]X:oY[0xda][0xd2][\r]C[0xd7]mD[0x9d][0xdb][0x1e][0x93]H[0xd1]^[0x9d][0xa3]i2[0xec][0x10]8[0xfe]-[0x89][0x83][0xb5]C[0xd1][0xb5][0x1c][0x80]Nr[0xe8][0xd7][0xd5][0x1][0xdd]&)E[0xf0][0xc7][0x12][0xac])[0x10][0x99][0x8b]WX6[0xe9]=[0xb3][0xf9][0xf5][0xb][0x86][0x91][0xb4][0xf8][0x82][0xc8][0xb2]B[0xf3][0x0]f+[\n]"
19:35:04.931 [main] DEBUG org.apache.http.wire - http-outgoing-4 << "}4[0xc9][0xe8]K8|[0x80][0x4][0x14][0xc8][0xe1][0x8e][0x11][0x14][0xc9][0xd5][0xcb]gvA[0xe0]}[0x19]2[0xb1][0x80]OS[0x6][0x84][0x5]E+[0xb2][0xcc]b[0xc5]lI[0x9f][0xd9][0x94][0xb8];[0xdd][0xb3][0xdb]`mz[0xaf]zF[0x97][0xdd][0xc7][0x15][0xef]F/![0x93][0x82]N[\r][0xbc]oo[0xf7][0x15][0xfb][0x9a][0x8a]MY>[0xb4][0xc1]i.1[0xc3][0x93][0xbf]C=[0xae][0xfb][0xda][0xc7][0xed]1-[0xd8][0xa1]<[0xf7][0xb4]d-[0xd5][0x11][0x1e][0xf2][0xc5][0xec][0x15][\n]"
19:35:04.932 [main] DEBUG org.apache.http.wire - http-outgoing-4 << "[0x17][0xe7][0xfc][0x18]4s[0xd4]/\[0x1b][0x9][0x86][0x9e][0xea][0x91][0xa4]W[0x8b]g4[0xe5][0xcb]4Hy[0xf2]s[0xfc][0x8f]d[0x85]+[0x1c][0xa3][0xb3]5[0xea][0xc1]f[0x9c][0xc4][0x9f][0x6][0x88][0x5][0xd5][0x2][0x3][0xa3][0xdf][0xce][0xae]N[0xdf][0xbf][0x3][0xc6][0x15][0x9e]C[0x86]d[0xac][0x9c][0xf4][0xfb][0xab][0xd5][0xca][0x85]&2[0xf][0x18][0xe][0xca][0x12]2[0xb7]8rQ7"[0xb9][0xd3][0xe5][0xbf][0xf9][0xe7][0xd6][0xb4][0x1f]t1udl[0xf8](?[0x9c][0x89][0x7][0xf1]/[0xb3][0xbf][0x0][0x8]peE9[0x1b][0x0][0x0]"
19:35:04.932 [main] DEBUG org.apache.http.headers - http-outgoing-4 << HTTP/1.1 200 OK
19:35:04.932 [main] DEBUG org.apache.http.headers - http-outgoing-4 << Date: Wed, 14 May 2014 17:35:04 GMT
19:35:04.933 [main] DEBUG org.apache.http.headers - http-outgoing-4 << Server: Apache/2.4.6 (Ubuntu)
19:35:04.933 [main] DEBUG org.apache.http.headers - http-outgoing-4 << X-Powered-By: PHP/5.5.3-1ubuntu2.2
19:35:04.933 [main] DEBUG org.apache.http.headers - http-outgoing-4 << Set-Cookie: PHPSESSID=no2thjmm27itqgp2hf79142173; path=/
19:35:04.933 [main] DEBUG org.apache.http.headers - http-outgoing-4 << Expires: Thu, 19 Nov 1981 08:52:00 GMT
19:35:04.933 [main] DEBUG org.apache.http.headers - http-outgoing-4 << Cache-Control: no-store, no-cache, must-revalidate, post-check=0, pre-check=0
19:35:04.933 [main] DEBUG org.apache.http.headers - http-outgoing-4 << Pragma: no-cache
19:35:04.933 [main] DEBUG org.apache.http.headers - http-outgoing-4 << Vary: Accept-Encoding
19:35:04.933 [main] DEBUG org.apache.http.headers - http-outgoing-4 << Content-Encoding: gzip
19:35:04.933 [main] DEBUG org.apache.http.headers - http-outgoing-4 << Content-Length: 1753
19:35:04.933 [main] DEBUG org.apache.http.headers - http-outgoing-4 << Keep-Alive: timeout=5, max=100
19:35:04.933 [main] DEBUG org.apache.http.headers - http-outgoing-4 << Connection: Keep-Alive
19:35:04.933 [main] DEBUG org.apache.http.headers - http-outgoing-4 << Content-Type: text/html
19:35:04.934 [main] DEBUG o.a.h.impl.execchain.MainClientExec - Connection can be kept alive for 5000 MILLISECONDS
19:35:04.934 [main] DEBUG o.a.h.c.p.ResponseProcessCookies - Cookie accepted [PHPSESSID="no2thjmm27itqgp2hf79142173", version:0, domain:localhost, path:/, expiry:null]
19:35:05.059 [main] DEBUG o.a.h.i.c.PoolingHttpClientConnectionManager - Connection [id: 4][route: {}->http://localhost:80] can be kept alive for 5.0 seconds
19:35:05.066 [main] DEBUG o.a.h.i.c.PoolingHttpClientConnectionManager - Connection released: [id: 4][route: {}->http://localhost:80][total kept alive: 1; route allocated: 1 of 6; total allocated: 1 of 20]
19:35:05.067 [main] DEBUG c.g.htmlunit.WebWindowImpl - setEnclosedPage: HtmlPage(http://localhost/schoolmate/index.php)@22399801
19:35:05.067 [main] DEBUG c.g.htmlunit.WebWindowImpl - destroyChildren
19:35:05.803 [main] DEBUG n.s.j.h.HtmlUnitTestingEngineImpl - Window "" changed : "no_html" became "SchoolMate - School Name
19:35:05.803 [main] DEBUG c.g.htmlunit.html.HtmlElement - Firing Event DOMContentLoaded (Current Target: HTMLElement for HtmlHtml[<html>]);
19:35:05.804 [main] DEBUG c.g.htmlunit.html.HtmlElement - Firing Event load (Current Target: HTMLElement for HtmlHtml[<html>]);
19:35:05.804 [main] DEBUG c.g.h.j.host.EventListenersContainer - Executing load handler for HtmlPage(http://localhost/schoolmate/index.php)@22399801
19:35:05.810 [main] DEBUG c.g.htmlunit.html.HtmlElement - Firing Event focusin (Current Target: HTMLElement for HtmlTextInput[<input type="text" name="username" maxlength="15" width="18">]);
19:35:05.818 [main] DEBUG c.g.htmlunit.html.HtmlElement - Firing Event focus (Current Target: HTMLElement for HtmlTextInput[<input type="text" name="username" maxlength="15" width="18">]);
19:35:05.853 [main] DEBUG c.g.htmlunit.html.HtmlElement - Firing Event change (Current Target: HTMLElement for HtmlTextInput[<input type="text" name="username" maxlength="15" width="18" value="test">]);
19:35:05.854 [main] DEBUG c.g.htmlunit.html.HtmlElement - Firing Event change (Current Target: HTMLElement for HtmlPasswordInput[<input type="password" name="password" maxlength="15" width="18" value="test">]);
19:35:05.885 [main] DEBUG c.g.htmlunit.html.HtmlElement - Firing Event mousedown (Current Target: HTMLElement for HtmlSubmitInput[<input type="submit" value="Login" onclick="document.login.login.value=1;">]);
19:35:05.886 [main] DEBUG c.g.htmlunit.html.HtmlElement - Firing Event focusout (Current Target: HTMLElement for HtmlTextInput[<input type="text" name="username" maxlength="15" width="18" value="test">]);
19:35:05.910 [main] DEBUG c.g.htmlunit.html.HtmlElement - Firing Event focusin (Current Target: HTMLElement for HtmlSubmitInput[<input type="submit" value="Login" onclick="document.login.login.value=1;">]);
19:35:05.911 [main] DEBUG c.g.htmlunit.html.HtmlElement - Firing Event blur (Current Target: HTMLElement for HtmlTextInput[<input type="text" name="username" maxlength="15" width="18" value="test">]);
19:35:05.912 [main] DEBUG c.g.htmlunit.html.HtmlElement - Firing Event focus (Current Target: HTMLElement for HtmlSubmitInput[<input type="submit" value="Login" onclick="document.login.login.value=1;">]);
19:35:05.912 [main] DEBUG c.g.htmlunit.html.HtmlElement - Firing Event mouseup (Current Target: HTMLElement for HtmlSubmitInput[<input type="submit" value="Login" onclick="document.login.login.value=1;">]);
19:35:05.913 [main] DEBUG c.g.htmlunit.html.HtmlElement - Firing Event click (Current Target: HTMLElement for HtmlSubmitInput[<input type="submit" value="Login" onclick="document.login.login.value=1;">]);
19:35:05.914 [main] DEBUG c.g.h.j.host.EventListenersContainer - Executing click handler for HtmlSubmitInput[<input type="submit" value="Login" onclick="document.login.login.value=1;">]
19:35:05.929 [main] DEBUG c.g.htmlunit.html.HtmlElement - Firing Event submit (Current Target: HTMLElement for HtmlForm[<form action="./index.php" method="post" name="login">]);
19:35:05.981 [main] DEBUG c.g.htmlunit.WebClient - Load response for POST http://localhost/schoolmate/index.php
19:35:05.985 [main] DEBUG o.a.h.c.protocol.RequestAddCookies - CookieSpec selected: mine
19:35:05.986 [main] DEBUG o.a.h.c.protocol.RequestAddCookies - Cookie [version: 0][name: PHPSESSID][value: no2thjmm27itqgp2hf79142173][domain: localhost][path: /][expiry: null] match [localhost:80/schoolmate/index.php]
19:35:05.986 [main] DEBUG o.a.h.c.protocol.RequestAuthCache - Auth cache not set in the context
19:35:05.986 [main] DEBUG o.a.h.i.c.PoolingHttpClientConnectionManager - Connection request: [route: {}->http://localhost:80][total kept alive: 0; route allocated: 0 of 6; total allocated: 0 of 20]
19:35:05.986 [main] DEBUG o.a.h.i.c.PoolingHttpClientConnectionManager - Connection leased: [id: 5][route: {}->http://localhost:80][total kept alive: 0; route allocated: 1 of 6; total allocated: 1 of 20]
19:35:05.987 [main] DEBUG o.a.h.impl.execchain.MainClientExec - Opening connection {}->http://localhost:80
19:35:05.994 [main] DEBUG o.a.h.c.HttpClientConnectionManager - Connecting to localhost/127.0.0.1:80
19:35:06.007 [main] DEBUG o.a.h.impl.execchain.MainClientExec - Executing request POST /schoolmate/index.php HTTP/1.1
19:35:06.007 [main] DEBUG o.a.h.impl.execchain.MainClientExec - Target auth state: UNCHALLENGED
19:35:06.008 [main] DEBUG o.a.h.impl.execchain.MainClientExec - Proxy auth state: UNCHALLENGED
19:35:06.066 [main] DEBUG org.apache.http.headers - http-outgoing-5 >> POST /schoolmate/index.php HTTP/1.1
19:35:06.066 [main] DEBUG org.apache.http.headers - http-outgoing-5 >> Host: localhost
19:35:06.066 [main] DEBUG org.apache.http.headers - http-outgoing-5 >> User-Agent: Mozilla/5.0 (Windows NT 6.1; rv:24.0) Gecko/20100101 Firefox/24.0
19:35:06.066 [main] DEBUG org.apache.http.headers - http-outgoing-5 >> Accept: */*
19:35:06.066 [main] DEBUG org.apache.http.headers - http-outgoing-5 >> Referer: http://localhost/schoolmate/index.php
19:35:06.066 [main] DEBUG org.apache.http.headers - http-outgoing-5 >> Accept-Encoding: gzip, deflate
19:35:06.066 [main] DEBUG org.apache.http.headers - http-outgoing-5 >> Accept-Language: en-US
19:35:06.067 [main] DEBUG org.apache.http.headers - http-outgoing-5 >> Content-Length: 42
19:35:06.067 [main] DEBUG org.apache.http.headers - http-outgoing-5 >> Content-Type: application/x-www-form-urlencoded
19:35:06.067 [main] DEBUG org.apache.http.headers - http-outgoing-5 >> Connection: Keep-Alive
19:35:06.067 [main] DEBUG org.apache.http.headers - http-outgoing-5 >> Cookie: PHPSESSID=no2thjmm27itqgp2hf79142173
19:35:06.067 [main] DEBUG org.apache.http.wire - http-outgoing-5 >> "POST /schoolmate/index.php HTTP/1.1[\r][\n]"
19:35:06.067 [main] DEBUG org.apache.http.wire - http-outgoing-5 >> "Host: localhost[\r][\n]"
19:35:06.067 [main] DEBUG org.apache.http.wire - http-outgoing-5 >> "User-Agent: Mozilla/5.0 (Windows NT 6.1; rv:24.0) Gecko/20100101 Firefox/24.0[\r][\n]"
19:35:06.068 [main] DEBUG org.apache.http.wire - http-outgoing-5 >> "Accept: */*[\r][\n]"
19:35:06.068 [main] DEBUG org.apache.http.wire - http-outgoing-5 >> "Referer: http://localhost/schoolmate/index.php[\r][\n]"
19:35:06.068 [main] DEBUG org.apache.http.wire - http-outgoing-5 >> "Accept-Encoding: gzip, deflate[\r][\n]"
19:35:06.068 [main] DEBUG org.apache.http.wire - http-outgoing-5 >> "Accept-Language: en-US[\r][\n]"
19:35:06.068 [main] DEBUG org.apache.http.wire - http-outgoing-5 >> "Content-Length: 42[\r][\n]"
19:35:06.068 [main] DEBUG org.apache.http.wire - http-outgoing-5 >> "Content-Type: application/x-www-form-urlencoded[\r][\n]"
19:35:06.069 [main] DEBUG org.apache.http.wire - http-outgoing-5 >> "Connection: Keep-Alive[\r][\n]"
19:35:06.069 [main] DEBUG org.apache.http.wire - http-outgoing-5 >> "Cookie: PHPSESSID=no2thjmm27itqgp2hf79142173[\r][\n]"
19:35:06.069 [main] DEBUG org.apache.http.wire - http-outgoing-5 >> "[\r][\n]"
19:35:06.069 [main] DEBUG org.apache.http.wire - http-outgoing-5 >> "username=test&password=test&page=0&login=1"
19:35:06.136 [main] DEBUG org.apache.http.wire - http-outgoing-5 << "HTTP/1.1 200 OK[\r][\n]"
19:35:06.137 [main] DEBUG org.apache.http.wire - http-outgoing-5 << "Date: Wed, 14 May 2014 17:35:06 GMT[\r][\n]"
19:35:06.155 [main] DEBUG org.apache.http.wire - http-outgoing-5 << "Server: Apache/2.4.6 (Ubuntu)[\r][\n]"
19:35:06.156 [main] DEBUG org.apache.http.wire - http-outgoing-5 << "X-Powered-By: PHP/5.5.3-1ubuntu2.2[\r][\n]"
19:35:06.156 [main] DEBUG org.apache.http.wire - http-outgoing-5 << "Expires: Thu, 19 Nov 1981 08:52:00 GMT[\r][\n]"
19:35:06.156 [main] DEBUG org.apache.http.wire - http-outgoing-5 << "Cache-Control: no-store, no-cache, must-revalidate, post-check=0, pre-check=0[\r][\n]"
19:35:06.156 [main] DEBUG org.apache.http.wire - http-outgoing-5 << "Pragma: no-cache[\r][\n]"
19:35:06.156 [main] DEBUG org.apache.http.wire - http-outgoing-5 << "Vary: Accept-Encoding[\r][\n]"
19:35:06.156 [main] DEBUG org.apache.http.wire - http-outgoing-5 << "Content-Encoding: gzip[\r][\n]"
19:35:06.156 [main] DEBUG org.apache.http.wire - http-outgoing-5 << "Content-Length: 2800[\r][\n]"
19:35:06.156 [main] DEBUG org.apache.http.wire - http-outgoing-5 << "Keep-Alive: timeout=5, max=100[\r][\n]"
19:35:06.156 [main] DEBUG org.apache.http.wire - http-outgoing-5 << "Connection: Keep-Alive[\r][\n]"
19:35:06.157 [main] DEBUG org.apache.http.wire - http-outgoing-5 << "Content-Type: text/html[\r][\n]"
19:35:06.157 [main] DEBUG org.apache.http.wire - http-outgoing-5 << "[\r][\n]"
19:35:06.157 [main] DEBUG org.apache.http.wire - http-outgoing-5 << "[0x1f][0x8b][0x8][0x0][0x0][0x0][0x0][0x0][0x0][0x3][0xed][[0xfb]o[0xdb]8[0x12][0xfe][0xd9][0xfe]+[0x88][0x1c][0xee][0x94]v/~[0xa5][0xc9][0xb6]~-[0x9c]4[0xdd]G[0x93][0xb6]h[0xb2]8,[0xf6][0x16][0x7]Z[0xa2]-m$Q[0x90][0xa8]8[0xbe][0xc3][0xfe][0xef];|I[0x94],[[0xb2][0xbd][0xbd][0x7]pqaK[0x14]9[0xfc][0xe6][0xe3]p8[0x1c][0xaa]c[0x97][0x5][0xfe][0xb4][0x8d][0xc6].[0xc1][0xe][0xff]e[0x1e][0xf3][0xc9][0xf4][0xde]v)[0xf5][0xef]0#[0xe8][0xc][0xc9][0x1b][0xf4][0x1][0x7]d[0xdc][0x95][0xcf][0xa1]b[0xc2][0xd6]>Al[0x1d][0x91][0xc9][0x9]#[0xcf][0xac]k'[0xc9][0xc9][0xb4][0xdd]F[0xdd][0x97][0xe8][0xea][0xe3][0xdb][0x9f][0xd0][0xcb]n[0x1b][0xcd][0xa9][0xb3]n[0xa3][0xb5][0x11][0x9a]c[0xfb]q[0x19][0xd3]4t[0xce]l[0xea][0xd3]x[0x88][0xfe]t~~y[0xf9][0xe6][0xcd][0xa8][0x8d]~[0x93][0xad]n[0xbf][0xff][0xf0][0xfe]^4C[0xb3][0xce][0x82]RFb[0xb8][0xe4][0x8d][0x11]Z[0xd0][0x90][0x9d]-p[0xe0][0xf9][0xeb]![0xc2][0xb1][0x87][0xfd]Q^[0x9e]x[0xff]$C[0xd4][0xef]E[0xcc](\[0x11]o[0xe9][0xb2]![\n]"
19:35:06.157 [main] DEBUG org.apache.http.wire - http-outgoing-5 << "i[0x1c][0xe8][0xda][0xaa][0xe7][0xc4][0xf3][0x9f]H,[0x8b]8[0xf4]3[0x87][0xd8]4[0xc6][0xcc][0xa3][0xe1][0x10][0x1]B[0x12][0xfb]^H[0xf8]s[0x8e],[0x3]3t[0xe9][0xd3][0x97][0x82]4[0xf7][0x81][0x9f]Q[0xbb][0xd5][0x8]N@[0xc2]T[0xc0]hUah[0x99][0x0][0x6][0x1c]@[0xab][0xd0][0xfb][0x9c][0xfa][0xe][0x94][0xe9]Q [0x97]6>w[0xaa][0xba][0xe][0xe9]F[0xaf][0x6][0x5][0x95]}[0x97][0xf5][0x1f][0x14][0xf5][0xaf][0x4][0xf0][0xe][0xfe][0xae][0xae][0xb6][0x8c]F[0x9]C[0x84][0x97][0x80]"[0xd0]c[0xb0][0x5]B[0xd5][0x8]l[0x1b][0x0][0x8d][0xe2]u[0x8f]DQC[0x10]Es[0xf8][0x3][0xa1][0xcc][0xae][0xf9][0xa7][0x11][0x94][0x84][0xf8][0xc4]f[0xc4][0xf9]r[0xbc][0xf4][0xc4]_5[0x98]*[0xdb],![0xfa][0x8f][0x90]T[0x85][0xcb]c$H[0xfe][0xb][0xf8][0x11]8[0xbe][0x18]+[0x17][0xef][0xf8][0xa7])[0x1a][0xf0][0xb9][0xf][0xb3][0xab][0xdb][0x1b][0xe5]t[0x19][0x9e][0xfb]D[0xce][0xed][\n]"
19:35:06.158 [main] DEBUG org.apache.http.wire - http-outgoing-5 << "o[0xfd]N[0xfc]emE[0xe5][0xce]zgu9[0xab][0x8d][0xea][0xce]:[0x4]5m[0xdf]K[0x98]V~Nc[0x80][0x95]5[0xbb]x[0xcd]?#[0xe3][0xc9][0xca]s[0x98];D[0x9d][0xde][0xd7][0x17]7w[0xe6][0x3][0xb1][0x0][0x81]3[0xa7][0xbe][0xe7][0x88][0xf2][0x8];[0x8e][0x17].[0xcf]bIO?z.[0x14][0xcf])c4[0xd8],[0xf7][0xc9][0x2]j[0xf7]J[0xa5][0x8c]FY[0xa1][0xd4][0xc0][0xe9][0xcc]3[0xd0];[0x16][0xb3][0xbc][0xf6]S[0xa3][0xea][0xe6][0xd3][0x98]D[0x4][0x3][0x18][0xf9]{[0xb6]6[0xc5][0xad]vH+[0x8f][0x8d][0xd3][0xc1]a[0x8]5l[0x2]N;[0xa3]ZX[0x4][0xf6][0xbd]%[0x18][0xc3][0xaf]i[0xc2][0xbc][0xc5][0xba][0x82][0x88]A[0x99][0x9]E[0xe7][0xc0]$[0xa3]C[0x1d]g[0x7][0x9e][0xf2][0xe4]T[0x9d][0xda][0x0]F[0xae][0xbb]R[0x8]y"[0xe1][0xe])7=[0xfe][0xa9][0x95][0xc2]#[0x97]|2[0xd5][0x9a]"[0x18][0xfd]w7[0xb3][0xb7]7[0x9f][0x95][0xd5][0xbb]}[0xdd][0xb4][0xb8][0xa2]1/ [0xc9][0xc6][0x8a]6[0x18]T[0xae][0xe8]rIC[0xd5]~a[0xbb][0x17][0xdf][0xa9][0x98];[0x80]%7I[0xc0][0x8f]V[0xac][0xb7][0xd5][0xe8][0xfa][0x97]5[0xe8][0xe]B[0x2][0x8c]][0xff]x[0xff][0xf0][0xf1][0xe]][0xdf][0xce][0xee][0xef][0xb5][0xbb][0xd0][0xe8][0xe6][0xf4][0xb9][0xd6][0xb][0xb4]*[0xe7]l[0xab]z[0x8a][0xb7]J>![0x8b]P[0x94]E[\n]"
19:35:06.158 [main] DEBUG org.apache.http.wire - http-outgoing-5 << "[0xf8]\[0xfa][0x82][0xc7][0x81][0x17]jQ[0xfd][0x8b][0xbc][0xc8]U,[0xe8]2U[0xe5][0x9c][0x8f]NK?[0x1c][0x88][0xbb][0xda]pJ[0xf8][0xe1][0x96]I[0x15][0x9f]4P[0xc4][0xfd][0xf9][0xc2][0xa7][0xab][0xd2][\n]"
19:35:06.158 [main] DEBUG org.apache.http.wire - http-outgoing-5 << "mp$9[0xfd][0x9f]`[0xea]@[0xa2][0xaa],[0xa8][0x5][0xbc]0[0xcf][0xc6][0xbe]~[0x10]x[0x8e][0xe3][0x93][0x2]c8e4g[0xec][0xdf][0x13][0xf8][0xcb][0xbe][0xd6][0xc4][0x7][0x4][0x1c][0xf7][0xf6])f[0x8e][0xff][0xe0]b3[0x9c][0xd6][0xdd][0xec][0x17]P[0xb7][0xc7]]1[0xc2]S[0xb8][0xd0][[0xaf][0xc4][0x8e][0xbd][0x88]![0x1f][0x87][0xcb][0x14]lfb[0xfd][0x80][0x9f][0xf0][0xbd]([0xb4][0xe0]9Z[0x80]C[0xe7][0x82][0x90]O[0x97]4e3[0x7][0xc6][0xec][0xf4][0x85]D[0xee]P;[0xe5][0xbe][0xbe][0x83]yiG[0xd6][0xe8]<a?%[0x93][0xfe]h[0xe3]y[0x92][0xce][0x3][0x8f][0x9d][0xbe][0xc8][0xa8][0xc8]d[0xdb]>N[0x12][0x92]l[0x91][0xcb][0xa3][0xba][0x81][0x12][0xdb][0xdb]Gl"[0xf6][0x90][0xdf][0x87][0xb][0xda]@[0xf2]^[0x80][0x13][0x96]:P[0xaf][0x9][0xe2][0xc1]>r[0x19][0xc1][0xb6]K[0xe2]&r[0xcf][0xf7][0x91]k[0xae][0xcc]M[0x84][0xbf][0xda][0x8b][0xc][0x10][0x9b][0xb0]f[0xa8]/[0xf6]c#[0xe][0x9a][0x8][0xbd][0xdc]Gh[0x9a]4C[0xda][0xdf][0xcb][0xd4]"[0x1c]7[0xb5][0x87][0xbd][0xc]"&K[0x8f]s[0xdb]D[0xf0]^4`[0xc6]H[0xe8]`[0xb0][0x89]&[0xb6]V[0xcb][0x5][0x2][0xd7]"[0x9c][0x6]O[0xc6][0x8c]y[0x6]f:[0x16][0xe1]78e[0xdf]W+[0xc3][0xa4]'[0xee][0x92][0x8][0xdb][0xf2]N[0xae]$p![0xbc][0xfe][0xc4][0xea][0xf7]z[0xb6][0x90][0xf4][0xfa][0x13][0xeb]u[0xcf][0x12][0xc9][0xa1]X|;[0xd2]KL[0xac][0xb9][0xa5][0xab][0xc3]"!|[0xd4][0xd8][0xb][0x96]([0x89][0xed][0x89][0xd5][0xe9]z[0x1][0xe0]Nd[0xc6][0xa8][0xb3][0xf4][0x16][0xb9][0xb8][0xaf]/[\n]"
19:35:06.158 [main] DEBUG org.apache.http.wire - http-outgoing-5 << "[\r]Q[0x97][0x8b][0xed]2[0xa7],]H[0xdc][0x1f][0xfb]k[0x80].[0x9b][0xc6][0xf2][0xa7]$[0x12][0x8d][0x1d][0xef]I[0x17][0xe5]k[0x80][0x85][0xc4][0x1a]5[0xb1][0xe4][0xe2]eM[0xb][0x89]/h"[0x84]I[0x98][0xfc]7V[0xbf][0x1c]_[0xa6][0x80],[0xcf]J[0xdb][0x1a]5[0xad][0xaf][0xe1]&C_T[0xaa][0xa8]p[0x9]Y[0xbb]R[0xb7][0xac][0x93][0xf3]^[0xd6]G[0xbf]7[0x1d][0x93] b`[0x4][0x1a]yE[0x93]~[0xcf][0x8][0x9c][0xcd][0xb1][0xa3][0x11][0xf]p[0xc4][0xe8][0xed][0x96][0x93]u[0xb7]UP[0x3]![0xb5]`[0xc4]^[0xa4]J[0x90][0xa4][0xbd][0xbd][0x93][0x17][0xa0][0x5]=)"A[0x96]2[0x85]y,[0x17][0xb0][0x8e]#[0xd8][0x9e][0xc2][0xba]+f[0x15]X[0x83][0x98][0x9e][0x2][0x0]l[0x9d][0x9f];[0x91][0x1b]Y( [0xcc][0xa5][0x80][0xea][0xd3][0xc7][0xfb][0x7][0x8b][0x8f]/4[0xc5][0xba]+[0x9e]"[0x3]*b[0xb2][0x98]X[0xbf][0xc2][0xe2]-[0xe7][0xe1][0xb0][0xb0][0xfa][0x8d],D[0xc3];[\n]"
19:35:06.158 [main] DEBUG org.apache.http.wire - http-outgoing-5 << "[0xbe][0x8f]G@[0x93][0x93][0x15][0x8][0xa7][0xab]N[0xc2]0KA[0xc4][0x1d][0xe]AY[0x9d]s[0xe5]M [0xbc][0xe0]8[0xac][0x11]x [0x96][0xc6][0xe0][0x8b][0xe3][0x94][0x8c]N2))[0xdb][0x10]R[0xae][0xab],y[0xdc][0xc5][0x99][0xce][0x99][0xde][0xb5][0xe0][0x95][0xeb]o[0x86][0xfb][0x81]W>[\n]"
19:35:06.159 [main] DEBUG org.apache.http.wire - http-outgoing-5 << "[0xaa][0x90]p[0x18]Rc[0xf5]k[0xc8][0xb2]np[0x1c][0xb9]Z[0xca]a[0xa8][0xb3][0x88][0xab][0x19][0xe6]kY[0xfd]([0xc4]J[0xc6]ax[0xd5][0xaa][0xdd][0xc][0xed][0x8f][0xc9][0xb1][0xec][\n]"
19:35:06.162 [main] DEBUG org.apache.http.wire - http-outgoing-5 << "[0x9][0x87]Z[0xae][0xe][0xe1][0x9a][0x1a][0xaf][0xac][0xa4][0xfd]J![0x7][0x9a]p[0x16][0xcd]6[0xb4]`U[0xff]8[0x3]VB[0xe][0x83][0x9c][0xc7]E5[0x90]?[0xab][0x8a][0x19]h[0xd8][0xaf][0xc5][0x88]=K[0xc9]r[0x9b]u[0x98][0x12]f[0xc]V[0xa3][0xc6]{B"4[0xcb][0xea][0x1f][0x5]<[0x17]s[0x18][0xec],[0xd6]mf-[0x9f]d[0xf5][0xa3] +[0x19][0x7][0xd2]\[0xdc][0xfc]4C=3[0x1b][0x1d]G[0xb7])[0xe9]0[\r][\n]"
19:35:06.162 [main] DEBUG org.apache.http.wire - http-outgoing-5 << "{[0xef][0x1a][0xfc][0xb7]t[0x89]>[0xa6][0xcc][0x1a][0xed][0x81][0xb8][0x8]XI[0x10]P[0x5]>/[0x8c]R&O]-[0xd7]s`[0x1a]Y*h[0x11][0x9b][0x4][0xb][0xc9]][0x82][0xa5][0x82][0x9b][0xed][0xd5][0xa5][0x1e][0xb5][0xd5][0xb8][0xd4]Lh_[0x4][0x9e]][0x1e][0x92][0x14]B[0xe1]=b8#[0x9a][0xe4]1[0xb8][0xc8][0x81][0x0][0x18][0x2][0xf3] >S[0xc1]/O[0xd1][0xb3][0x91]5[0xfd]K8O[0xa2][0x91][0x8c][0xbc]+[0xfa]ZY[0x15][0xd1][0x9c][0xc][0xb6][0x1b][0x84][0xd4][0xfd]-;[0x1d]q7m[0xb7]D[0x1c][0xd9][0x12][0xfd][0x15]z[0xa9][0xcd][0xd2]t[0xbb][0xe8]][0xb6]k[0xa6]([0xc0][0x8f][0x4]%iL[0x10]s[0x89]X;[0xd1][\n]"
19:35:06.162 [main] DEBUG org.apache.http.wire - http-outgoing-5 << "s[0xdf][0x7][0xcf][0x1c][0x2][0x8a][0xcb][0x7]B[0xa7]S[0x92][0xbc][0x80][0xf6][0xe6][0xde][0x90][0xf7][0xed]`[0xa6]w[0x86][0xa0][0xa2][0xb7]8E[0xd9][0xfe]O[0xc5][0xe][0xea][0xd4]M[0xdc][0xc9]}"[0x9a][0xa2][0x1e][0xe2]m[0xf8]v[0xf2][0x9][0xc7][0xc8][0xa6][0xe1][0xc2][0x8b][0x3][0xe2][0xa0][0x89][0xbe]>=y+[0x0][0x0][0x1d]H[0xd9]=p[0xe2][0xfb][0xb0][0xd9]H6[0xc1][0xa1]y[0xea]C[0x89][0x17]&E[0xc][0xc7][0x8e]G[0xe0]"w[0x9b]p[0x9d]$@[0x93][0x98]Zp[0x13]:ja[0x90]^[0x19][0xf4]u1C[0xd4][0xb6][0x81][\n]"
19:35:06.162 [main] DEBUG org.apache.http.wire - http-outgoing-5 << "[0x7]9i[0xcc]{[0x15]e[0x12]5[0xfa]{[0x8][0xff]f[0xc0][0xd3][0x9a][0xa6][0x82][0xb0]oN`C[0xdb]nq}[\r][0xf0][0x13]15@[0xb5][0x16](VAD[0xb6][0x15]n[0xfd][0xc6][0xb5][0x17]_[0xc4]O[0x88][0xa2][0x2][0xfb]$f[0xa7][0xd6]O[0xd0]G[0x90]&[0xc]I[0xe2]2[0xf5][0xb3]A[0xe9]Xb7-[0xda][0xf3]t[0xdd][0x8e]q[0xa5][0xa1][0xbf][0x86]/[0xa0][0xc9]%[0xf6][0xe3][0x9c]>#[0x17][0x3][[0x84][0x84]H[0x1f][0x86][0x96][0x6]UW[0xcc][0xd2]l[0xcd][0x87][0x15][0xf4][0xef]g[0xe3][0xba]C[0xfb][\n]"
19:35:06.163 [main] DEBUG org.apache.http.wire - http-outgoing-5 << "[0xd5][0x1b][0x1b]N_[0xb3]k[0x90]e[0xe3]P*J[0x1c][0x8f]Im[0x5]a[0x98]s[0xc7]3[0xa5][0x82]0[0xe0][0xbc]%z4[0x9a][0xd7]w[0xc9][0x1b][0xa2][0xfa][0x81][0xe1]=[0xeb]^v[0x8d][0xcc]#_[0x9f][0xc1][0xec][0xec]GD[0x17][0xc8][0xa5]+[0x18][0xab]pm[0x90][0x8e]`[0x5][0x93][0xb7][0x1b]#[0x93]F|[0xb2][0xc9][0xa1][0x89][0xe9]*[0x1b][0x1d][0xb8][0x86]y[0xc3][0xbf][0xbf]B[0x83][0x91][0x1a][0xaf][\r][0xcd][0x0][0xb2]0[0xff][0x9f][0xa1][0xe2]/[0x1d][0xd5][0xc3][0xf6][0xc1][0xda][0x1c]\t[0x87][0x99][0xdb][0x11]>[0xb3][0x9]o[0xe8][0xc][0xf5]+[0x87][0xfa]K[0xf4][0xf5][0x95][0xd1]W9[0xc9][0xe4][0xf6][0xa7][0xc5][0xdd][0xc9][0xb8][0xb]Em[0xb5][0xb9]6[0xb7][0xd6][0xaa][0x83][0xa6][0x9b]k[0xe5][0xcf][0x8b][0xd9][0xf][0xed][0xb8][0xdf][0xf0][0xd4][0x91][0xe9][0xe1]-u[0xaf]}<[0xbf]WK[0x81]%[0x13]X[0xf3]l[0xb3]6[0x4][\r][0xe6]S4Vv&[0xd1][0xe9][\r]$_[0xd6][0xaf]][0xf0][0xf0]P[0xb6]}[0x92][0x81][0xc4]1[0x8d][0xb4][0x9b][0x96][0xb]$[0xba][0xbf][0xb9][0xbd][0xb9]~[0xb8]y;[0xed][0x83][0xb0]qW>[0x97]kS[0xb1][0xee][0x19]T[0x9e][0xce]|?[0xab][0xd3][0xe2][0x9c][\n]"
19:35:06.163 [main] DEBUG org.apache.http.wire - http-outgoing-5 << "4b[0xe1]1[0xa3][0x92]b[0xce])K[0xc3][0xc9][0x84][0x9b][0xb1]v[0xcf]S[0xc6]h[0x98][0xad][0xd7]3[0xc7][0x11][0x9a][0xf8][0x9e][0xfd]89[0xd9]P[0xc4]L+Zo[0xac][0xd1]vMO[0xea]z[0xba][0x81][0xb9][0x99]w[0xb5][0xc9]Y![0x9b][0xdb][0x1f][0x99][0xe]pd[0xd5][0x9][0x97][0xab][0xd4].[0xf1][0xd2]g[0x1b][0xe6]:[0xe9][0x8f][0xf2][0x95][0xb3][0xbe][0x87]{[0xee]%[0xbc][0x10]}[0x1b]{NS5[0x6][0x17];[0x8][0x93])Ms[0x10][0x8d]4[0xa6]i[0xae]eS[0xce]L[0xf7][0xc2][0xd2]q[0x8e][0xf1][0xd2][0x84][0xe]rb[0xfd]L[0x9e]}[0xcb]x[0xc5][0xc9][0x2]&n[0x19]P[0xe0][0xca]}[0xbe]~q[0xcf]U[0x85]j[0x83]j[0x94][0xe8]9Q([0x92][0xe][0xf1]C[0x1a][0xcc][0xb][0xf]>S[0x1a]l[0x96]~"[0xb1]G[0x9d][0xcd][0xf2][0xb7]x[0x9d][0x98]R[0xd3]y[0xc2]<[0x96]2[0x85][0x7])[0x9b]64[0xa2]`[0xb3][0xdc][0xfe][0x85]}[0x17][0xc6]L[0x1b][0x8d][0xe]M[0xe5][0xa0][0xff][0xfc][0x8b][0x11][0x9e][0xe6]Cg:[0xf2][0xbe][0x1c][0xf][0xc5][0x8b][0x94][0x9c][0x10][0x8]D<[0xb6]F[0xc]4[0x7][0xc2][0x8b][0xf][0xbd][0x80][0x86]|4<[0x94]_[0x16]j[0xc8][0xc9]m[0x14][0xc][0x8a][0x8f]_][0x14][0xef][0xb]ww[0xf][0x85][[0xa4][0xef][0xca]T[0xf0][0xd7]#[0xe][0xe5]b[0xb0][0x85][0x8b]A[0x5][0x17][0x11]w[0xab][0x9];[0x96][0x82]WE-///w0[0xf4][0xb7][0xef]vp`$[0xd5]u~[0xb6][0xb1][0x9b][0xdb]=i[0xdf][0xec][0x9a][0xb3][0xff]wr[0x7]8[0xb9][0x92][0x97][0xe3]G[0xe3][0xf2][0xb4]}bA[0xa0]oM_"[0xa1]Y[0xed][0x1e][0xc3][0xcb]3[0xdd]"-[0x94]o[\r][0xf8][0x86]3d[0x5]w[0xca][0xaf]e00[0xfd][0x4]h[0x87]|[0xdf].[0xb7][0xea][0xf9]fl[0xb8][0x19][0xec]n2[0xd8][0xdb]T[0xaf]x[0xc4][0xbd][0xf1][0x98][0x86][0xbc]B6[0x0][0xbb][0xd8]Q[0xd3][0xb8][0xf4]F[0xe4][0xee][0x94][0xc1][0xb7][0x94][0x87][0xb0][0xbc]*[0xea][0x1f][0x91]7[0xe8][0xf3][0x8c][0x81]\[0xe][0xf8][0xab][0x6][0x8a][0xab][0xb2][0x81][0x14][0xb7][0xfa][0x6];[0x9b][0xb6]T[0xac]j[0x84][0x87]uU+[0xd2][0x12];jKv[0x8b][0x9][0x87][0x86]Y[0x8c][0xc3][0x92][0x18][0x85][0xe3]#[0xf3]0[0xaf]pjw1[0xe8]5<[0xa7][0xd3][0xc7]`[0xc6][0xf1][0xe3]f[0xe]A[0x14][0xca][0xe3][0xab][0xaa][0xf0].w~-[0xed][0x17][0xf5]ic[0xfe][0xd0][0xc8][0xbf][0x14][0x12]0Ou[0x19][0x18][0xe3][0x8]M[0x1a][0x88][0x8e][0x1a][0xc4],+[0xf1][0xb1][0xfb]0-[0xcf][0x99]4=[0xd7]3[0x9b]T[0xc3][0x93]oi[0xee]w[0xe8]X'm[0x9f][0x93][0xc7][0xa6]2kN"[0xb][0xd4]Qn.[0xe1][0xe4][0x15][0x9a]/[0xaf][0xa5]kT[0xef][0xe6][0x1a][0xc]z[0xca],[0xf2][0xa9][\n]"
19:35:06.163 [main] DEBUG org.apache.http.wire - http-outgoing-5 << "7[0xbc][0x99][0x6])[0xdf][0x8b][0xb2][0xa6][0x9f][0xe8][0x8a][0xf0][0x14][0xca][0xd5][0x1a][0xb6][0xb0]c[0x80]*Sp[0xc][0xc7]K[0x2][0x82][0xfe]qu;[0xfb][0xf0]^g.][0xc6][0xa2]a[0xb7][0xbb]Z[0xad]:Q[0xc][0xf8][0x19][0xc1]Q[0x4]~_[0xe6]d:6[\r][0xac][0xb2][0xfc][0xfc][0xbf]~d[0x9]R[0xc3]}l[0x9b].][0xf1][0x9e][0x1][0xbf][0x10][0xff][0xa1][0xe4]w[0x9b]t[0x8a][0xa4]W2[0x0][0x0]"
19:35:06.166 [main] DEBUG org.apache.http.headers - http-outgoing-5 << HTTP/1.1 200 OK
19:35:06.166 [main] DEBUG org.apache.http.headers - http-outgoing-5 << Date: Wed, 14 May 2014 17:35:06 GMT
19:35:06.167 [main] DEBUG org.apache.http.headers - http-outgoing-5 << Server: Apache/2.4.6 (Ubuntu)
19:35:06.167 [main] DEBUG org.apache.http.headers - http-outgoing-5 << X-Powered-By: PHP/5.5.3-1ubuntu2.2
19:35:06.168 [main] DEBUG org.apache.http.headers - http-outgoing-5 << Expires: Thu, 19 Nov 1981 08:52:00 GMT
19:35:06.168 [main] DEBUG org.apache.http.headers - http-outgoing-5 << Cache-Control: no-store, no-cache, must-revalidate, post-check=0, pre-check=0
19:35:06.168 [main] DEBUG org.apache.http.headers - http-outgoing-5 << Pragma: no-cache
19:35:06.168 [main] DEBUG org.apache.http.headers - http-outgoing-5 << Vary: Accept-Encoding
19:35:06.168 [main] DEBUG org.apache.http.headers - http-outgoing-5 << Content-Encoding: gzip
19:35:06.168 [main] DEBUG org.apache.http.headers - http-outgoing-5 << Content-Length: 2800
19:35:06.168 [main] DEBUG org.apache.http.headers - http-outgoing-5 << Keep-Alive: timeout=5, max=100
19:35:06.168 [main] DEBUG org.apache.http.headers - http-outgoing-5 << Connection: Keep-Alive
19:35:06.168 [main] DEBUG org.apache.http.headers - http-outgoing-5 << Content-Type: text/html
19:35:06.170 [main] DEBUG o.a.h.impl.execchain.MainClientExec - Connection can be kept alive for 5000 MILLISECONDS
19:35:06.330 [main] DEBUG o.a.h.i.c.PoolingHttpClientConnectionManager - Connection [id: 5][route: {}->http://localhost:80] can be kept alive for 5.0 seconds
19:35:06.330 [main] DEBUG o.a.h.i.c.PoolingHttpClientConnectionManager - Connection released: [id: 5][route: {}->http://localhost:80][total kept alive: 1; route allocated: 1 of 6; total allocated: 1 of 20]
19:35:06.331 [main] DEBUG c.g.htmlunit.html.HtmlElement - Firing Event unload (Current Target: HTMLElement for HtmlHtml[<html>]);
19:35:06.332 [main] DEBUG c.g.htmlunit.WebWindowImpl - setEnclosedPage: HtmlPage(http://localhost/schoolmate/index.php)@14569910
19:35:06.332 [main] DEBUG c.g.htmlunit.WebWindowImpl - destroyChildren
19:35:07.359 [main] DEBUG c.g.htmlunit.html.HtmlScript - Script node added: <script language="JavaScript">
//<![CDATA[

  function logoutAdmin()
  {
	document.admin.logout.value=1;
	document.admin.submit();
  }

  function classes()
  {
	document.admin.page2.value=0;
	document.admin.submit();
  }

  function schoolInfo()
  {
	document.admin.page2.value=1;
	document.admin.submit();
  }

  function students()
  {
	document.admin.page2.value=2;
	document.admin.submit();
  }

  function teachers()
  {
	document.admin.page2.value=3;
	document.admin.submit();
  }

  function announcements()
  {
	document.admin.page2.value=4;
	document.admin.submit();
  }

  function semesters()
  {
	document.admin.page2.value=5;
	document.admin.submit();
  }

  function terms()
  {
	document.admin.page2.value=6;
	document.admin.submit();
  }

  function users()
  {
	document.admin.page2.value=10;
	document.admin.submit();
  }

  function parents()
  {
	document.admin.page2.value=22;
	document.admin.submit();
  }

  function register()
  {
	document.admin.page2.value=26;
	document.admin.submit();
  }

  function attendance()
  {
	document.admin.page2.value=30;
	document.admin.submit();
  }
 
//]]]]><![CDATA[>
</script>

19:35:07.473 [main] DEBUG c.g.htmlunit.html.HtmlScript - Script node added: <script language="JavaScript">
//<![CDATA[

  // Function to make sure the user wants to delete the class(es) //
  function validate()
  {
   if( document.classes.selectclass.value > 0 )
   {
	var confirmed = confirm("Deleteing a class will also delete the class bulletins, tardies, attendance, assignments, and registrations that occured during that class. \n \nAre you sure?");

	if( confirmed == true )
	{
	 document.classes.submit();
	}
   }
   else
   {
	alert('You must select a class to delete.');
   }
  }


  // Function to make sure only one checkbox has been selected //
  function checkboxes()
  {
   if( document.classes.selectclass.value == 1 )
   {
	document.classes.submit();
   }
   else
   {
	if( document.classes.selectclass.value > 1 )
	{
	 alert('You can only edit one class at a time.');
	}
	else
	{
	 alert(document.classes.selectclass.value);
	 alert('You must select a class to edit.');
	}
   }
  }


  // Function to keep track of how many checkboxes are checked //
  function updateboxes(row)
  {
   row = row + 2;
   if(document.classes.elements[row].checked)
   {
	document.classes.selectclass.value = Math.round(document.classes.selectclass.value) - 1;
   }
   else
   {
	document.classes.selectclass.value = Math.round(document.classes.selectclass.value) + 1;
   }
  }
 
//]]]]><![CDATA[>
</script>

19:35:07.674 [main] DEBUG n.s.j.h.HtmlUnitTestingEngineImpl - Window "" changed : "SchoolMate - School Name" became "SchoolMate - School Name
19:35:07.674 [main] DEBUG c.g.htmlunit.html.HtmlElement - Firing Event DOMContentLoaded (Current Target: HTMLElement for HtmlHtml[<html>]);
19:35:07.675 [main] DEBUG c.g.htmlunit.html.HtmlElement - Firing Event load (Current Target: HTMLElement for HtmlHtml[<html>]);
19:35:07.829 [main] DEBUG c.g.htmlunit.html.HtmlElement - Firing Event mousedown (Current Target: HTMLElement for HtmlAnchor[<a class="menu" href="javascript: terms();" onmouseover="window.status='Manage Terms'; return true;" onmouseout="window.status=''; return true;">]);
19:35:07.830 [main] DEBUG c.g.htmlunit.html.HtmlElement - Firing Event focusin (Current Target: HTMLElement for HtmlAnchor[<a class="menu" href="javascript: terms();" onmouseover="window.status='Manage Terms'; return true;" onmouseout="window.status=''; return true;">]);
19:35:07.830 [main] DEBUG c.g.htmlunit.html.HtmlElement - Firing Event focus (Current Target: HTMLElement for HtmlAnchor[<a class="menu" href="javascript: terms();" onmouseover="window.status='Manage Terms'; return true;" onmouseout="window.status=''; return true;">]);
19:35:07.831 [main] DEBUG c.g.htmlunit.html.HtmlElement - Firing Event mouseup (Current Target: HTMLElement for HtmlAnchor[<a class="menu" href="javascript: terms();" onmouseover="window.status='Manage Terms'; return true;" onmouseout="window.status=''; return true;">]);
19:35:07.852 [main] DEBUG c.g.htmlunit.html.HtmlElement - Firing Event click (Current Target: HTMLElement for HtmlAnchor[<a class="menu" href="javascript: terms();" onmouseover="window.status='Manage Terms'; return true;" onmouseout="window.status=''; return true;">]);
19:35:07.853 [main] DEBUG c.g.htmlunit.html.HtmlAnchor - do click action in window '', using href 'javascript: terms();'
19:35:07.858 [main] DEBUG c.g.htmlunit.WebClient - Load response for POST http://localhost/schoolmate/index.php
19:35:07.860 [main] DEBUG o.a.h.c.protocol.RequestAddCookies - CookieSpec selected: mine
19:35:07.860 [main] DEBUG o.a.h.c.protocol.RequestAddCookies - Cookie [version: 0][name: PHPSESSID][value: no2thjmm27itqgp2hf79142173][domain: localhost][path: /][expiry: null] match [localhost:80/schoolmate/index.php]
19:35:07.861 [main] DEBUG o.a.h.c.protocol.RequestAuthCache - Auth cache not set in the context
19:35:07.861 [main] DEBUG o.a.h.i.c.PoolingHttpClientConnectionManager - Connection request: [route: {}->http://localhost:80][total kept alive: 0; route allocated: 0 of 6; total allocated: 0 of 20]
19:35:07.861 [main] DEBUG o.a.h.i.c.PoolingHttpClientConnectionManager - Connection leased: [id: 6][route: {}->http://localhost:80][total kept alive: 0; route allocated: 1 of 6; total allocated: 1 of 20]
19:35:07.861 [main] DEBUG o.a.h.impl.execchain.MainClientExec - Opening connection {}->http://localhost:80
19:35:07.862 [main] DEBUG o.a.h.c.HttpClientConnectionManager - Connecting to localhost/127.0.0.1:80
19:35:07.863 [main] DEBUG o.a.h.impl.execchain.MainClientExec - Executing request POST /schoolmate/index.php HTTP/1.1
19:35:07.863 [main] DEBUG o.a.h.impl.execchain.MainClientExec - Target auth state: UNCHALLENGED
19:35:07.867 [main] DEBUG o.a.h.impl.execchain.MainClientExec - Proxy auth state: UNCHALLENGED
19:35:07.867 [main] DEBUG org.apache.http.headers - http-outgoing-6 >> POST /schoolmate/index.php HTTP/1.1
19:35:07.868 [main] DEBUG org.apache.http.headers - http-outgoing-6 >> Host: localhost
19:35:07.870 [main] DEBUG org.apache.http.headers - http-outgoing-6 >> User-Agent: Mozilla/5.0 (Windows NT 6.1; rv:24.0) Gecko/20100101 Firefox/24.0
19:35:07.871 [main] DEBUG org.apache.http.headers - http-outgoing-6 >> Accept: */*
19:35:07.871 [main] DEBUG org.apache.http.headers - http-outgoing-6 >> Referer: http://localhost/schoolmate/index.php
19:35:07.883 [main] DEBUG org.apache.http.headers - http-outgoing-6 >> Accept-Encoding: gzip, deflate
19:35:07.883 [main] DEBUG org.apache.http.headers - http-outgoing-6 >> Accept-Language: en-US
19:35:07.899 [main] DEBUG org.apache.http.headers - http-outgoing-6 >> Content-Length: 22
19:35:07.899 [main] DEBUG org.apache.http.headers - http-outgoing-6 >> Content-Type: application/x-www-form-urlencoded
19:35:07.899 [main] DEBUG org.apache.http.headers - http-outgoing-6 >> Connection: Keep-Alive
19:35:07.899 [main] DEBUG org.apache.http.headers - http-outgoing-6 >> Cookie: PHPSESSID=no2thjmm27itqgp2hf79142173
19:35:07.899 [main] DEBUG org.apache.http.wire - http-outgoing-6 >> "POST /schoolmate/index.php HTTP/1.1[\r][\n]"
19:35:07.900 [main] DEBUG org.apache.http.wire - http-outgoing-6 >> "Host: localhost[\r][\n]"
19:35:07.900 [main] DEBUG org.apache.http.wire - http-outgoing-6 >> "User-Agent: Mozilla/5.0 (Windows NT 6.1; rv:24.0) Gecko/20100101 Firefox/24.0[\r][\n]"
19:35:07.900 [main] DEBUG org.apache.http.wire - http-outgoing-6 >> "Accept: */*[\r][\n]"
19:35:07.900 [main] DEBUG org.apache.http.wire - http-outgoing-6 >> "Referer: http://localhost/schoolmate/index.php[\r][\n]"
19:35:07.900 [main] DEBUG org.apache.http.wire - http-outgoing-6 >> "Accept-Encoding: gzip, deflate[\r][\n]"
19:35:07.900 [main] DEBUG org.apache.http.wire - http-outgoing-6 >> "Accept-Language: en-US[\r][\n]"
19:35:07.900 [main] DEBUG org.apache.http.wire - http-outgoing-6 >> "Content-Length: 22[\r][\n]"
19:35:07.900 [main] DEBUG org.apache.http.wire - http-outgoing-6 >> "Content-Type: application/x-www-form-urlencoded[\r][\n]"
19:35:07.900 [main] DEBUG org.apache.http.wire - http-outgoing-6 >> "Connection: Keep-Alive[\r][\n]"
19:35:07.900 [main] DEBUG org.apache.http.wire - http-outgoing-6 >> "Cookie: PHPSESSID=no2thjmm27itqgp2hf79142173[\r][\n]"
19:35:07.901 [main] DEBUG org.apache.http.wire - http-outgoing-6 >> "[\r][\n]"
19:35:07.901 [main] DEBUG org.apache.http.wire - http-outgoing-6 >> "page2=6&logout=&page=1"
19:35:07.946 [main] DEBUG org.apache.http.wire - http-outgoing-6 << "HTTP/1.1 200 OK[\r][\n]"
19:35:07.946 [main] DEBUG org.apache.http.wire - http-outgoing-6 << "Date: Wed, 14 May 2014 17:35:07 GMT[\r][\n]"
19:35:07.947 [main] DEBUG org.apache.http.wire - http-outgoing-6 << "Server: Apache/2.4.6 (Ubuntu)[\r][\n]"
19:35:07.947 [main] DEBUG org.apache.http.wire - http-outgoing-6 << "X-Powered-By: PHP/5.5.3-1ubuntu2.2[\r][\n]"
19:35:07.948 [main] DEBUG org.apache.http.wire - http-outgoing-6 << "Expires: Thu, 19 Nov 1981 08:52:00 GMT[\r][\n]"
19:35:07.948 [main] DEBUG org.apache.http.wire - http-outgoing-6 << "Cache-Control: no-store, no-cache, must-revalidate, post-check=0, pre-check=0[\r][\n]"
19:35:07.948 [main] DEBUG org.apache.http.wire - http-outgoing-6 << "Pragma: no-cache[\r][\n]"
19:35:07.948 [main] DEBUG org.apache.http.wire - http-outgoing-6 << "Vary: Accept-Encoding[\r][\n]"
19:35:07.948 [main] DEBUG org.apache.http.wire - http-outgoing-6 << "Content-Encoding: gzip[\r][\n]"
19:35:07.949 [main] DEBUG org.apache.http.wire - http-outgoing-6 << "Content-Length: 2617[\r][\n]"
19:35:07.949 [main] DEBUG org.apache.http.wire - http-outgoing-6 << "Keep-Alive: timeout=5, max=100[\r][\n]"
19:35:07.949 [main] DEBUG org.apache.http.wire - http-outgoing-6 << "Connection: Keep-Alive[\r][\n]"
19:35:07.949 [main] DEBUG org.apache.http.wire - http-outgoing-6 << "Content-Type: text/html[\r][\n]"
19:35:07.949 [main] DEBUG org.apache.http.wire - http-outgoing-6 << "[\r][\n]"
19:35:07.949 [main] DEBUG org.apache.http.wire - http-outgoing-6 << "[0x1f][0x8b][0x8][0x0][0x0][0x0][0x0][0x0][0x0][0x3][0xed]Zks[0xdb][0xb8][0x15][0xfd],[0xfd][\n]"
19:35:07.949 [main] DEBUG org.apache.http.wire - http-outgoing-6 << "[0x8c];-[0x9d]t-[0x91]r[0xec][0xf5][0xea][0xd5][0x91][0x1d][0xa7][0xdd][0xc6]N2[0xeb][0xec][0x87][0x9d][0xed]N[0x7]"![0x91]k[0x92][0xe0][0x90][0xa0]e[0xb5][0xb3][0xff][0xbd][0x17]/[0x12][0xa4]([0x89][0x92][0x93]>fjy$[0x11][0x8f][0x8b][0x83][0x83][0x8b][0xfb][0x0]4[0xf6]Y[0x14]N[0xbb]h[0xec][0x13][0xec][0xf1]O[0x16][0xb0][0x90]L[0x1f]\[0x9f][0xd2][0xf0][0x1e]3[0x82][0xce][0x90]|@[0x1f]pD[0xc6]}Y[0xf][\r]3[0xb6][0xe][0x9]b[0xeb][0x84]LN[0x18]yf}7[0xcb]N[0xa6][0xdd].[0xea][0xbf]F[0xd7][0x1f][0xdf][0xfe][0x84]^[0xf7][0xbb]hN[0xbd]u[0x17][0xfd][0xb3][0x8b][0xd0][0x1c][0xbb][0x8f][0xcb][0x94][0xe6][0xb1]w[0xe6][0xd2][0x90][0xa6]C[0xf4][0xbb][0xf3][0xf3][0xcb][0xcb][0xef][0xbe][0x1b]u[0xd1]o[0xb2][0xd7][0xdd][0xf7][0x1f][0xde]?[0x88]nh[0xd6][P[0xca]H[\n]"
19:35:07.950 [main] DEBUG org.apache.http.wire - http-outgoing-6 << "_yg[0x84][0x16]4fg[0xb][0x1c][0x5][0xe1]z[0x88]p[0x1a][0xe0]pT[0x96]g[0xc1]?[0xc8][0x10]9v[0xc2][0x8c][0xc2][0x15][0x9][0x96]>[0x1b][0xa2][0x98][0xa6][0x91]n[0xad]F[0xce][0x82][0xf0][0x89][0xa4][0xb2][0x88]C?[0xf3][0x88]KS[0xcc][0x2][0x1a][0xf][0x11] $i[0x18][0xc4][0x84][0xd7]sd[0x5][0x98][0xa1]O[0x9f][0xbe][0x16][0xa4]y[0x8][0xfc][0x8c][0xba][0x9d]Vp"[0x12][0xe7][0x2]F[0xa7][0x9]C[0xc7][0x4]0[0xe0][0x0]:[0x95][0xd1][0xe7]4[0xf4][0xa0]L[0xaf][0x2][0xb9]t[0xf1][0xb9][0xd7]4tL7F5(h[0x1c][0xbb]>[0xff]Au[0xfe][0x8d][0x0][0xde][0xc1][0xdf][0xf5][0xf5][0x96][0xd5][0xa8]aH[0xf0][0x12]PDz[\r][0xb6]@hZ[0x81]m[0xb][0xa0]Q\[0xd9][0xfc]%[0x8a]Z[0x82][0xa8][0xaa][0xc3][0x17][0x84]2[0xbb][0xe1][0xaf]VP2[0x12][0x12][0x97][0x11][0xef][0xeb][0xf1]b[0x8b][0xbf]f0M[0xba]YC[0xf4][0x1f]![0xa9][0x9]W[0xc0]H[0x94][0xfd][0x17][0xf0]#p|5V.[0xde][0xf1]W[4`s?[0xcf][0xae][0xef]n[0x95][0xd1]ex[0x1e][0x12][0xb9][0xb7][0x1b][0xac][0xf5];[0xf1]W[0xf4][0x15][0x8d]{[0xeb][0x9d][0xcd][0xe5][0xae]6[0x9a]{[0xeb][0x18][0xa6][0xe9][0x86]A[0xc6][0xf4][0xe4][0xe7]4[0x5]XE[0xb7][0x8b]+[0xfe][0x1a][0x19]5[0xab][0xc0]c[0xfe][0x10][0xf5][0xec]o/n[0xef][0xcd][\n]"
19:35:07.951 [main] DEBUG org.apache.http.wire - http-outgoing-6 << "[0xe1][0x80][0xc0][0x98][0xd3]0[0xf0]Dy[0x82]=/[0x88][0x97]g[0xa9][0xa4][0xc7]I[0x9e]+[0xc5]s[0xca][0x18][0x8d]6[0xcb]C[0xb2][0x80][0xd6]v[0xad][0x94][0xd1][0xa4]([0x94]3[0xf0]z[0xf3][0x2][0xf4][0xe]gV[0xb6]~j[0xd5][0xdc][0xac]MIB0[0x80][0x91][0x9f]gkS[0xdc]j[0x87][0xb4][0xfa][0xda]x=[0x1c][0xc7][0xd0][0xc2]%`[0xb4][0xb][0xaa][0x85]F[0xe0]0X[0x82]2[0xfc][0x9a]g,X[0xac][0x1b][0x88][0x18][0xd4][0x99]Pt[0xe]L2z[0xd4][0xf3]v[0xe0][0xa9]oN5[0xa8][0xb]`[0xa4][0xdf][0x95]B[0xc8][0x13][0x89]wH[0xb9][0xb5][0xf9]k[0xaf][0x14][0x1e][0xb9][0x94][0x9b]i[0xaf]*[0x82][0xd2][0xff][0xe5]v[0xf6][0xf6][0xf6][0x7][0xa5][0xf5][0xbe][0xa3][0xbb]V=[0x1a][0xb]"[0x92]mx[0xb4][0xc1][0xa0][0xd1][0xa3]K[0x97][0x86][0x9a][0xed][0xc2]v+[0xbe]sb[0xfe][0x0]\n[0x96][0x81][0x1d]m[0xf0][0xb7][0xcd][0xe8][0x9c][0xcb]=[0xe8][0x8e]B[0x2][0x8c][0xdd][0xfc][0xf8][0xf0][0xf9][0xe3]=[0xba][0xb9][0x9b]=<hs[0xa1][0xd1][0xcd][0xe9][0xf3]^+[0xd0]i[0xdc][0xb3][0x9d][0xe6]-[0xde][0xa9][0xd9][0x84]"BQ[0x1a])[0xec][0xe1]s[0xed][\r][0xaa][0xa3] [0xd6][0xa2][0x9c][0x8b][0xb2][0xc8]W,[0xe8]2[0xd5][0xe4][0x9c][0xaf]NGW[0xe][0xc4][0xd3][0xde]pJ[0xd8][0xe1][0x8e]I[0x15][0xdf]4P[0xc4][0xed][0xf9]"[0xa4][0xab][0x9a][0x87]68[0x92][0x9c][0xfe]O0u$QM[0x1a][0xd4][0x1]^X[0xe0][0xe2]PWD[0x81][0xe7][0x85][0xa4][0xc2][0x18][0xce][0x19]-[0x19][0xfb][0xf7][0x4][0xfe]r[0xac]5[0x9][0x1][0x1][0xc7][0xbd]}[0x8b][0x99][0xeb]?[0xb8][0xd8][0xc][0xa7][0xf5]0[0x87][0x5][0xd4][0xdd]q_[0xac][0xf0][0x14][0xbe][0xe8][0xd4]+s[0xd3] a([0xc4][0xf1]2[0x7][0x9d][0x99]X[0xc5]O[0xf8]A[0x14]ZP[0x8f][0x16]`[0xd0][0xb9] [0x14][0xd2]%[0xcd][0xd9][0xcc][0x83]5;}%[0x91]{[0xd4][0xcd][0xb9][0xad][0xef]a^[0xda][0x93]-zO8[0xcc][0xc9][0xc4][0x19]m[0xd4]g[0xf9]<[\n]"
19:35:07.951 [main] DEBUG org.apache.http.wire - http-outgoing-6 << "[0xd8][0xe9][0xab][0x82][0x8a]B[0xb6][0x1b][0xe2],#[0xd9][0x16][0xb9]<[0xaa][0x1b]([0xb1][0xf6]!b3[0x91]C~[0x1f]/h[0xb][0xc9][0x7][0x1][0xce]X[0xee]A[0xbb]6[0x88][0x7][0x87][0xc8]e[0x4][0xbb]>I[0xdb][0xc8]=?D[0xae][0xe9][0x99][0xdb][0x8]s[0x10][0x19] 6c[0xed]P_[0x1c][0xc6]F[0x1a][0xb5][0x11]zy[0x88][0xd0]<k[0x87][0xd4]9H[0xd5][0x12][0x9c][0xb6][0xd5][0x87][0x83][0x14]"%[0xcb][0x80]s[0xdb]F[0xf0]A4`[0xc6]H[0xec]a[0xd0][0x89]6[0xba][0xb6][0x97][0xb][0x4][0xa6]E[0x18][\r]~[0x18]3[0xe6]'0[0xd3][0xb1][0x8][0xbf][0xc1]([0x87][0xa1][0xf2][0xc][0x13][<e[0x9]v[0xe5][0x93][0xf4]$[0xf0]EX[0xfd][0x89][0xe5][0xd8][0xf6][0xef]-$[0xad][0xfe][0xc4][0xba][0xb2]-q8[0x94][0x8a]wOZ[0x89][0x89]5[0xb7]tsp[0x12][0xc2]F[0x8d][0x83]h[0x89][0xb2][0xd4][0x9d]X[0xbd]~[0x10][0x1][0xee]L[0x9e][0x18][0xf5][0x96][0xc1][0xa2][0x14][0xf7][0xed]E[0xa5]#[0xea]s[0xb1]}[0xe6][0xd5][0xa5][0xb][0x89][0x87]c[0xbf][0x2][0xe8][0xb2]k*?j"[0xd1][0xd8][0xb][0x9e]tQ[0xe9][0x3],$|[0xd4][0xc4][0x92][0xce][0xcb][0x9a]V[0xe][0xbe][0xa0][0x8b][0x10]&a[0xf2][0xcf]T}r|[0xc5][0x4]dyQ[0xda][0xd5][0xf8][0x9b]i[0xbd][0x82][0x87][0x2]}uR[0xd5][0x9][0xd7][0x90]u[0x1b][0xe7]V[0xc]rn[0x17]c8[0xf6]tL[0xa2][0x84][0x81][0x12]h[0xe4][\r]][0x1c][0xdb][0x8][0x9c][0xcd][0xb5][0xa3][0x9][0xf]p[0xc4][0xea][0xed][0x96]S[0xc][0xb7]UP[0xb]!{[0xc1][0x88]\[0xa4]I[0x90][0xa4][0xbd][0xbb][0x93][0x17][0xa0][0x5]=)"A[0x96]R[0x85]y*?[0x17][0xe0][0xc7][0x11][0xa4][0xa7][0xe0]w[0xc5][0xae][0x2]m[0x10][0xdb]S[0x0][0x80][0xd4][0xf9][0xb9][0x97][0xf8][0x89][0x85]"[0xc2]|[\n]"
19:35:07.952 [main] DEBUG org.apache.http.wire - http-outgoing-6 << "[0xa8]>}|[0xf8]l[0xf1][0xf5][0x85][0xae]X[0xf][0xc5][0x8f][0xc8][0x80][0x8a][0x94],&[0xd6][0xaf][0xe0][0xbc][0xe5]>[0x1c]V[0xbc][0xdf][0xc8]B4[0xbe][0xa7]`[0xfb]x[0x4]49Y[0x81]p[0xba][0xea]e[0xc][0xb3][0x1c]D[0xdc][0xe3][0x18]&[0xab][0xcf]\y[0x17][0x8]/8[0xe]k[0x4][0x16][0x88][0xe5])[0xd8][0xe2]4'[0xa3][0x93]BJ[0xce]6[0x84][0xd4][0xdb]*M[0x1e][0xf7]q1[0xe7]b[0xde]{[0xc1]+[0xd3][0xdf][0xe][0xf7]g[0xde][0xf8]EP[0x85][0x84][0xe3][0x90][0x1a][0xde][0xaf]%[0xcb][0xba][0xc3][0xcb][0xc8][0xd5]R[0x8e]C]D\[0xed]0[0xdf][0xc8][0xe6]/B[0xac]d[0x1c][0x87]Wy[0xed]vh[0xcc]^[0xca][0xae][0x90]p[0xac][0xe6][0xea][0x10][0xae][0xad][0xf2][0xca][0xf6]/[0xd4]_)[0xe4]H[0x15].[0xa2][0xd9][0x96][0x1a][0xac][0xda][0xbf]L[0x81][0x95][0x90][0xe3] [0x97]q[0xd1][0x1e][0xc8]?[0xa8][0x86][0x5]h[0xc8][0xd7][0xd2]/[0xa2][0xcf]R[0xb2]L[0xb3][0x8e][0x9b][0x84][0x19][0x83][0xed][0x99][0xc6]{B[0x12]4+[0xda][0xbf][0x8]x)[0xe6]8[0xd8]E[0xac][0xdb]N[>[0xc9][0xe6]/[0x82][0xac]d[0x1c]Is5[0xf9]i[0x87]zfvz[0x19][0xdd][0xa6][0xa4][0xe3]fP[0xc9][0xbd][0xf7][0xe0][0xbf][0xa3]K[0xf4]1g[0xd6][0xe8][0x0][0xc4]U[0xc0]J[0x82][0x80]*[0xf0][0x5]q[0x92]3y[0xeb]j[0xf9][0x81][0x7][0xdb][0xc8]RA[0x8b]H[0x12],$[0xb3][0x4][0xeb]RE7[0xdb][0xdb][0xcb][0x89][0xec]m[0xc6][0xc5][0x16]R[0x1d][0x11]y[0xf6]yLR[0x89][0x85][0xf][0x8][0xe2][0x8c]p[0x92][0x7][0xe1][0xe2][0x10][0x4][0xc0][0x10][0xd8][0x8][0xe9][0x99][0x8a]~[0xf9][0x19]=[0x1b]Y[0xd3]?[0xc4][0xf3],[0x19][0xc9][0xd0][0xbb]a[0xac][0x95][0xd5][0x10][0xce][0xc9]h[0xbb]EL[0xed]lIu[0xc4][0xd3][0xb4][0xdb][0x11][0x81]dG[0x8c]W[0x19]e[0xef]1M[0xbf][0x8f][0xde][0x15]i3E[0x11]~$([0xcb]S[0x82][0x98]O[0x84][0xf3]D+[0xcc][0x8d][0x1f][0xd4]y[0x4]&.+x[0x94]u[0x9a][0xbd][0x82][0xde]fj[0xc8]G[0xf6]0[0xd3][0x89]!L0X[0x9c][0xa2]"[0xfd][0x13][0xa1][0x99][0xba]r[0xe3][0xdf]e[0x8e][0x88][0xa6][0xc8]F[0xbc][0x3]O%[0x9f]p[0x8a]\[0x1a]/[0x82]4"[0x1e][0x9a][0xe8][0xef][0xa7]'o[0xc5][0xd8][0xc0][0x4][0xc2]bp`#[0xc]![0xcf][0xc8]*[0xb0][0x8a][0x90][0xea][0x1b][0x1d][0xa7]|[0x83][0xe6]y[0x8][0xf5]A[0xc]_[0x19]N[0xbd][0x80][0x97][0x95][0xf6][0x13][0xbe]g[0x19][0xd0]%[0xf6][0x18]<[0xc4][0x9e][0xf2][0x10][0xd2]<[0xc3][0xbc]}[0xcc][0x10]u][0xa0][0xc4]C^[0x9e]r[0x8][0xa2]L[0xcc][0x0][0xfd]-[0x86][0xff][0x19][0xd0][0xb5][0xa6][0xb9][0xe0][0xed]O'[0x90][0xd8]v;|[0xe2][0xc6]D&b[0x8b][0xc0]4;0[0xc9][\r]F[0x8a][0x84][0xb8][0xf3][0x1b][0xe7]A[0xbc][0x91]0#[0x8a][0x14][0x1c][0x92][0x94][0x9d]Z?[0xc1][0x8]Q[0x9e]1$[0x19][0xd4]D[0x14][0xb][0xd3][0xb3]DJ-[0xba][0xf3]3[0xbb][0x1d]kK[0xe3]p[\r]o[0x90][0xa7][0xfa][0xc4]}[0x9c][0xd3]g[0xe4][0xe3][0xc][0xcd][0x9][0x89][0x91][0xbe][0x11][0xad]-[0xad]nX[0x9c][0xb5][0xb5]\\[0x98][0xb9]S[0xac][0xee][0xd6]y7L[0xba][0x9d][0xe6]8[0x9a]R[0x83]#[0x17][0xc7]r[0x82][0xc4][0xb][0x98][0x98][0xa5][0xe0][0x9][0xb][0xc6][0x82]H[0xf2][0x4]Lw[0xc4]h[0xf5][0xde][0xcd][0xc]sQ[0xba][0xdf].[0x8a][0x1f][0xb9][0xb7][0x5][0xdd]q[0x1f][0x11]] [0x9f][0xae][0x80][0xf4]xm[0xb0][0x87][0xc0][0x1f][0xc9][0xc7][\r][0x8a][0xf3][0x84][0xef][0x1d][0xc9]qJW[0x5][0xcd][0xf0][0x1d]v[0x2][0xff]#[0x1a][0x8c][0x14][0xf1]5j[0x0][0xaf][0xd0][0xe0][0x9f][0xa1][0xd9]/=%[0x1b][0xed][0x1b]k[0x84][0xee]1[0xf3]{[0xc2][0xf6][0xd5][0x5][0xd7][0x1b][0xbf][0x2][0x10]N[0xe3][0x82]}[0xd9]Q[0xce][0x8c]Q[0xea][0x87]D[0xbe]35[0xf3][0xb7]q[0x1f][\n]"
19:35:07.952 [main] DEBUG org.apache.http.wire - http-outgoing-6 << "[0xba][0x86]cTV[0xb5]z[0x8][0xa1][0xcd][0xe7][0x9b][0xb][0xdb][0xaa][0xd8]YK=kK[0xcb][0x9f][0x95]A[0xb6][0xaa][0xe7]H[0xfc][0xdd][0xc8][0xbb][0x5][0xf4]vyw[0xcd]g[0xcd]s[0xc6] E[0xd6]~j[0xe6]y[0xdc]3[0xdf][0x84][0x81][0xfb]8[0xb1]j[0xd4][0x98][0xa7]iW[0xa3]m;h[0xef][0x18][0xb7][0xa0][0xc0][0xed][0x6]q[0x6]#s[0xb3][0xef][0x17]-M[0xf3]v[0xe1][0xd2]:[0x95][0x8b];qF[0xa5][0xa3]P[0xe2][0xcb][0xa0][0xc6]8@3W[0xa8][0xbe]z[0xc5]j]Y[0xda][0xc1][0x1a][0xd7][0xf5][0xda][0xbb][0xa6][0xba]N[0xde][0xba][0xea]b[0xaf][0xf0][0xd5][0xd2]KC[0x91]/2y[0xfd][0xab]1[0xbf](}[0x0][0x9f][0xc1][0xd0][[0xc0]Z)[0xbe][0x5]?Q-[0xe4]':[0xc6][0x80][0x14][0xd6][0x94];d1Z[0x85]=M[0xae][0xe]Y$=?[0xff]b[0x84]-%[0x95][0xa6]Mpx[0x0][0xd7]W[0xa1][0x85][0x92][0xec][0x80][0xc7][0xab][0x16][0xc][0xfa][0xb6][0xd3][0x1f][0xd8][0x3][0xbb]^[0xc][0xff]f1[0xd7]j[0xe3]8P[0x9f],[0xfd]_O[0xb7][0xeb]iMQ[0xf9][0xbd][0x9a][0xbc][0xaa][0x9b]X[0x10][0x1c]X[0xd3][0xd7]H[0xc]qx[0x90][0x82][0x82][0x18][0xf1]<[0xbc][0xa8][0x92][0x81][0x8]o[0x1c][0x94]Gj"[0xff][0x4][0xb3][0x92][0x11][0xdd][0x8f][0xc7][0xb6]1[0xe3][0xd1][0x9f][0x86][0xc5]qI[0x83][0x7][0x99][0xcf][0x92][0xc]y[0x8a] [0xb3][0x82]2[0xec][0x1b][0xd6][0xfd][0xea][0xc6][0xc4][0xed][0xfa][0xfa]U[0xef]Lj[0x95]4[0xe6][0xd5][0x5]g[[0x97]^o[0x8d][0xda]o[0xae]v'%[0xa6][0xdc][0xad][0xf2][0xa6][0xc8]yAf[0xe2][0xf0][0x9c]Dnz~[0x99][0xa9]([0xaa]+L5[0x97](i[0xd9]T[0xad]j[0xcb][0xd2]}[0xed]k[0xd9][0x94][0xf6][0xec]h.[0xa9][0xad]&4-[0xb3][0xa4][0xe3][0x92][0xa4][0xca][0xf9]4[0xda]z/p1[0xb0][[0xde][0x4][0xe8][0x83]v[0xe3][0x82]c3I[0x11][0x85][0xf2][0x80]\[0xd9]R[0xf3][0xd2][0xc2]0R[0x1d]U[0xd7][0xd1][0xf7][0x19]&Dd[0x98][0xf3]2[0xc3]{[0xda][0x97][0xe2][0x19][0x87][0xf4]RA[0xb4]o[0x10]{[0xab]F[0xc8][0xee][0xe3][0xfa]2)k{s`vi[0x86]'[0x7]v[0xd8][0xb5][0xc6]>i[0x87][0xdc]m[0xb4][0x95][0xb9][0xe7][0xae][0xa3]B[0x1d][0xe5][0xea][0x12]O[0xde][0xa0][0xf9][0xf2]F[0xda]O[0xf5][0xb][0xb3]r[0x6][0x3][[0xa9]E[0xb9]U[0xe1][0x81]w[0xd3] [0xe5]//[0xac][0xe9]'[0xba]"<7[0xbb]^C[0xd0][0x8]q"4[0x99][0x82][0xd5][0x3][0xbf][0xbd]$ [0xe8][0xef][0xd7]w[0xb3][0xf][0xef][0xf5][0xd9][0x88][0xcf]X2[0xec][0xf7]W[0xab]U/I[0x1]?#8I[0xc0][0x1b][0xc8]d[0xaf][0xe7][0xd2][0xc8][0xaa][0xcb]/\^[0x1c][0xc1][0x18][0xe6][0xa3]y[0xbf][0xc0]7q[0x93][0xc9][0xbf][0x88][0x9f][0xac][0xff][0xb][0xc1][0x17]Y[0x9][0xb9].[0x0][0x0]"
19:35:07.953 [main] DEBUG org.apache.http.headers - http-outgoing-6 << HTTP/1.1 200 OK
19:35:07.953 [main] DEBUG org.apache.http.headers - http-outgoing-6 << Date: Wed, 14 May 2014 17:35:07 GMT
19:35:07.953 [main] DEBUG org.apache.http.headers - http-outgoing-6 << Server: Apache/2.4.6 (Ubuntu)
19:35:07.953 [main] DEBUG org.apache.http.headers - http-outgoing-6 << X-Powered-By: PHP/5.5.3-1ubuntu2.2
19:35:07.953 [main] DEBUG org.apache.http.headers - http-outgoing-6 << Expires: Thu, 19 Nov 1981 08:52:00 GMT
19:35:07.954 [main] DEBUG org.apache.http.headers - http-outgoing-6 << Cache-Control: no-store, no-cache, must-revalidate, post-check=0, pre-check=0
19:35:07.954 [main] DEBUG org.apache.http.headers - http-outgoing-6 << Pragma: no-cache
19:35:07.954 [main] DEBUG org.apache.http.headers - http-outgoing-6 << Vary: Accept-Encoding
19:35:07.954 [main] DEBUG org.apache.http.headers - http-outgoing-6 << Content-Encoding: gzip
19:35:07.954 [main] DEBUG org.apache.http.headers - http-outgoing-6 << Content-Length: 2617
19:35:07.954 [main] DEBUG org.apache.http.headers - http-outgoing-6 << Keep-Alive: timeout=5, max=100
19:35:07.954 [main] DEBUG org.apache.http.headers - http-outgoing-6 << Connection: Keep-Alive
19:35:07.954 [main] DEBUG org.apache.http.headers - http-outgoing-6 << Content-Type: text/html
19:35:07.954 [main] DEBUG o.a.h.impl.execchain.MainClientExec - Connection can be kept alive for 5000 MILLISECONDS
19:35:07.991 [main] DEBUG o.a.h.i.c.PoolingHttpClientConnectionManager - Connection [id: 6][route: {}->http://localhost:80] can be kept alive for 5.0 seconds
19:35:07.992 [main] DEBUG o.a.h.i.c.PoolingHttpClientConnectionManager - Connection released: [id: 6][route: {}->http://localhost:80][total kept alive: 1; route allocated: 1 of 6; total allocated: 1 of 20]
19:35:07.993 [main] DEBUG c.g.htmlunit.html.HtmlElement - Firing Event unload (Current Target: HTMLElement for HtmlHtml[<html>]);
19:35:07.993 [main] DEBUG c.g.htmlunit.WebWindowImpl - setEnclosedPage: HtmlPage(http://localhost/schoolmate/index.php)@28495819
19:35:07.994 [main] DEBUG c.g.htmlunit.WebWindowImpl - destroyChildren
19:35:08.155 [main] DEBUG c.g.htmlunit.html.HtmlScript - Script node added: <script language="JavaScript">
//<![CDATA[

  function logoutAdmin()
  {
	document.admin.logout.value=1;
	document.admin.submit();
  }

  function classes()
  {
	document.admin.page2.value=0;
	document.admin.submit();
  }

  function schoolInfo()
  {
	document.admin.page2.value=1;
	document.admin.submit();
  }

  function students()
  {
	document.admin.page2.value=2;
	document.admin.submit();
  }

  function teachers()
  {
	document.admin.page2.value=3;
	document.admin.submit();
  }

  function announcements()
  {
	document.admin.page2.value=4;
	document.admin.submit();
  }

  function semesters()
  {
	document.admin.page2.value=5;
	document.admin.submit();
  }

  function terms()
  {
	document.admin.page2.value=6;
	document.admin.submit();
  }

  function users()
  {
	document.admin.page2.value=10;
	document.admin.submit();
  }

  function parents()
  {
	document.admin.page2.value=22;
	document.admin.submit();
  }

  function register()
  {
	document.admin.page2.value=26;
	document.admin.submit();
  }

  function attendance()
  {
	document.admin.page2.value=30;
	document.admin.submit();
  }
 
//]]]]><![CDATA[>
</script>

19:35:08.254 [main] DEBUG c.g.htmlunit.html.HtmlScript - Script node added: <script language="JavaScript">
//<![CDATA[

  // Function to make sure the user wants to delete the term(s) //
  function validate()
  {
   if( document.terms.selectterm.value > 0 )
   {
	var confirmed = confirm("Deleteing a term will also delete the semesters, classes, bulletins, tardies, attendance, assignments, and registrations that occured during that term. \n \nAre you sure?");

	if( confirmed == true )
	{
	 document.terms.submit();
	}
   }
   else
   {
	alert('You must select a term to delete.');
   }
  }


  // Function to make sure only one checkbox has been selected //
  function checkboxes()
  {
   if( document.terms.selectterm.value == 1 )
   {
	document.terms.submit();
   }
   else
   {
	if( document.terms.selectterm.value > 1 )
	{
	 alert('You can only edit one term at a time.');
	}
	else
	{
	 alert('You must select a term to edit.');
	}
   }
  }


  // Function to keep track of how many checkboxes are checked //
  function updateboxes(row)
  {
   row = row + 2;
   if(document.terms.elements[row].checked)
   {
	document.terms.selectterm.value = Math.round(document.terms.selectterm.value) + 1;
   }
   else
   {
	document.terms.selectterm.value = Math.round(document.terms.selectterm.value) - 1;
   }
  }
 
//]]]]><![CDATA[>
</script>

19:35:08.319 [main] DEBUG n.s.j.h.HtmlUnitTestingEngineImpl - Window "" changed : "SchoolMate - School Name" became "SchoolMate - School Name
19:35:08.322 [main] DEBUG c.g.htmlunit.html.HtmlElement - Firing Event DOMContentLoaded (Current Target: HTMLElement for HtmlHtml[<html>]);
19:35:08.322 [main] DEBUG c.g.htmlunit.html.HtmlElement - Firing Event load (Current Target: HTMLElement for HtmlHtml[<html>]);
19:35:08.448 [main] DEBUG c.g.htmlunit.html.HtmlElement - Firing Event change (Current Target: HTMLElement for HtmlHiddenInput[<input type="hidden" name="page" value="1'> &lt;a href=www.google.com>evil link&lt;/a> &lt;br '">]);
19:35:08.537 [main] DEBUG c.g.htmlunit.html.HtmlElement - Firing Event mousedown (Current Target: HTMLElement for HtmlSubmitInput[<input type="submit">]);
19:35:08.538 [main] DEBUG c.g.htmlunit.html.HtmlElement - Firing Event focusin (Current Target: HTMLElement for HtmlSubmitInput[<input type="submit">]);
19:35:08.538 [main] DEBUG c.g.htmlunit.html.HtmlElement - Firing Event focus (Current Target: HTMLElement for HtmlSubmitInput[<input type="submit">]);
19:35:08.539 [main] DEBUG c.g.htmlunit.html.HtmlElement - Firing Event mouseup (Current Target: HTMLElement for HtmlSubmitInput[<input type="submit">]);
19:35:08.539 [main] DEBUG c.g.htmlunit.html.HtmlElement - Firing Event click (Current Target: HTMLElement for HtmlSubmitInput[<input type="submit">]);
19:35:08.540 [main] DEBUG c.g.htmlunit.html.HtmlElement - Firing Event submit (Current Target: HTMLElement for HtmlForm[<form name="terms" action="./index.php" method="POST">]);
19:35:08.541 [main] DEBUG c.g.htmlunit.WebClient - Load response for POST http://localhost/schoolmate/index.php
19:35:08.619 [main] DEBUG o.a.h.c.protocol.RequestAddCookies - CookieSpec selected: mine
19:35:08.620 [main] DEBUG o.a.h.c.protocol.RequestAddCookies - Cookie [version: 0][name: PHPSESSID][value: no2thjmm27itqgp2hf79142173][domain: localhost][path: /][expiry: null] match [localhost:80/schoolmate/index.php]
19:35:08.621 [main] DEBUG o.a.h.c.protocol.RequestAuthCache - Auth cache not set in the context
19:35:08.621 [main] DEBUG o.a.h.i.c.PoolingHttpClientConnectionManager - Connection request: [route: {}->http://localhost:80][total kept alive: 0; route allocated: 0 of 6; total allocated: 0 of 20]
19:35:08.621 [main] DEBUG o.a.h.i.c.PoolingHttpClientConnectionManager - Connection leased: [id: 7][route: {}->http://localhost:80][total kept alive: 0; route allocated: 1 of 6; total allocated: 1 of 20]
19:35:08.621 [main] DEBUG o.a.h.impl.execchain.MainClientExec - Opening connection {}->http://localhost:80
19:35:08.622 [main] DEBUG o.a.h.c.HttpClientConnectionManager - Connecting to localhost/127.0.0.1:80
19:35:08.623 [main] DEBUG o.a.h.impl.execchain.MainClientExec - Executing request POST /schoolmate/index.php HTTP/1.1
19:35:08.623 [main] DEBUG o.a.h.impl.execchain.MainClientExec - Target auth state: UNCHALLENGED
19:35:08.623 [main] DEBUG o.a.h.impl.execchain.MainClientExec - Proxy auth state: UNCHALLENGED
19:35:08.624 [main] DEBUG org.apache.http.headers - http-outgoing-7 >> POST /schoolmate/index.php HTTP/1.1
19:35:08.624 [main] DEBUG org.apache.http.headers - http-outgoing-7 >> Host: localhost
19:35:08.624 [main] DEBUG org.apache.http.headers - http-outgoing-7 >> User-Agent: Mozilla/5.0 (Windows NT 6.1; rv:24.0) Gecko/20100101 Firefox/24.0
19:35:08.624 [main] DEBUG org.apache.http.headers - http-outgoing-7 >> Accept: */*
19:35:08.624 [main] DEBUG org.apache.http.headers - http-outgoing-7 >> Referer: http://localhost/schoolmate/index.php
19:35:08.624 [main] DEBUG org.apache.http.headers - http-outgoing-7 >> Accept-Encoding: gzip, deflate
19:35:08.624 [main] DEBUG org.apache.http.headers - http-outgoing-7 >> Accept-Language: en-US
19:35:08.624 [main] DEBUG org.apache.http.headers - http-outgoing-7 >> Content-Length: 120
19:35:08.625 [main] DEBUG org.apache.http.headers - http-outgoing-7 >> Content-Type: application/x-www-form-urlencoded
19:35:08.625 [main] DEBUG org.apache.http.headers - http-outgoing-7 >> Connection: Keep-Alive
19:35:08.625 [main] DEBUG org.apache.http.headers - http-outgoing-7 >> Cookie: PHPSESSID=no2thjmm27itqgp2hf79142173
19:35:08.625 [main] DEBUG org.apache.http.wire - http-outgoing-7 >> "POST /schoolmate/index.php HTTP/1.1[\r][\n]"
19:35:08.625 [main] DEBUG org.apache.http.wire - http-outgoing-7 >> "Host: localhost[\r][\n]"
19:35:08.625 [main] DEBUG org.apache.http.wire - http-outgoing-7 >> "User-Agent: Mozilla/5.0 (Windows NT 6.1; rv:24.0) Gecko/20100101 Firefox/24.0[\r][\n]"
19:35:08.625 [main] DEBUG org.apache.http.wire - http-outgoing-7 >> "Accept: */*[\r][\n]"
19:35:08.625 [main] DEBUG org.apache.http.wire - http-outgoing-7 >> "Referer: http://localhost/schoolmate/index.php[\r][\n]"
19:35:08.625 [main] DEBUG org.apache.http.wire - http-outgoing-7 >> "Accept-Encoding: gzip, deflate[\r][\n]"
19:35:08.625 [main] DEBUG org.apache.http.wire - http-outgoing-7 >> "Accept-Language: en-US[\r][\n]"
19:35:08.625 [main] DEBUG org.apache.http.wire - http-outgoing-7 >> "Content-Length: 120[\r][\n]"
19:35:08.626 [main] DEBUG org.apache.http.wire - http-outgoing-7 >> "Content-Type: application/x-www-form-urlencoded[\r][\n]"
19:35:08.626 [main] DEBUG org.apache.http.wire - http-outgoing-7 >> "Connection: Keep-Alive[\r][\n]"
19:35:08.626 [main] DEBUG org.apache.http.wire - http-outgoing-7 >> "Cookie: PHPSESSID=no2thjmm27itqgp2hf79142173[\r][\n]"
19:35:08.626 [main] DEBUG org.apache.http.wire - http-outgoing-7 >> "[\r][\n]"
19:35:08.626 [main] DEBUG org.apache.http.wire - http-outgoing-7 >> "deleteterm=&selectterm=&page2=6&onpage=1&logout=&page=1%27%3E+%3Ca+href%3Dwww.google.com%3Eevil+link%3C%2Fa%3E+%3Cbr+%27"
19:35:08.637 [main] DEBUG org.apache.http.wire - http-outgoing-7 << "HTTP/1.1 200 OK[\r][\n]"
19:35:08.637 [main] DEBUG org.apache.http.wire - http-outgoing-7 << "Date: Wed, 14 May 2014 17:35:08 GMT[\r][\n]"
19:35:08.637 [main] DEBUG org.apache.http.wire - http-outgoing-7 << "Server: Apache/2.4.6 (Ubuntu)[\r][\n]"
19:35:08.638 [main] DEBUG org.apache.http.wire - http-outgoing-7 << "X-Powered-By: PHP/5.5.3-1ubuntu2.2[\r][\n]"
19:35:08.638 [main] DEBUG org.apache.http.wire - http-outgoing-7 << "Expires: Thu, 19 Nov 1981 08:52:00 GMT[\r][\n]"
19:35:08.638 [main] DEBUG org.apache.http.wire - http-outgoing-7 << "Cache-Control: no-store, no-cache, must-revalidate, post-check=0, pre-check=0[\r][\n]"
19:35:08.638 [main] DEBUG org.apache.http.wire - http-outgoing-7 << "Pragma: no-cache[\r][\n]"
19:35:08.638 [main] DEBUG org.apache.http.wire - http-outgoing-7 << "Vary: Accept-Encoding[\r][\n]"
19:35:08.638 [main] DEBUG org.apache.http.wire - http-outgoing-7 << "Content-Encoding: gzip[\r][\n]"
19:35:08.638 [main] DEBUG org.apache.http.wire - http-outgoing-7 << "Content-Length: 2645[\r][\n]"
19:35:08.638 [main] DEBUG org.apache.http.wire - http-outgoing-7 << "Keep-Alive: timeout=5, max=100[\r][\n]"
19:35:08.638 [main] DEBUG org.apache.http.wire - http-outgoing-7 << "Connection: Keep-Alive[\r][\n]"
19:35:08.638 [main] DEBUG org.apache.http.wire - http-outgoing-7 << "Content-Type: text/html[\r][\n]"
19:35:08.639 [main] DEBUG org.apache.http.wire - http-outgoing-7 << "[\r][\n]"
19:35:08.639 [main] DEBUG org.apache.http.wire - http-outgoing-7 << "[0x1f][0x8b][0x8][0x0][0x0][0x0][0x0][0x0][0x0][0x3][0xed]Zks[0xe3][0xb6][0x15][0xfd],[0xfd][\n]"
19:35:08.639 [main] DEBUG org.apache.http.wire - http-outgoing-7 << "[0x8c];-[0xbd][0xdb]X"[0xe5][0xb5][0xe3]H[0x96]2[0xb2][0xd7][0xdb][0xa6][0xbb][0xde][0xdd][0x89]7[0x1f]2i[0xa6][0x3][0x91][0x90][0xc8][0x98]$8$(Y[0xc9][0xe4][0xbf][0xf7][0xe2]E[0x82][0x14]%Q[0xf2]n[0xda][0xce][0xd4][0xf2]H"[0x1e][0x17][0x7][0x7][0x17][0xf7][0x1][0xe8][0xda]gQ8[0xe9][0xa2]k[0x9f]`[0x8f][0xb2][0x80][0x85]d[0xf2][0xe0][0xfa][0x94][0x86][0xf7][0x98][0x11]t[0x86][0xe4][0x3]z[0x8f]#r[0xdd][0x97][0xf5][0xd0]0c[0xeb][0x90] [0xb6]N[0xc8][0xf8][0x84][0x91]'[0xd6]w[0xb3][0xec]d[0xd2][0xed][0xa2][0xfe]Kt[0xf3][0xe1][0xf5][0x8f][0xe8]e[0xbf][0x8b]f[0xd4][w[0xd1]o][0x84]f[0xd8]}\[0xa4]4[0x8f][0xbd]3[0x97][0x86]4[0x1d][0xa2]?[0x9d][0x9f]_^~[0xf3][0xcd][0xa8][0x8b]~[0x97][0xbd][0xde]}[0xf7][0xfe][0xed][0x83][0xe8][0x86][0xa6][0xbd]9[0xa5][0x8c][0xa4][0xf0][0x95]wFhNcv6[0xc7]Q[0x10][0xae][0x87][0x8][0xa7][0x1][0xe]Gey[0x16][0xfc]J[0x86][0xc8][0xb1][0x13]f[0x14][0xae]H[0xb0][0xf0][0xd9][0x10][0xc5]4[0x8d]tk5r[0x16][0x84]K[0x92][0xca]"[0xe][0xfd][0xcc]#.M1[0xb]h<D[0x80][0x90][0xa4]a[0x10][0x13]^[0xcf][0x91][0x15]`[0x86]>]~)H[0xb3][0x10][0xf8][0x19]u;[0xad][0xe0]D$[0xce][0x5][0x8c]N[0x13][0x86][0x8e][0x9]`[0xc0][0x1]t*[0xa3][0xcf]h[0xe8]A[0x99]^[0x5]r[0xe9][0xe2]s[0xaf]i[0xe8][0x98]n[0x8c]jP[0xd0]8v}[0xfe][0x83][0xea][0xfc][0x1b][0x1][0xbc][0x81][0xbf][0x9b][0x9b]-[0xab]Q[0xc3][0x90][0xe0][0x5][0xa0][0x88][0xf4][0x1a]l[0x81][0xd0][0xb4][0x2][0xdb][0x16]@[0xa3][0xb8][0xb2][0xf9]K[0x14][0xb5][0x4]QU[0x87][0xcf][0x8]ez[0xcb]_[0xad][0xa0]d$$.#[0xde][0x97][0xe3][0xc5][0x16][0xcd]`[0x9a]t[0xb3][0x86][0xe8]?BR[0x13][0xae][0x80][0x91]([0xfb]/[0xe0]G[0xe0][0xf8]b[0xac]\[0xbc][0xe1][0xaf][0xb6]h[0xc0][0xe6]~[0x9a][0xde][0xbc][0xbb]SF[0x97][0xe1]YH[0xe4][0xde]n[0xb0][0xd6]o[0xc4]_[0xd1]W4[0xee][0xad]w6[0x97][0xbb][0xda]h[0xee][0xad]c[0x98][0xa6][0x1b][0x6][0x19][0xd3][0x93][0x9f][0xd1][0x14]`[0x15][0xdd].[0xae][0xf8]kd[0xd4][0xac][0x2][0x8f][0xf9]C[0xd4][0xb3][0xbf][0xbe][0xb8][0xbb]7+[0x84][0x3][0x2]cN[0xc3][0xc0][0x13][0xe5][0x9][0xf6][0xbc] ^[0x9c][0xa5][0x92][0x1e]'y[0xaa][0x14][0xcf](c4[0xda],[0xf][0xc9][0x1c]Z[0xdb][0xb5]RF[0x93][0xa2]P[0xce][0xc0][0xeb][0xcd][\n]"
19:35:08.644 [main] DEBUG org.apache.http.wire - http-outgoing-7 << "[0xd0];[0x9c]Y[0xd9]z[0xd9][0xaa][0xb9]Y[0x9b][0x92][0x84]`[0x0]#?[0xcf][0xd6][0xa6][0xb8][0xd5][0xe]i[0xf5][0xb5][0xf1]z8[0x8e][0xa1][0x85]K[0xc0]h[0x17]T[0xb][0x8d][0xc0]a[0xb0][0x0]e[0xf8]%[0xcf]X0_7[0x10]1[0xa8]3[0xa1][0xe8][0x1c][0x98]d[0xf4][0xa8][0xe7][0xed][0xc0]S[0xdf][0x9c]jP[0x17][0xc0]H[0xbf]+[0x85][0x90]%[0x89]wH[0xb9][0xb3][0xf9]k[0xaf][0x14][0x1e][0xb9][0x94][0x9b]i[0xaf]*[0x82][0xd2][0xff][0xfd]n[0xfa][0xfa][0xee]{[0xa5][0xf5][0xbe][0xa3][0xbb]V=[0x1a][0xb]"[0x92]mx[0xb4][0xc1][0xa0][0xd1][0xa3]K[0x97][0x86][0x9a][0xed][0xc2]v+[0xbe]sb[0xfe][0x0]\n[0x96][0x81][0x1d]m[0xf0][0xb7][0xcd][0xe8][0x9c][0xcb]=[0xe8][0x8e]B[0x2][0x8c][0xdd][0xfe][0xf0][0xf0][0xe9][0xc3]=[0xba]}7}x[0xd0][0xe6]B[0xa3][0x9b][0xd1][0xa7][0xbd]V[0xa0][0xd3][0xb8]g;[0xcd][[0xbc]S[0xb3][0x9]E[0x84][0xa2]4R[0xd8][0xc3][0xa7][0xda][0x1b]TGA[0xac]E9[0x17]e[0x91][0xaf]X[0xd0]e[0xaa][0xc9]9_[0x9d][0x8e][0xae][0x1c][0x88][0xa7][0xbd][0xe1][0x94][0xb0][0xc3][0x1d][0x93]*[0xbe]i[0xa0][0x88][0xdb][0xf3]yHW5[0xf]mp$9[0xfd][0x9f]`[0xea]H[0xa2][0x9a]4[0xa8][0x3][0xbc][0xb0][0xc0][0xc5][0xa1][0xae][0x88][0x2][0xcf][0xb]I[0x85]1[0x9c]3Z2[0xf6][0xc7][0x4][0xfe]r[0xac]5[0x9][0x1][0x1][0xc7][0xbd]}[0x8b][0x99][0xeb]?[0xb8][0xd8][0xc][0xa7][0xf5]0[0x87][0x5][0xd4][0xdd][0xeb][0xbe]X[0xe1][0x9]|[0xd1][0xa9]W[0xe6][0xa6]A[0xc2]P[0x88][0xe3]E[0xe]:3[0xb6][0xfe][0x81][0x97][0xf8]A[0x14]ZP[0x8f][0xe6]`[0xd0][0xb9] [0x14][0xd2][0x5][0xcd][0xd9][0xd4][0x83]5;}![0x91]{[0xd4][0xcd][0xb9][0xad][0xef]a^[0xda][0x93]-zK[0x1c][0xe6]d[0xec][0x8c]6[0xea][0xb3]|[0x16][0x5][0xec][0xf4]EAE![0xdb][\r]q[0x96][0x91]l[0x8b]\[0x1e][0xd5][\r][0x94]X[0xfb][0x10][0xb1][0x99][0xc8]![0xbf][0x8b][0xe7][0xb4][0x85][0xe4][0x83][0x0]g,[0xf7][0xa0]][0x1b][0xc4][0x83]C[0xe4]2[0x82]][0x9f][0xa4]m[0xe4][0x9e][0x1f]"[0xd7][0xf4][0xcc]m[0x84][0xbf]:[0x88][0xc][0x10][0x9b][0xb1]v[0xa8]/[0xe]c#[0x8d][0xda][0x8][0xbd]<Dh[0x9e][0xb5]C[0xea][0x1c][0xa4]j[0x9]N[0xdb][0xea][0xc3]A[\n]"
19:35:08.644 [main] DEBUG org.apache.http.wire - http-outgoing-7 << "[0x91][0x92]E[0xc0][0xb9]m#[0xf8] [0x1a]0c$[0xf6]0[0xe8]D[0x1b]][0xdb][0xcb][0x5][0x2][0xd3]"[0x8c][0x6]?[0x8c][0xb9][0xe6]'0[0x93]k[0x11]~[0x83]Q[0xe]C[0xe5][0x19][0xc6][0xb6]x[0xca][0x12][0xec][0xca]'[0xe9]I[0xe0][0x8b][0xb0][0xfa]c[0xcb][0xb1][0xed]?[HZ[0xfd][0xb1]ue[[0xe2]p([0x15][0xef][0x9e][0xb4][0x12]ckf[0xe9][0xe6][0xe0]$[0x84][0x8d][0xba][0xe][0xa2][0x5][0xca]Rwl[0xf5][0xfa]A[0x4][0xb8]3yb[0xd4][[0x4][0xf3]R[0xdc][0xd7][0x17][0x95][0x8e][0xa8][0xcf][0xc5][0xf6][0x99]W[0x97].$[0x1e][0x8e][0xfd][\n]"
19:35:08.645 [main] DEBUG org.apache.http.wire - http-outgoing-7 << "[0xa0][0xcb][0xae][0xa9][0xfc][0xa8][0x89]D[0xd7]^[0xb0][0xd4]E[0xa5][0xf][0xb0][0x90][0xf0]QcK:/kR9[0xf8][0x82].B[0x98][0x84][0xc9]?S[0xf5][0xc9][0xf1][0x15][0x13][0x90][0xe5]EiW[0xe3]o[0xa6][0xf5][\n]"
19:35:08.645 [main] DEBUG org.apache.http.wire - http-outgoing-7 << "[0x1e][\n]"
19:35:08.645 [main] DEBUG org.apache.http.wire - http-outgoing-7 << "[0xf4][0xd5]IU'\C[0xd6]m[0x9c][1[0xc8][0xb9]][0x8c][0xe1][0xd8][0x93]k[0x12]%[0xc][0x94]@#o[0xe8][0xe2][0xd8]F[0xe0]l[0xae][0x1d]Mx[0x80]#Vo[0xb7][0x9c]b[0xb8][0xad][0x82]Z[0x8][0xd9][0xb]F[0xe4]"M[0x82]$[0xed][0xdd][0x9d][0xbc][0x0]-h[0xa9][0x88][0x4]YJ[0x15]f[0xa9][0xfc][0x9c][0x83][0x1f]G[0x90][0x9e][0x82][0xdf][0x15][0xbb][\n]"
19:35:08.645 [main] DEBUG org.apache.http.wire - http-outgoing-7 << "[0xb4]AlO[0x1][0x0]R[0xe7][0xa7]^[0xe2]'[0x16][0x8a][0x8][0xf3])[0xa0][0xfa][0xf8][0xe1][0xe1][0x93][0xc5][0xd7][0x17][0xba]b=[0x14]?"[0x3]*R2[0x1f][[0xbf][0x80][0xf3][0x96][0xfb]pX[0xf1]~#[0xb][0xd1][0xf8][0x9e][0x82][0xed][0xe3][0x11][0xd0][0xf8]d[0x5][0xc2][0xe9][0xaa][0x97]1[0xcc]r[0x10]q[0x8f]c[0x98][0xac]>s[0xe5]] [0xbc][0xe0]8[0xac][0x11]X [0x96][0xa7]`[0x8b][0xd3][0x9c][0x8c]N[\n]"
19:35:08.645 [main] DEBUG org.apache.http.wire - http-outgoing-7 << ")9[0xdb][0x10]Ro[0xab]4[0xf9][0xba][0x8f][0x8b]9[0x17][0xf3][0xde][0xb]^[0x99][0xfe]v[0xb8]?[0xf1][0xc6][0xcf][0x82]*$[0x1c][0x87][0xd4][0xf0]~-Y[0xd6][0x1d][0x9e]G[0xae][0x96]r[0x1c][0xea]"[0xe2]j[0x87][0xf9]V6[0x16]b%[0xe3]8[0xbc][0xca]k[0xb7]C[0xfb]C[0xf6]\v[0x85][0x84]c5W[0x87]pm[0x95]W[0xb6][0xa6][0xfe]J!G[0xaa]p[0x11][0xcd][0xb6][0xd4]`[0xd5][0xfe]y[\n]"
19:35:08.646 [main] DEBUG org.apache.http.wire - http-outgoing-7 << "[0xac][0x84][0x1c][0x7][0xb9][0x8c][0x8b][0xf6]@[0xfe]^5,@C[0xbe][0x96]~[0x16]}[0x96][0x92]e[0x9a]u[0xdc]$[0xcc][0x18]l[0xcf]4[0xde][0x12][0x92][0xa0]i[0xd1][0xfe]Y[0xc0]K1[0xc7][0xc1].b[0xdd]v[0xda][0xf2]Q6[0x16]d%[0xe3]H[0x9a][0xab][0xc9]O;[0xd4]S[0xb3][0xd3][0xf3][0xe8]6%[0x1d]7[0x83]J[0xee][0xbd][0x7][0xff];[0xba]@[0x1f]rf[0x8d][0xe]@\[0x5][0xac]$[0x8][0xa8][0x2]_[0x10]'9[0x93][0xb7][0xae][0x96][0x1f]x[0xb0][0x8d],[0x15][0xb4][0x88]$[0xc1]B2K[0xb0].Ut[0xb3][0xbd][0xbd][0x9c][0xc8][0xde]f\l![0xd5][0xb1]&[0x9c]"[0xc1][0xca]j[0xb5][0xea]-(]@l[0xef][0xd2]hB[0x96]A[0x88][0xc2] ~[0xe4]X9[0xa7][0xc8][0x12]aj[0x9f][0x7]0[0x95][0xc0][0xf9][0x80][0x88][0xcf][0x88]=y[0xc4].NL[0x0]9[0x81]][0x93][0x9e][0xa9]P[0x99][0x1f][0xe8][0xb3][0x91]5[0xf9]K<[0xcb][0x92][0x91][0x8c][0xd3][0x1b][0xc6]ZY[\r][0xb1][0x9f][0xc][0xcd][[0x4][0xe0][0xce][0x96][0xbc]H<M[0xba][0x1d][0x11]uv[0xc4]x[0x95]Q[0xf6][0x9e][0xe9][0xf4][0xfb][0xe8]M[0x91]cS[0x14][0xe1]G[0x82][0xb2]<%[0x88][0xf9]DxZ[0xb4][0xc2][0xdc]RB[0x9d]G`[0xe2][0xb2][0x82][0x87]d[0xa7][0xd9][0xb][0xe8]m[0xe6][0x91]|d[0xf]3[0x9d]E[0xc2][0x4][0x83][0xf9])*rE[0x11][0xc7][0xa9][0xfb]9[0xfe]]&[0x94]h[0x82]l[0xc4];[0xf0][0xbc]s[0x89]S[0xe4][0xd2]x[0x1e][0xa4][0x11][0xf1][0xd0]X?=y-[0xc6][0x6]&[0x10][0x16][0x83][0x3][0x1b]a[0x8]IIV[0x81]U[0xc4]__[0xe9][0xa0][0xe6]+4[0xcb]C[0xa8][0xf]b[0xf8][0xca]p[0xea][0x5][0xbc][0xac]4[0xb6][0xf0]=[0xcb][0x80].[0xb1]![0xe1]![0xf6][0x94];[0x91][0xb6][0x1c][0xe6][0xed]c[0x86][0xa8][0xeb][0x2]%[0x1e][0xf2][0xf2][0x94]C[0x10]eb[0x6][0xe8][0x9f]1[0xfc]O[0x81][0xae]5[0xcd][0x5]o[0xdf][0x9e]@[0x16][0xdc][0xed][0xf0][0x89][0x1b][0x13][0x19][0x8b][0xfd][0x4][0xd3][0xec][0xc0]$7[0x18])[0xb2][0xe7][0xce][0xef][0x9c][0x7][0xf1]F[0xc2][0x8c](RpHRvj[0xfd][0x8]#Dy[0xc6][0x90]dP[0x13]Q,L[0xcf][0x12][0xf9][0xb7][0xe8][0xce][0xf][0xf8]v[0xac]-[0x8d][0xc3]5[0xbc]AR[0xeb][0x13][0xf7]qF[0x9f][0x90][0x8f]34#$F[0xfa][0xfa][0xb4][0xb6][0xb4][0xba]aq0[0xd7]rqa[0xe6]N[0xb1][0xba][[0xe7][0xdd]0[0xe9]v[0x9a][0xe3]hJ[\r][0x8e]\[0x1c][0xcb][0x9][0x12]/`b[0x96][0x82]',[0x18][0xb]"[0xc9][0x13]0[0xdd][0x11][0xa3][0xd5]{73[0xcc]E[0xe9]~[0xbb](~[0xe4][0xae][0x19]t[0xc7]}Dt[0x8e]|[0xba][0x2][0xd2][0xe3][0xb5][0xc1][0x1e][0x2][0xe7]%[0x1f]7([0xce][0x13][0xbe]w$[0xc7])][0x15]4[0xc3]w[0xd8][0x9][0xfc][0xfd][0xaf]h0R[0xc4][0xd7][0xa8][0x1][0xbc]B[0x83][0x82]f?[0xf7][0x94][0xfc]m[0xb4]o[0xac][0x11][0xba][0xc7][0xcc][0xef][0x9][0xdb]W[0x17]\o[0xfc][0x2]@8[0x8d][0xb][0xf6]yG93F[0xa9][0x9f]([0xf9][0xce][0xc4]L[0xf6][0xae][0xfb]P[0xd0]5[0xbc][0xa8][0xb2][0xaa][0xd5][0x13][0xb]m>_][0xd8]V[0xc5][0xce]Z[0xea]Y[Z[0xfe][0xac][0xc][0xb2]U=t[0xe2][0xef]F[0x92].[0xa0][0xb7]K[0xd2]k[0xe]n[0x96]3[0x6][0xf9][0xb4]vjS[0xcf][0xe3]n[0xfc]6[0xc][0xdc][0xc7][0xb1]U[0xa3][0xc6]<z[0xbb][0x1a]m[0xdb]A{[0xc7][0xb8][0x3][0x5]n7[0x88]3[0x18][0x99][0x9b]}[0xbf]hi[0x9a][0xb7][0xb][0x97][0xd6][0xa9]\[0xdc][0xb1]3*[0x1d][0x85][0x12]_F@[0xc6]i[0x9b][0xb9]B[0xf5][0xd5]+V[0xeb][0xca][0xd2][0xe][0xd6][0xb8][0xdb][0xd7][0xde]5[0xd5]u[0xf2][0x8a]V[0x17]{[0x85][0xaf][0x96]^[0x1a][0x8a]|[0x91][0xf6][0xeb][0x9f][0x98][0xf9]E[0xe9][0x3][0xf8][0xc][0x86]^[0x3][0xd6]J[0xf1][0x1d][0xf8][0x89]j!?[0xfe]1[0x6][0xa4][0xb0][0xa6][0xdc]![0x8b][0xd1]*[0xec]iru|#[0xe9][0xf9][0xe9]g#[0xc6])[0xa9]4m[0x82][0xc3][0xa3][0xbd][0xbe][\n]"
19:35:08.646 [main] DEBUG org.apache.http.wire - http-outgoing-7 << "-[0x94]d[0x7]<^[0xb5]`[0xd0][0xb7][0x9d][0xfe][0xc0][0x1e][0xd8][0xf5]b[0xf8]7[0x8b][0xb9]V[0x1b]g[0x87][0xfa][0x18][0xea][0xff]z[0xba]]Ok[0x8a][0xca]/[0xe1][0xe4][0xbd][0xde][0xd8][0x82][0xe0][0xc0][0x9a][0xbc]Db[0x88][0xc3][0x83][0x14][0x14][0xc4][0x88]'[0xed]E[0x95][0xc]Dx[0xe3][0xa0]<[0x13][0xc9]*[0x98][0x95][0x8c][0xe8]~<[0xb6][0x8d][0x19][0x8f][0xfe]4,[0x8e]K[0x1a]<H[0x93][0x16]dX[0x4][0xcb]F[0xd8]7[0xac][0xfb][0xd5][0x8d][0x89][0xdb][0xf5][0xf5][0xab]^[0xb0][0xd4]*i[0xcc][0xab][0xb][0xce][0xb6].[0xbd][0xde][0x1a][0xb5][0x1f]h[0xed][0xce]`[0xfe]F[0xb9][[0xe5]M[0x91][0xf3][0x8c]4[0xc6][0xe1]I[0x81][0xdc][0xf4][0xfc][0xe6]SQTW[0x98]j[0xe2]Q[0xd2][0xb2][0xa9]Z[0xd5][0x96][0xa5][0xfb][0xda][0xd7][0xb2])G[0xda][0xd1]\Rkf?[0xbb][0xdb][0x1b])[0xd5][0x1f][0x90]QUN[0xbe][0xd1][0xd6][0x1b][0x87][0x8b][0x81][0xdd][0xf2][0x8e]A[0x1f][0xe1][0x1b]W'[0x9b][0x19][0x8d]([0x94]G[0xef][0xca][0xf0][0x9a][0xd7]![0x86]E[0xeb][0xa8][0xba][0x8e][0xbe])1!"[0xc3][0xf6][0x97][0xe9][0xe0]r_>h[0x1c][0xff]Km[0xd2][0x8e]Dl[0xc4][0x1a]![0xbb]/[0x2][0xca][0xc][0xae][0xed][0x9d][0x84][0xd9][0xa5][0x19][0x9e][0xfc][0x85][0xd9]a[0x17]&[0xfb][0xa4][0x1d]rk[0xd2]V[0xe6][0x9e][[0x94][\n]"
19:35:08.646 [main] DEBUG org.apache.http.wire - http-outgoing-7 << "u[0x94][0xab]K<~[0x85]f[0x8b][il[0xd5]o[0xd7][0xca][0x19][0xc]l[0xa5][0x16][0xe5][0xbe][0x86][0x7][0xde]M[0x83][0x94][0xbf][0xe9][0xb0]&[0x1f][0xe9][0x8a][0xf0]D[0xee]f[\r][0x11]&[0x4][0x95][0xd0]d[0x2][0xda][0xf]N~A@[0xd0][0xbf]n[0xde]M[0xdf][0xbf][0xd5][0xa7].>c[0xc9][0xb0][0xdf][0xe7][0xbb]"I[0x1]?#8I[0xc0]u[0xc8][0xcc][0x90]o[0x11][0xab].[0xbf][0xfc][0xd9]zq[0xb8]c[0xd8][0x9a][0xe6][0xfd][0x2][0xdf][0xc4][0x1d])[0xff]"~[0xc][0xff]o[0xb8]X[0xc3]D[0x13]/[0x0][0x0]"
19:35:08.650 [main] DEBUG org.apache.http.headers - http-outgoing-7 << HTTP/1.1 200 OK
19:35:08.660 [main] DEBUG org.apache.http.headers - http-outgoing-7 << Date: Wed, 14 May 2014 17:35:08 GMT
19:35:08.660 [main] DEBUG org.apache.http.headers - http-outgoing-7 << Server: Apache/2.4.6 (Ubuntu)
19:35:08.660 [main] DEBUG org.apache.http.headers - http-outgoing-7 << X-Powered-By: PHP/5.5.3-1ubuntu2.2
19:35:08.660 [main] DEBUG org.apache.http.headers - http-outgoing-7 << Expires: Thu, 19 Nov 1981 08:52:00 GMT
19:35:08.660 [main] DEBUG org.apache.http.headers - http-outgoing-7 << Cache-Control: no-store, no-cache, must-revalidate, post-check=0, pre-check=0
19:35:08.661 [main] DEBUG org.apache.http.headers - http-outgoing-7 << Pragma: no-cache
19:35:08.661 [main] DEBUG org.apache.http.headers - http-outgoing-7 << Vary: Accept-Encoding
19:35:08.661 [main] DEBUG org.apache.http.headers - http-outgoing-7 << Content-Encoding: gzip
19:35:08.661 [main] DEBUG org.apache.http.headers - http-outgoing-7 << Content-Length: 2645
19:35:08.661 [main] DEBUG org.apache.http.headers - http-outgoing-7 << Keep-Alive: timeout=5, max=100
19:35:08.661 [main] DEBUG org.apache.http.headers - http-outgoing-7 << Connection: Keep-Alive
19:35:08.661 [main] DEBUG org.apache.http.headers - http-outgoing-7 << Content-Type: text/html
19:35:08.662 [main] DEBUG o.a.h.impl.execchain.MainClientExec - Connection can be kept alive for 5000 MILLISECONDS
19:35:08.720 [main] DEBUG o.a.h.i.c.PoolingHttpClientConnectionManager - Connection [id: 7][route: {}->http://localhost:80] can be kept alive for 5.0 seconds
19:35:08.720 [main] DEBUG o.a.h.i.c.PoolingHttpClientConnectionManager - Connection released: [id: 7][route: {}->http://localhost:80][total kept alive: 1; route allocated: 1 of 6; total allocated: 1 of 20]
19:35:08.722 [main] DEBUG c.g.htmlunit.html.HtmlElement - Firing Event unload (Current Target: HTMLElement for HtmlHtml[<html>]);
19:35:08.722 [main] DEBUG c.g.htmlunit.WebWindowImpl - setEnclosedPage: HtmlPage(http://localhost/schoolmate/index.php)@10178530
19:35:08.722 [main] DEBUG c.g.htmlunit.WebWindowImpl - destroyChildren
19:35:09.039 [main] DEBUG c.g.htmlunit.html.HtmlScript - Script node added: <script language="JavaScript">
//<![CDATA[

  function logoutAdmin()
  {
	document.admin.logout.value=1;
	document.admin.submit();
  }

  function classes()
  {
	document.admin.page2.value=0;
	document.admin.submit();
  }

  function schoolInfo()
  {
	document.admin.page2.value=1;
	document.admin.submit();
  }

  function students()
  {
	document.admin.page2.value=2;
	document.admin.submit();
  }

  function teachers()
  {
	document.admin.page2.value=3;
	document.admin.submit();
  }

  function announcements()
  {
	document.admin.page2.value=4;
	document.admin.submit();
  }

  function semesters()
  {
	document.admin.page2.value=5;
	document.admin.submit();
  }

  function terms()
  {
	document.admin.page2.value=6;
	document.admin.submit();
  }

  function users()
  {
	document.admin.page2.value=10;
	document.admin.submit();
  }

  function parents()
  {
	document.admin.page2.value=22;
	document.admin.submit();
  }

  function register()
  {
	document.admin.page2.value=26;
	document.admin.submit();
  }

  function attendance()
  {
	document.admin.page2.value=30;
	document.admin.submit();
  }
 
//]]]]><![CDATA[>
</script>

19:35:09.338 [Finalizer] DEBUG o.a.h.i.c.PoolingHttpClientConnectionManager - Connection manager is shutting down
19:35:09.378 [Finalizer] DEBUG o.a.h.i.c.DefaultManagedHttpClientConnection - http-outgoing-2: Close connection
19:35:09.444 [Finalizer] DEBUG o.a.h.i.c.DefaultManagedHttpClientConnection - http-outgoing-2: Close connection
19:35:09.445 [Finalizer] DEBUG o.a.h.i.c.PoolingHttpClientConnectionManager - Connection manager shut down
19:35:09.450 [main] DEBUG c.g.htmlunit.html.HtmlScript - Script node added: <script language="JavaScript">
//<![CDATA[

  // Function to make sure the user wants to delete the term(s) //
  function validate()
  {
   if( document.terms.selectterm.value > 0 )
   {
	var confirmed = confirm("Deleteing a term will also delete the semesters, classes, bulletins, tardies, attendance, assignments, and registrations that occured during that term. \n \nAre you sure?");

	if( confirmed == true )
	{
	 document.terms.submit();
	}
   }
   else
   {
	alert('You must select a term to delete.');
   }
  }


  // Function to make sure only one checkbox has been selected //
  function checkboxes()
  {
   if( document.terms.selectterm.value == 1 )
   {
	document.terms.submit();
   }
   else
   {
	if( document.terms.selectterm.value > 1 )
	{
	 alert('You can only edit one term at a time.');
	}
	else
	{
	 alert('You must select a term to edit.');
	}
   }
  }


  // Function to keep track of how many checkboxes are checked //
  function updateboxes(row)
  {
   row = row + 2;
   if(document.terms.elements[row].checked)
   {
	document.terms.selectterm.value = Math.round(document.terms.selectterm.value) + 1;
   }
   else
   {
	document.terms.selectterm.value = Math.round(document.terms.selectterm.value) - 1;
   }
  }
 
//]]]]><![CDATA[>
</script>

19:35:09.480 [Finalizer] DEBUG o.a.h.i.c.PoolingHttpClientConnectionManager - Connection manager is shutting down
19:35:09.480 [Finalizer] DEBUG o.a.h.i.c.DefaultManagedHttpClientConnection - http-outgoing-4: Close connection
19:35:09.512 [Finalizer] DEBUG o.a.h.i.c.DefaultManagedHttpClientConnection - http-outgoing-4: Close connection
19:35:09.512 [Finalizer] DEBUG o.a.h.i.c.PoolingHttpClientConnectionManager - Connection manager shut down
19:35:09.514 [Finalizer] DEBUG o.a.h.i.c.PoolingHttpClientConnectionManager - Connection manager is shutting down
19:35:09.514 [Finalizer] DEBUG o.a.h.i.c.DefaultManagedHttpClientConnection - http-outgoing-5: Close connection
19:35:09.538 [Finalizer] DEBUG o.a.h.i.c.DefaultManagedHttpClientConnection - http-outgoing-5: Close connection
19:35:09.538 [Finalizer] DEBUG o.a.h.i.c.PoolingHttpClientConnectionManager - Connection manager shut down
19:35:09.618 [Finalizer] DEBUG o.a.h.i.c.PoolingHttpClientConnectionManager - Connection manager is shutting down
19:35:09.618 [Finalizer] DEBUG o.a.h.i.c.DefaultManagedHttpClientConnection - http-outgoing-6: Close connection
19:35:09.634 [Finalizer] DEBUG o.a.h.i.c.DefaultManagedHttpClientConnection - http-outgoing-6: Close connection
19:35:09.634 [Finalizer] DEBUG o.a.h.i.c.PoolingHttpClientConnectionManager - Connection manager shut down
19:35:09.649 [Finalizer] DEBUG o.a.h.i.c.PoolingHttpClientConnectionManager - Connection manager is shutting down
19:35:09.650 [Finalizer] DEBUG o.a.h.i.c.DefaultManagedHttpClientConnection - http-outgoing-1: Close connection
19:35:09.677 [Finalizer] DEBUG o.a.h.i.c.DefaultManagedHttpClientConnection - http-outgoing-1: Close connection
19:35:09.677 [Finalizer] DEBUG o.a.h.i.c.PoolingHttpClientConnectionManager - Connection manager shut down
19:35:09.698 [main] DEBUG n.s.j.h.HtmlUnitTestingEngineImpl - Window "" changed : "SchoolMate - School Name" became "SchoolMate - School Name
19:35:09.698 [main] DEBUG c.g.htmlunit.html.HtmlElement - Firing Event DOMContentLoaded (Current Target: HTMLElement for HtmlHtml[<html>]);
19:35:09.699 [main] DEBUG c.g.htmlunit.html.HtmlElement - Firing Event load (Current Target: HTMLElement for HtmlHtml[<html>]);
]]></system-out>
  <system-err><![CDATA[]]></system-err>
</testsuite>
